\BOOKMARK [0][-]{chapter.1}{INTRODUCCI\323N}{}% 1
\BOOKMARK [1][-]{section.1.1}{Objetivo general del proyecto}{chapter.1}% 2
\BOOKMARK [1][-]{section.1.2}{Objetivos del manual}{chapter.1}% 3
\BOOKMARK [1][-]{section.1.3}{Sobre profesional para el ingreso de datos}{chapter.1}% 4
\BOOKMARK [0][-]{chapter.2}{INFORMACI\323N GENERAL BIT\301CORAS}{}% 5
\BOOKMARK [1][-]{section.2.1}{Bitacoreros}{chapter.2}% 6
\BOOKMARK [1][-]{section.2.2}{De la embarcaci\363n}{chapter.2}% 7
\BOOKMARK [1][-]{section.2.3}{Del viaje}{chapter.2}% 8
\BOOKMARK [1][-]{section.2.4}{Del lance}{chapter.2}% 9
\BOOKMARK [0][-]{chapter.3}{BIT\301CORAS DE PESCA}{}% 10
\BOOKMARK [1][-]{section.3.1}{Pasos para acceder al sistema IMARSIS}{chapter.3}% 11
\BOOKMARK [1][-]{section.3.2}{Partes de una ficha bit\341cora}{chapter.3}% 12
\BOOKMARK [2][-]{subsection.3.2.1}{\315conos del sistema}{section.3.2}% 13
\BOOKMARK [2][-]{subsection.3.2.2}{Divisi\363n del interfas en el IMARSIS}{section.3.2}% 14
\BOOKMARK [1][-]{section.3.3}{Descripci\363n primera secci\363n }{chapter.3}% 15
\BOOKMARK [2][-]{subsection.3.3.1}{B\372squeda de viajes}{section.3.3}% 16
\BOOKMARK [1][-]{section.3.4}{Descripci\363n segunda secci\363n}{chapter.3}% 17
\BOOKMARK [1][-]{section.3.5}{Descripci\363n tercera secci\363n }{chapter.3}% 18
\BOOKMARK [1][-]{section.3.6}{Descripci\363n cuarta secci\363n }{chapter.3}% 19
\BOOKMARK [2][-]{subsection.3.6.1}{Equipo}{section.3.6}% 20
\BOOKMARK [2][-]{subsection.3.6.2}{Avistamiento depredadores}{section.3.6}% 21
\BOOKMARK [2][-]{subsection.3.6.3}{Cala}{section.3.6}% 22
\BOOKMARK [2][-]{subsection.3.6.4}{Composici\363n}{section.3.6}% 23
\BOOKMARK [2][-]{subsection.3.6.5}{Interacci\363n depredadores}{section.3.6}% 24
\BOOKMARK [2][-]{subsection.3.6.6}{Fotos}{section.3.6}% 25
\BOOKMARK [2][-]{subsection.3.6.7}{Pesca ofrecida}{section.3.6}% 26
\BOOKMARK [0][-]{chapter.4}{ BIT\301CORAS ANTIGUAS Y NUEVAS}{}% 27
\BOOKMARK [1][-]{section.4.1}{Formato bit\341coras antiguas y nuevas}{chapter.4}% 28
\BOOKMARK [0][-]{chapter.5}{CONSIDERACIONES}{}% 29
\BOOKMARK [1][-]{section.5.1}{Errores frecuente}{chapter.5}% 30
\BOOKMARK [1][-]{section.5.2}{Casos especieales}{chapter.5}% 31
\BOOKMARK [1][-]{section.5.3}{Recomendaciones}{chapter.5}% 32
\BOOKMARK [1][-]{section.5.4}{Glosario de t\351rminos}{chapter.5}% 33
\BOOKMARK [0][-]{chapter.6}{REFERENCIAS}{}% 34
