\BOOKMARK [0][-]{chapter.1}{Introducci\363n}{}% 1
\BOOKMARK [1][-]{section.1.1}{Objetivo general del proyecto}{chapter.1}% 2
\BOOKMARK [1][-]{section.1.2}{Objetivos del manual}{chapter.1}% 3
\BOOKMARK [1][-]{section.1.3}{Responsabilidades del digitador}{chapter.1}% 4
\BOOKMARK [0][-]{chapter.2}{Actividades en la digitaci\363n}{}% 5
\BOOKMARK [1][-]{section.2.1}{Modo de operaci\363n}{chapter.2}% 6
\BOOKMARK [0][-]{chapter.3}{OPEMAR}{}% 7
\BOOKMARK [1][-]{section.3.1}{\277C\363mo ingresar al OPEMAR?}{chapter.3}% 8
\BOOKMARK [0][-]{chapter.4}{ Partes de una ficha de OPEMAR en el IMARSIS}{}% 9
\BOOKMARK [1][-]{section.4.1}{ \315conos del sistema}{chapter.4}% 10
\BOOKMARK [1][-]{section.4.2}{Tecnolog\355a de Pesca}{chapter.4}% 11
\BOOKMARK [2][-]{subsection.4.2.1}{ Partes de la casilla Tecnolog\355a de Pesca}{section.4.2}% 12
\BOOKMARK [1][-]{section.4.3}{Partes de la casilla Biolog\355a - Pel\341gico}{chapter.4}% 13
\BOOKMARK [2][-]{subsection.4.3.1}{Casilla biol\363gica:}{section.4.3}% 14
\BOOKMARK [0][-]{chapter.5}{Partes de la ficha: Formulario de Muestreo Capturas a Bordo}{}% 15
\BOOKMARK [1][-]{section.5.1}{Identificaci\363n de la muestra}{chapter.5}% 16
\BOOKMARK [1][-]{section.5.2}{Artes de Pesca}{chapter.5}% 17
\BOOKMARK [1][-]{section.5.3}{Profundidad y ubicaci\363n del lance}{chapter.5}% 18
\BOOKMARK [1][-]{section.5.4}{Caracter\355sticas del card\372men}{chapter.5}% 19
\BOOKMARK [1][-]{section.5.5}{Capturas, pesos y mediciones}{chapter.5}% 20
\BOOKMARK [1][-]{section.5.6}{Mediciones}{chapter.5}% 21
\BOOKMARK [1][-]{section.5.7}{Peso muestra, medida \(gr\)}{chapter.5}% 22
\BOOKMARK [1][-]{section.5.8}{Para otras especies}{chapter.5}% 23
\BOOKMARK [0][-]{chapter.6}{\277C\363mo ingresar una ficha de OPEMAR?}{}% 24
\BOOKMARK [1][-]{section.6.1}{Verificaci\363n de instalaci\363n.}{chapter.6}% 25
\BOOKMARK [1][-]{section.6.2}{B\372squeda del crucero}{chapter.6}% 26
\BOOKMARK [0][-]{chapter.7}{Casos presentados en la digitaci\363n de fichas-OPEMAR}{}% 27
\BOOKMARK [0][-]{chapter.8}{Validaci\363n de cruceros}{}% 28
\BOOKMARK [1][-]{section.8.1}{Validaci\363n en sector: Tecnol\363gico}{chapter.8}% 29
\BOOKMARK [1][-]{section.8.2}{Validaci\363n en sector: Biol\363gico}{chapter.8}% 30
\BOOKMARK [0][-]{appendix.Alph1}{Ap\351ndice X}{}% 31
\BOOKMARK [0][-]{appendix.Alph2}{Ap\351ndice Y}{}% 32
