This is pdfTeX, Version 3.1415926-2.3-1.40.12 (MiKTeX 2.9) (preloaded format=pdflatex 2014.7.16)  5 AUG 2017 21:24
entering extended mode
**Manual_OPEMAR.tex
(C:\Users\Karla\Desktop\Repositorio\IMARSIS\Manual_OPEMAR\Manual_OPEMAR.tex
LaTeX2e <2011/06/27>
Babel <v3.8m> and hyphenation patterns for english, afrikaans, ancientgreek, ar
abic, armenian, assamese, basque, bengali, bokmal, bulgarian, catalan, coptic, 
croatian, czech, danish, dutch, esperanto, estonian, farsi, finnish, french, ga
lician, german, german-x-2009-06-19, greek, gujarati, hindi, hungarian, iceland
ic, indonesian, interlingua, irish, italian, kannada, kurmanji, lao, latin, lat
vian, lithuanian, malayalam, marathi, mongolian, mongolianlmc, monogreek, ngerm
an, ngerman-x-2009-06-19, nynorsk, oriya, panjabi, pinyin, polish, portuguese, 
romanian, russian, sanskrit, serbian, slovak, slovenian, spanish, swedish, swis
sgerman, tamil, telugu, turkish, turkmen, ukenglish, ukrainian, uppersorbian, u
senglishmax, welsh, loaded.
("D:\MiKTeX 2.9\tex\latex\base\book.cls"
Document Class: book 2007/10/19 v1.4h Standard LaTeX document class
("D:\MiKTeX 2.9\tex\latex\base\bk11.clo"
File: bk11.clo 2007/10/19 v1.4h Standard LaTeX file (size option)
)
\c@part=\count79
\c@chapter=\count80
\c@section=\count81
\c@subsection=\count82
\c@subsubsection=\count83
\c@paragraph=\count84
\c@subparagraph=\count85
\c@figure=\count86
\c@table=\count87
\abovecaptionskip=\skip41
\belowcaptionskip=\skip42
\bibindent=\dimen102
)
("D:\MiKTeX 2.9\tex\generic\babel\babel.sty"
Package: babel 2008/07/08 v3.8m The Babel package

*************************************
* Local config file bblopts.cfg used
*
("D:\MiKTeX 2.9\tex\latex\00miktex\bblopts.cfg"
File: bblopts.cfg 2006/07/31 v1.0 MiKTeX 'babel' configuration
)
("D:\MiKTeX 2.9\tex\generic\babel\spanish.ldf"
Language: spanish.ldf 2009/01/02 v5.0h Spanish support from the babel system

("D:\MiKTeX 2.9\tex\generic\babel\babel.def"
File: babel.def 2008/07/08 v3.8m Babel common definitions
\babel@savecnt=\count88
\U@D=\dimen103
)
\es@datefmt=\count89
\es@quottoks=\toks14
\es@quotdepth=\count90
Package babel Info: Making " an active character on input line 492.
Package babel Info: Making . an active character on input line 585.
Package babel Info: Making < an active character on input line 630.
Package babel Info: Making > an active character on input line 630.
))
("D:\MiKTeX 2.9\tex\latex\base\inputenc.sty"
Package: inputenc 2008/03/30 v1.1d Input encoding file
\inpenc@prehook=\toks15
\inpenc@posthook=\toks16

("D:\MiKTeX 2.9\tex\latex\base\utf8.def"
File: utf8.def 2008/04/05 v1.1m UTF-8 support for inputenc
Now handling font encoding OML ...
... no UTF-8 mapping file for font encoding OML
Now handling font encoding T1 ...
... processing UTF-8 mapping file for font encoding T1

("D:\MiKTeX 2.9\tex\latex\base\t1enc.dfu"
File: t1enc.dfu 2008/04/05 v1.1m UTF-8 support for inputenc
   defining Unicode char U+00A1 (decimal 161)
   defining Unicode char U+00A3 (decimal 163)
   defining Unicode char U+00AB (decimal 171)
   defining Unicode char U+00BB (decimal 187)
   defining Unicode char U+00BF (decimal 191)
   defining Unicode char U+00C0 (decimal 192)
   defining Unicode char U+00C1 (decimal 193)
   defining Unicode char U+00C2 (decimal 194)
   defining Unicode char U+00C3 (decimal 195)
   defining Unicode char U+00C4 (decimal 196)
   defining Unicode char U+00C5 (decimal 197)
   defining Unicode char U+00C6 (decimal 198)
   defining Unicode char U+00C7 (decimal 199)
   defining Unicode char U+00C8 (decimal 200)
   defining Unicode char U+00C9 (decimal 201)
   defining Unicode char U+00CA (decimal 202)
   defining Unicode char U+00CB (decimal 203)
   defining Unicode char U+00CC (decimal 204)
   defining Unicode char U+00CD (decimal 205)
   defining Unicode char U+00CE (decimal 206)
   defining Unicode char U+00CF (decimal 207)
   defining Unicode char U+00D0 (decimal 208)
   defining Unicode char U+00D1 (decimal 209)
   defining Unicode char U+00D2 (decimal 210)
   defining Unicode char U+00D3 (decimal 211)
   defining Unicode char U+00D4 (decimal 212)
   defining Unicode char U+00D5 (decimal 213)
   defining Unicode char U+00D6 (decimal 214)
   defining Unicode char U+00D8 (decimal 216)
   defining Unicode char U+00D9 (decimal 217)
   defining Unicode char U+00DA (decimal 218)
   defining Unicode char U+00DB (decimal 219)
   defining Unicode char U+00DC (decimal 220)
   defining Unicode char U+00DD (decimal 221)
   defining Unicode char U+00DE (decimal 222)
   defining Unicode char U+00DF (decimal 223)
   defining Unicode char U+00E0 (decimal 224)
   defining Unicode char U+00E1 (decimal 225)
   defining Unicode char U+00E2 (decimal 226)
   defining Unicode char U+00E3 (decimal 227)
   defining Unicode char U+00E4 (decimal 228)
   defining Unicode char U+00E5 (decimal 229)
   defining Unicode char U+00E6 (decimal 230)
   defining Unicode char U+00E7 (decimal 231)
   defining Unicode char U+00E8 (decimal 232)
   defining Unicode char U+00E9 (decimal 233)
   defining Unicode char U+00EA (decimal 234)
   defining Unicode char U+00EB (decimal 235)
   defining Unicode char U+00EC (decimal 236)
   defining Unicode char U+00ED (decimal 237)
   defining Unicode char U+00EE (decimal 238)
   defining Unicode char U+00EF (decimal 239)
   defining Unicode char U+00F0 (decimal 240)
   defining Unicode char U+00F1 (decimal 241)
   defining Unicode char U+00F2 (decimal 242)
   defining Unicode char U+00F3 (decimal 243)
   defining Unicode char U+00F4 (decimal 244)
   defining Unicode char U+00F5 (decimal 245)
   defining Unicode char U+00F6 (decimal 246)
   defining Unicode char U+00F8 (decimal 248)
   defining Unicode char U+00F9 (decimal 249)
   defining Unicode char U+00FA (decimal 250)
   defining Unicode char U+00FB (decimal 251)
   defining Unicode char U+00FC (decimal 252)
   defining Unicode char U+00FD (decimal 253)
   defining Unicode char U+00FE (decimal 254)
   defining Unicode char U+00FF (decimal 255)
   defining Unicode char U+0102 (decimal 258)
   defining Unicode char U+0103 (decimal 259)
   defining Unicode char U+0104 (decimal 260)
   defining Unicode char U+0105 (decimal 261)
   defining Unicode char U+0106 (decimal 262)
   defining Unicode char U+0107 (decimal 263)
   defining Unicode char U+010C (decimal 268)
   defining Unicode char U+010D (decimal 269)
   defining Unicode char U+010E (decimal 270)
   defining Unicode char U+010F (decimal 271)
   defining Unicode char U+0110 (decimal 272)
   defining Unicode char U+0111 (decimal 273)
   defining Unicode char U+0118 (decimal 280)
   defining Unicode char U+0119 (decimal 281)
   defining Unicode char U+011A (decimal 282)
   defining Unicode char U+011B (decimal 283)
   defining Unicode char U+011E (decimal 286)
   defining Unicode char U+011F (decimal 287)
   defining Unicode char U+0130 (decimal 304)
   defining Unicode char U+0131 (decimal 305)
   defining Unicode char U+0132 (decimal 306)
   defining Unicode char U+0133 (decimal 307)
   defining Unicode char U+0139 (decimal 313)
   defining Unicode char U+013A (decimal 314)
   defining Unicode char U+013D (decimal 317)
   defining Unicode char U+013E (decimal 318)
   defining Unicode char U+0141 (decimal 321)
   defining Unicode char U+0142 (decimal 322)
   defining Unicode char U+0143 (decimal 323)
   defining Unicode char U+0144 (decimal 324)
   defining Unicode char U+0147 (decimal 327)
   defining Unicode char U+0148 (decimal 328)
   defining Unicode char U+014A (decimal 330)
   defining Unicode char U+014B (decimal 331)
   defining Unicode char U+0150 (decimal 336)
   defining Unicode char U+0151 (decimal 337)
   defining Unicode char U+0152 (decimal 338)
   defining Unicode char U+0153 (decimal 339)
   defining Unicode char U+0154 (decimal 340)
   defining Unicode char U+0155 (decimal 341)
   defining Unicode char U+0158 (decimal 344)
   defining Unicode char U+0159 (decimal 345)
   defining Unicode char U+015A (decimal 346)
   defining Unicode char U+015B (decimal 347)
   defining Unicode char U+015E (decimal 350)
   defining Unicode char U+015F (decimal 351)
   defining Unicode char U+0160 (decimal 352)
   defining Unicode char U+0161 (decimal 353)
   defining Unicode char U+0162 (decimal 354)
   defining Unicode char U+0163 (decimal 355)
   defining Unicode char U+0164 (decimal 356)
   defining Unicode char U+0165 (decimal 357)
   defining Unicode char U+016E (decimal 366)
   defining Unicode char U+016F (decimal 367)
   defining Unicode char U+0170 (decimal 368)
   defining Unicode char U+0171 (decimal 369)
   defining Unicode char U+0178 (decimal 376)
   defining Unicode char U+0179 (decimal 377)
   defining Unicode char U+017A (decimal 378)
   defining Unicode char U+017B (decimal 379)
   defining Unicode char U+017C (decimal 380)
   defining Unicode char U+017D (decimal 381)
   defining Unicode char U+017E (decimal 382)
   defining Unicode char U+200C (decimal 8204)
   defining Unicode char U+2013 (decimal 8211)
   defining Unicode char U+2014 (decimal 8212)
   defining Unicode char U+2018 (decimal 8216)
   defining Unicode char U+2019 (decimal 8217)
   defining Unicode char U+201A (decimal 8218)
   defining Unicode char U+201C (decimal 8220)
   defining Unicode char U+201D (decimal 8221)
   defining Unicode char U+201E (decimal 8222)
   defining Unicode char U+2030 (decimal 8240)
   defining Unicode char U+2031 (decimal 8241)
   defining Unicode char U+2039 (decimal 8249)
   defining Unicode char U+203A (decimal 8250)
   defining Unicode char U+2423 (decimal 9251)
)
Now handling font encoding OT1 ...
... processing UTF-8 mapping file for font encoding OT1

("D:\MiKTeX 2.9\tex\latex\base\ot1enc.dfu"
File: ot1enc.dfu 2008/04/05 v1.1m UTF-8 support for inputenc
   defining Unicode char U+00A1 (decimal 161)
   defining Unicode char U+00A3 (decimal 163)
   defining Unicode char U+00B8 (decimal 184)
   defining Unicode char U+00BF (decimal 191)
   defining Unicode char U+00C5 (decimal 197)
   defining Unicode char U+00C6 (decimal 198)
   defining Unicode char U+00D8 (decimal 216)
   defining Unicode char U+00DF (decimal 223)
   defining Unicode char U+00E6 (decimal 230)
   defining Unicode char U+00EC (decimal 236)
   defining Unicode char U+00ED (decimal 237)
   defining Unicode char U+00EE (decimal 238)
   defining Unicode char U+00EF (decimal 239)
   defining Unicode char U+00F8 (decimal 248)
   defining Unicode char U+0131 (decimal 305)
   defining Unicode char U+0141 (decimal 321)
   defining Unicode char U+0142 (decimal 322)
   defining Unicode char U+0152 (decimal 338)
   defining Unicode char U+0153 (decimal 339)
   defining Unicode char U+2013 (decimal 8211)
   defining Unicode char U+2014 (decimal 8212)
   defining Unicode char U+2018 (decimal 8216)
   defining Unicode char U+2019 (decimal 8217)
   defining Unicode char U+201C (decimal 8220)
   defining Unicode char U+201D (decimal 8221)
)
Now handling font encoding OMS ...
... processing UTF-8 mapping file for font encoding OMS

("D:\MiKTeX 2.9\tex\latex\base\omsenc.dfu"
File: omsenc.dfu 2008/04/05 v1.1m UTF-8 support for inputenc
   defining Unicode char U+00A7 (decimal 167)
   defining Unicode char U+00B6 (decimal 182)
   defining Unicode char U+00B7 (decimal 183)
   defining Unicode char U+2020 (decimal 8224)
   defining Unicode char U+2021 (decimal 8225)
   defining Unicode char U+2022 (decimal 8226)
)
Now handling font encoding OMX ...
... no UTF-8 mapping file for font encoding OMX
Now handling font encoding U ...
... no UTF-8 mapping file for font encoding U
   defining Unicode char U+00A9 (decimal 169)
   defining Unicode char U+00AA (decimal 170)
   defining Unicode char U+00AE (decimal 174)
   defining Unicode char U+00BA (decimal 186)
   defining Unicode char U+02C6 (decimal 710)
   defining Unicode char U+02DC (decimal 732)
   defining Unicode char U+200C (decimal 8204)
   defining Unicode char U+2026 (decimal 8230)
   defining Unicode char U+2122 (decimal 8482)
   defining Unicode char U+2423 (decimal 9251)
))
("D:\MiKTeX 2.9\tex\latex\base\latexsym.sty"
Package: latexsym 1998/08/17 v2.2e Standard LaTeX package (lasy symbols)
\symlasy=\mathgroup4
LaTeX Font Info:    Overwriting symbol font `lasy' in version `bold'
(Font)                  U/lasy/m/n --> U/lasy/b/n on input line 47.
)
("D:\MiKTeX 2.9\tex\latex\mdwtools\footnote.sty"
Package: footnote 1997/01/28 1.13 Save footnotes around boxes
\fn@notes=\box26
\fn@width=\dimen104
)
("D:\MiKTeX 2.9\tex\latex\endnotes\endnotes.sty"
\c@endnote=\count91
\endnotesep=\dimen105
\@enotes=\write3
)
("D:\MiKTeX 2.9\tex\latex\graphics\graphicx.sty"
Package: graphicx 1999/02/16 v1.0f Enhanced LaTeX Graphics (DPC,SPQR)

("D:\MiKTeX 2.9\tex\latex\graphics\keyval.sty"
Package: keyval 1999/03/16 v1.13 key=value parser (DPC)
\KV@toks@=\toks17
)
("D:\MiKTeX 2.9\tex\latex\graphics\graphics.sty"
Package: graphics 2009/02/05 v1.0o Standard LaTeX Graphics (DPC,SPQR)

("D:\MiKTeX 2.9\tex\latex\graphics\trig.sty"
Package: trig 1999/03/16 v1.09 sin cos tan (DPC)
)
("D:\MiKTeX 2.9\tex\latex\00miktex\graphics.cfg"
File: graphics.cfg 2007/01/18 v1.5 graphics configuration of teTeX/TeXLive
)
Package graphics Info: Driver file: pdftex.def on input line 91.

("D:\MiKTeX 2.9\tex\latex\pdftex-def\pdftex.def"
File: pdftex.def 2011/05/27 v0.06d Graphics/color for pdfTeX

("D:\MiKTeX 2.9\tex\generic\oberdiek\infwarerr.sty"
Package: infwarerr 2010/04/08 v1.3 Providing info/warning/message (HO)
)
("D:\MiKTeX 2.9\tex\generic\oberdiek\ltxcmds.sty"
Package: ltxcmds 2011/04/18 v1.20 LaTeX kernel commands for general use (HO)
)
\Gread@gobject=\count92
))
\Gin@req@height=\dimen106
\Gin@req@width=\dimen107
)
("D:\MiKTeX 2.9\tex\latex\graphics\lscape.sty"
Package: lscape 2000/10/22 v3.01 Landscape Pages (DPC)
)
("D:\MiKTeX 2.9\tex\latex\hyperref\hyperref.sty"
Package: hyperref 2012/02/06 v6.82o Hypertext links for LaTeX

("D:\MiKTeX 2.9\tex\generic\oberdiek\hobsub-hyperref.sty"
Package: hobsub-hyperref 2011/04/23 v1.4 Bundle oberdiek, subset hyperref (HO)

("D:\MiKTeX 2.9\tex\generic\oberdiek\hobsub-generic.sty"
Package: hobsub-generic 2011/04/23 v1.4 Bundle oberdiek, subset generic (HO)
Package: hobsub 2011/04/23 v1.4 Subsetting bundle oberdiek (HO)
Package hobsub Info: Skipping package `infwarerr' (already loaded).
Package hobsub Info: Skipping package `ltxcmds' (already loaded).
Package: ifluatex 2010/03/01 v1.3 Provides the ifluatex switch (HO)
Package ifluatex Info: LuaTeX not detected.
Package: ifvtex 2010/03/01 v1.5 Switches for detecting VTeX and its modes (HO)
Package ifvtex Info: VTeX not detected.
Package: intcalc 2007/09/27 v1.1 Expandable integer calculations (HO)
Package: ifpdf 2011/01/30 v2.3 Provides the ifpdf switch (HO)
Package ifpdf Info: pdfTeX in PDF mode is detected.
Package: etexcmds 2011/02/16 v1.5 Prefix for e-TeX command names (HO)
Package etexcmds Info: Could not find \expanded.
(etexcmds)             That can mean that you are not using pdfTeX 1.50 or
(etexcmds)             that some package has redefined \expanded.
(etexcmds)             In the latter case, load this package earlier.
Package: kvsetkeys 2011/04/07 v1.13 Key value parser (HO)
Package: kvdefinekeys 2011/04/07 v1.3 Defining keys (HO)
Package: pdftexcmds 2011/04/22 v0.16 Utilities of pdfTeX for LuaTeX (HO)
Package pdftexcmds Info: LuaTeX not detected.
Package pdftexcmds Info: \pdf@primitive is available.
Package pdftexcmds Info: \pdf@ifprimitive is available.
Package pdftexcmds Info: \pdfdraftmode found.
Package: pdfescape 2011/04/04 v1.12 Provides string conversions (HO)
Package: bigintcalc 2011/01/30 v1.2 Expandable big integer calculations (HO)
Package: bitset 2011/01/30 v1.1 Data type bit set (HO)
Package: uniquecounter 2011/01/30 v1.2 Provides unlimited unique counter (HO)
)
Package hobsub Info: Skipping package `hobsub' (already loaded).
Package: letltxmacro 2010/09/02 v1.4 Let assignment for LaTeX macros (HO)
Package: hopatch 2011/01/30 v1.0 Wrapper for package hooks (HO)
Package: xcolor-patch 2011/01/30 xcolor patch
Package: atveryend 2011/04/23 v1.7 Hooks at very end of document (HO)
Package: atbegshi 2011/01/30 v1.15 At begin shipout hook (HO)
Package: refcount 2010/12/01 v3.2 Data extraction from references (HO)
Package: hycolor 2011/01/30 v1.7 Color options of hyperref/bookmark (HO)
)
("D:\MiKTeX 2.9\tex\generic\ifxetex\ifxetex.sty"
Package: ifxetex 2010/09/12 v0.6 Provides ifxetex conditional
)
("D:\MiKTeX 2.9\tex\latex\oberdiek\kvoptions.sty"
Package: kvoptions 2010/12/23 v3.10 Keyval support for LaTeX options (HO)
)
\@linkdim=\dimen108
\Hy@linkcounter=\count93
\Hy@pagecounter=\count94

("D:\MiKTeX 2.9\tex\latex\hyperref\pd1enc.def"
File: pd1enc.def 2012/02/06 v6.82o Hyperref: PDFDocEncoding definition (HO)
Now handling font encoding PD1 ...
... no UTF-8 mapping file for font encoding PD1
)
\Hy@SavedSpaceFactor=\count95

("D:\MiKTeX 2.9\tex\latex\00miktex\hyperref.cfg"
File: hyperref.cfg 2002/06/06 v1.2 hyperref configuration of TeXLive
)

Package hyperref Warning: Unexpected value for option `pdftex'
(hyperref)                is ignored on input line 3925.

Package hyperref Info: Option `colorlinks' set `true' on input line 3925.
Package hyperref Info: Option `plainpages' set `false' on input line 3925.
Package hyperref Info: Hyper figures OFF on input line 4046.
Package hyperref Info: Link nesting OFF on input line 4051.
Package hyperref Info: Hyper index ON on input line 4054.
Package hyperref Info: Plain pages OFF on input line 4061.
Package hyperref Info: Backreferencing OFF on input line 4066.
Package hyperref Info: Implicit mode ON; LaTeX internals redefined.
Package hyperref Info: Bookmarks ON on input line 4284.
\c@Hy@tempcnt=\count96
("D:\MiKTeX 2.9\tex\latex\ltxmisc\url.sty"
\Urlmuskip=\muskip10
Package: url 2006/04/12  ver 3.3  Verb mode for urls, etc.
)
LaTeX Info: Redefining \url on input line 4637.
\Fld@menulength=\count97
\Field@Width=\dimen109
\Fld@charsize=\dimen110
Package hyperref Info: Hyper figures OFF on input line 5757.
Package hyperref Info: Link nesting OFF on input line 5762.
Package hyperref Info: Hyper index ON on input line 5765.
Package hyperref Info: backreferencing OFF on input line 5772.
Package hyperref Info: Link coloring ON on input line 5775.
Package hyperref Info: Link coloring with OCG OFF on input line 5782.
Package hyperref Info: PDF/A mode OFF on input line 5787.
LaTeX Info: Redefining \ref on input line 5827.
LaTeX Info: Redefining \pageref on input line 5831.
\Hy@abspage=\count98
\c@Item=\count99
\c@Hfootnote=\count100
)

Package hyperref Message: Driver: hpdftex.

("D:\MiKTeX 2.9\tex\latex\hyperref\hpdftex.def"
File: hpdftex.def 2012/02/06 v6.82o Hyperref driver for pdfTeX
\Fld@listcount=\count101
\c@bookmark@seq@number=\count102

("D:\MiKTeX 2.9\tex\latex\oberdiek\rerunfilecheck.sty"
Package: rerunfilecheck 2011/04/15 v1.7 Rerun checks for auxiliary files (HO)
Package uniquecounter Info: New unique counter `rerunfilecheck' on input line 2
82.
)
\Hy@SectionHShift=\skip43
)
(C:\Users\Karla\Desktop\Repositorio\IMARSIS\Manual_OPEMAR\Manual_OPEMAR.aux
(C:\Users\Karla\Desktop\Repositorio\IMARSIS\Manual_OPEMAR\bibliografia.aux))
LaTeX Font Info:    Checking defaults for OML/cmm/m/it on input line 32.
LaTeX Font Info:    ... okay on input line 32.
LaTeX Font Info:    Checking defaults for T1/cmr/m/n on input line 32.
LaTeX Font Info:    ... okay on input line 32.
LaTeX Font Info:    Checking defaults for OT1/cmr/m/n on input line 32.
LaTeX Font Info:    ... okay on input line 32.
LaTeX Font Info:    Checking defaults for OMS/cmsy/m/n on input line 32.
LaTeX Font Info:    ... okay on input line 32.
LaTeX Font Info:    Checking defaults for OMX/cmex/m/n on input line 32.
LaTeX Font Info:    ... okay on input line 32.
LaTeX Font Info:    Checking defaults for U/cmr/m/n on input line 32.
LaTeX Font Info:    ... okay on input line 32.
LaTeX Font Info:    Checking defaults for PD1/pdf/m/n on input line 32.
LaTeX Font Info:    ... okay on input line 32.

("D:\MiKTeX 2.9\tex\context\base\supp-pdf.mkii"
[Loading MPS to PDF converter (version 2006.09.02).]
\scratchcounter=\count103
\scratchdimen=\dimen111
\scratchbox=\box27
\nofMPsegments=\count104
\nofMParguments=\count105
\everyMPshowfont=\toks18
\MPscratchCnt=\count106
\MPscratchDim=\dimen112
\MPnumerator=\count107
\makeMPintoPDFobject=\count108
\everyMPtoPDFconversion=\toks19
)
\AtBeginShipoutBox=\box28
 ("D:\MiKTeX 2.9\tex\latex\graphics\color.sty"
Package: color 2005/11/14 v1.0j Standard LaTeX Color (DPC)

("D:\MiKTeX 2.9\tex\latex\00miktex\color.cfg"
File: color.cfg 2007/01/18 v1.5 color configuration of teTeX/TeXLive
)
Package color Info: Driver file: pdftex.def on input line 130.
)
Package hyperref Info: Link coloring ON on input line 32.

("D:\MiKTeX 2.9\tex\latex\hyperref\nameref.sty"
Package: nameref 2010/04/30 v2.40 Cross-referencing by name of section

("D:\MiKTeX 2.9\tex\generic\oberdiek\gettitlestring.sty"
Package: gettitlestring 2010/12/03 v1.4 Cleanup title references (HO)
)
\c@section@level=\count109
)
LaTeX Info: Redefining \ref on input line 32.
LaTeX Info: Redefining \pageref on input line 32.
LaTeX Info: Redefining \nameref on input line 32.

(C:\Users\Karla\Desktop\Repositorio\IMARSIS\Manual_OPEMAR\Manual_OPEMAR.out)
(C:\Users\Karla\Desktop\Repositorio\IMARSIS\Manual_OPEMAR\Manual_OPEMAR.out)
\@outlinefile=\write4

<imagen_manual_OPEMAR/logo.png, id=131, 380.622pt x 373.395pt>
File: imagen_manual_OPEMAR/logo.png Graphic file (type png)

<use imagen_manual_OPEMAR/logo.png>
Package pdftex.def Info: imagen_manual_OPEMAR/logo.png used on input line 38.
(pdftex.def)             Requested size: 227.62204pt x 223.30374pt.
 [1


{C:/Users/Karla/AppData/Local/MiKTeX/2.9/pdftex/config/pdftex.map} <C:/Users/Ka
rla/Desktop/Repositorio/IMARSIS/Manual_OPEMAR/imagen_manual_OPEMAR/logo.png>]
(C:\Users\Karla\Desktop\Repositorio\IMARSIS\Manual_OPEMAR\Manual_OPEMAR.toc
LaTeX Font Info:    External font `cmex10' loaded for size
(Font)              <10.95> on input line 4.
LaTeX Font Info:    External font `cmex10' loaded for size
(Font)              <8> on input line 4.
LaTeX Font Info:    External font `cmex10' loaded for size
(Font)              <6> on input line 4.
LaTeX Font Info:    Try loading font information for U+lasy on input line 4.

("D:\MiKTeX 2.9\tex\latex\base\ulasy.fd"
File: ulasy.fd 1998/08/17 v2.2e LaTeX symbol font definitions
)pdfTeX warning (ext4): destination with the same identifier (name{page.1}) has
 been already used, duplicate ignored
<to be read again> 
                   \relax 
l.33 ...{A}Ap\IeC {\'e}ndice X}{1}{appendix.Alph1}
                                                   [1

])
\tf@toc=\write5
 [2]
Cap\IeC {\'\i }tulo 1.

Underfull \hbox (badness 1163) in paragraph at lines 135--139
[]\OT1/cmr/m/n/10.95 Es un pro-gra-ma de ob-ser-va-do-res a bor-do que el INS-T
I-TU-TO DEL MAR DEL
 []

[3

]
Cap\IeC {\'\i }tulo 2.
[4

]
Cap\IeC {\'\i }tulo 3.
<imagen_manual_OPEMAR/OPEMAR.png, id=190, 51.19125pt x 57.21375pt>
File: imagen_manual_OPEMAR/OPEMAR.png Graphic file (type png)

<use imagen_manual_OPEMAR/OPEMAR.png>
Package pdftex.def Info: imagen_manual_OPEMAR/OPEMAR.png used on input line 201
.
(pdftex.def)             Requested size: 102.38223pt x 114.42719pt.
 [5

 <C:/Users/Karla/Desktop/Repositorio/IMARSIS/Manual_OPEMAR/imagen_manual_OPEMAR
/OPEMAR.png>]
<imagen_manual_OPEMAR/casillafondo.png, id=196, 1027.58907pt x 469.00218pt>
File: imagen_manual_OPEMAR/casillafondo.png Graphic file (type png)

<use imagen_manual_OPEMAR/casillafondo.png>
Package pdftex.def Info: imagen_manual_OPEMAR/casillafondo.png used on input li
ne 216.
(pdftex.def)             Requested size: 256.89664pt x 117.25026pt.

<imagen_manual_OPEMAR/conexion.png, id=197, 394.47375pt x 54.9553pt>
File: imagen_manual_OPEMAR/conexion.png Graphic file (type png)

<use imagen_manual_OPEMAR/conexion.png>
Package pdftex.def Info: imagen_manual_OPEMAR/conexion.png used on input line 2
27.
(pdftex.def)             Requested size: 276.12973pt x 38.46843pt.

Underfull \hbox (badness 10000) in paragraph at lines 232--234

 []

<imagen_manual_OPEMAR/usuario.png, id=198, 297.36093pt x 117.43875pt>
File: imagen_manual_OPEMAR/usuario.png Graphic file (type png)

<use imagen_manual_OPEMAR/usuario.png>
Package pdftex.def Info: imagen_manual_OPEMAR/usuario.png used on input line 24
1.
(pdftex.def)             Requested size: 208.15123pt x 82.20654pt.
 [6 <C:/Users/Karla/Desktop/Repositorio/IMARSIS/Manual_OPEMAR/imagen_manual_OPE
MAR/casillafondo.png> <C:/Users/Karla/Desktop/Repositorio/IMARSIS/Manual_OPEMAR
/imagen_manual_OPEMAR/conexion.png> <C:/Users/Karla/Desktop/Repositorio/IMARSIS
/Manual_OPEMAR/imagen_manual_OPEMAR/usuario.png>]
Cap\IeC {\'\i }tulo 4.
<imagen_manual_OPEMAR/presentacion.png, id=207, 584.1825pt x 218.31563pt>
File: imagen_manual_OPEMAR/presentacion.png Graphic file (type png)

<use imagen_manual_OPEMAR/presentacion.png>
Package pdftex.def Info: imagen_manual_OPEMAR/presentacion.png used on input li
ne 264.
(pdftex.def)             Requested size: 467.34662pt x 174.65273pt.

Overfull \hbox (23.48346pt too wide) in paragraph at lines 264--265
 [] 
 []

[7

 <C:/Users/Karla/Desktop/Repositorio/IMARSIS/Manual_OPEMAR/imagen_manual_OPEMAR
/presentacion.png>]
<imagen_manual_OPEMAR/tecno.png, id=213, 599.23875pt x 347.04657pt>
File: imagen_manual_OPEMAR/tecno.png Graphic file (type png)

<use imagen_manual_OPEMAR/tecno.png>
Package pdftex.def Info: imagen_manual_OPEMAR/tecno.png used on input line 292.

(pdftex.def)             Requested size: 419.46426pt x 242.93094pt.
 [8 <C:/Users/Karla/Desktop/Repositorio/IMARSIS/Manual_OPEMAR/imagen_manual_OPE
MAR/tecno.png>]
<imagen_manual_OPEMAR/pasta.png, id=221, 413.29407pt x 390.70969pt>
File: imagen_manual_OPEMAR/pasta.png Graphic file (type png)

<use imagen_manual_OPEMAR/pasta.png>
Package pdftex.def Info: imagen_manual_OPEMAR/pasta.png used on input line 305.

(pdftex.def)             Requested size: 330.6357pt x 312.56816pt.

<imagen_manual_OPEMAR/CODIGO.png, id=222, 446.41782pt x 134.75343pt>
File: imagen_manual_OPEMAR/CODIGO.png Graphic file (type png)

<use imagen_manual_OPEMAR/CODIGO.png>
Package pdftex.def Info: imagen_manual_OPEMAR/CODIGO.png used on input line 317
.
(pdftex.def)             Requested size: 357.13474pt x 107.80289pt.

<imagen_manual_OPEMAR/casilla1.png, id=223, 600.74437pt x 347.04657pt>
File: imagen_manual_OPEMAR/casilla1.png Graphic file (type png)

<use imagen_manual_OPEMAR/casilla1.png>
Package pdftex.def Info: imagen_manual_OPEMAR/casilla1.png used on input line 3
27.
(pdftex.def)             Requested size: 420.51819pt x 242.93094pt.
 [9 <C:/Users/Karla/Desktop/Repositorio/IMARSIS/Manual_OPEMAR/imagen_manual_OPE
MAR/pasta.png> <C:/Users/Karla/Desktop/Repositorio/IMARSIS/Manual_OPEMAR/imagen
_manual_OPEMAR/CODIGO.png>]
<imagen_manual_OPEMAR/casilla2.png, id=230, 231.11343pt x 63.23625pt>
File: imagen_manual_OPEMAR/casilla2.png Graphic file (type png)

<use imagen_manual_OPEMAR/casilla2.png>
Package pdftex.def Info: imagen_manual_OPEMAR/casilla2.png used on input line 3
45.
(pdftex.def)             Requested size: 187.20085pt x 51.22107pt.
 [10 <C:/Users/Karla/Desktop/Repositorio/IMARSIS/Manual_OPEMAR/imagen_manual_OP
EMAR/casilla1.png> <C:/Users/Karla/Desktop/Repositorio/IMARSIS/Manual_OPEMAR/im
agen_manual_OPEMAR/casilla2.png>]
<imagen_manual_OPEMAR/casilla4.png, id=241, 657.95813pt x 397.485pt>
File: imagen_manual_OPEMAR/casilla4.png Graphic file (type png)

<use imagen_manual_OPEMAR/casilla4.png>
Package pdftex.def Info: imagen_manual_OPEMAR/casilla4.png used on input line 3
62.
(pdftex.def)             Requested size: 394.77792pt x 238.49283pt.
 [11 <C:/Users/Karla/Desktop/Repositorio/IMARSIS/Manual_OPEMAR/imagen_manual_OP
EMAR/casilla4.png>]
<imagen_manual_OPEMAR/casilla5.png, id=258, 536.0025pt x 414.79968pt>
File: imagen_manual_OPEMAR/casilla5.png Graphic file (type png)

<use imagen_manual_OPEMAR/casilla5.png>
Package pdftex.def Info: imagen_manual_OPEMAR/casilla5.png used on input line 3
90.
(pdftex.def)             Requested size: 278.7229pt x 215.69708pt.
 [12 <C:/Users/Karla/Desktop/Repositorio/IMARSIS/Manual_OPEMAR/imagen_manual_OP
EMAR/casilla5.png>]
<imagen_manual_OPEMAR/salir.png, id=275, 816.04875pt x 453.19313pt>
File: imagen_manual_OPEMAR/salir.png Graphic file (type png)

<use imagen_manual_OPEMAR/salir.png>
Package pdftex.def Info: imagen_manual_OPEMAR/salir.png used on input line 423.

(pdftex.def)             Requested size: 285.62134pt x 158.61996pt.

<imagen_manual_OPEMAR/rojo.png, id=276, 426.84468pt x 109.1578pt>
File: imagen_manual_OPEMAR/rojo.png Graphic file (type png)

<use imagen_manual_OPEMAR/rojo.png>
Package pdftex.def Info: imagen_manual_OPEMAR/rojo.png used on input line 433.
(pdftex.def)             Requested size: 170.73485pt x 43.66234pt.

<imagen_manual_OPEMAR/rojo1.png, id=277, 597.73312pt x 380.17032pt>
File: imagen_manual_OPEMAR/rojo1.png Graphic file (type png)

<use imagen_manual_OPEMAR/rojo1.png>
Package pdftex.def Info: imagen_manual_OPEMAR/rojo1.png used on input line 442.

(pdftex.def)             Requested size: 179.32132pt x 114.05197pt.
 [13 <C:/Users/Karla/Desktop/Repositorio/IMARSIS/Manual_OPEMAR/imagen_manual_OP
EMAR/salir.png> <C:/Users/Karla/Desktop/Repositorio/IMARSIS/Manual_OPEMAR/image
n_manual_OPEMAR/rojo.png> <C:/Users/Karla/Desktop/Repositorio/IMARSIS/Manual_OP
EMAR/imagen_manual_OPEMAR/rojo1.png>]
<imagen_manual_OPEMAR/casillasardina.png, id=288, 612.03656pt x 378.66469pt>
File: imagen_manual_OPEMAR/casillasardina.png Graphic file (type png)

<use imagen_manual_OPEMAR/casillasardina.png>
Package pdftex.def Info: imagen_manual_OPEMAR/casillasardina.png used on input 
line 453.
(pdftex.def)             Requested size: 214.216pt x 132.53462pt.

<imagen_manual_OPEMAR/bita.png, id=289, 461.47406pt x 267.24844pt>
File: imagen_manual_OPEMAR/bita.png Graphic file (type png)

<use imagen_manual_OPEMAR/bita.png>
Package pdftex.def Info: imagen_manual_OPEMAR/bita.png used on input line 463.
(pdftex.def)             Requested size: 161.51833pt x 93.53835pt.

<imagen_manual_OPEMAR/cor.png, id=290, 616.55344pt x 381.67593pt>
File: imagen_manual_OPEMAR/cor.png Graphic file (type png)

<use imagen_manual_OPEMAR/cor.png>
Package pdftex.def Info: imagen_manual_OPEMAR/cor.png used on input line 473.
(pdftex.def)             Requested size: 184.96745pt x 114.50366pt.
 [14 <C:/Users/Karla/Desktop/Repositorio/IMARSIS/Manual_OPEMAR/imagen_manual_OP
EMAR/casillasardina.png> <C:/Users/Karla/Desktop/Repositorio/IMARSIS/Manual_OPE
MAR/imagen_manual_OPEMAR/bita.png> <C:/Users/Karla/Desktop/Repositorio/IMARSIS/
Manual_OPEMAR/imagen_manual_OPEMAR/cor.png>]
<imagen_manual_OPEMAR/biome.png, id=300, 613.54219pt x 377.15906pt>
File: imagen_manual_OPEMAR/biome.png Graphic file (type png)

<use imagen_manual_OPEMAR/biome.png>
Package pdftex.def Info: imagen_manual_OPEMAR/biome.png used on input line 486.

(pdftex.def)             Requested size: 184.06407pt x 113.14859pt.

<imagen_manual_OPEMAR/biome1.png, id=301, 604.50844pt x 302.63063pt>
File: imagen_manual_OPEMAR/biome1.png Graphic file (type png)

<use imagen_manual_OPEMAR/biome1.png>
Package pdftex.def Info: imagen_manual_OPEMAR/biome1.png used on input line 496
.
(pdftex.def)             Requested size: 241.79909pt x 121.0501pt.

<imagen_manual_OPEMAR/biome2.png, id=302, 609.77812pt x 376.40625pt>
File: imagen_manual_OPEMAR/biome2.png Graphic file (type png)

<use imagen_manual_OPEMAR/biome2.png>
Package pdftex.def Info: imagen_manual_OPEMAR/biome2.png used on input line 506
.
(pdftex.def)             Requested size: 231.7181pt x 143.03586pt.
 [15 <C:/Users/Karla/Desktop/Repositorio/IMARSIS/Manual_OPEMAR/imagen_manual_OP
EMAR/biome.png> <C:/Users/Karla/Desktop/Repositorio/IMARSIS/Manual_OPEMAR/image
n_manual_OPEMAR/biome1.png> <C:/Users/Karla/Desktop/Repositorio/IMARSIS/Manual_
OPEMAR/imagen_manual_OPEMAR/biome2.png>]
<imagen_manual_OPEMAR/biome5.png, id=312, 612.03656pt x 380.92313pt>
File: imagen_manual_OPEMAR/biome5.png Graphic file (type png)

<use imagen_manual_OPEMAR/biome5.png>
Package pdftex.def Info: imagen_manual_OPEMAR/biome5.png used on input line 515
.
(pdftex.def)             Requested size: 232.57631pt x 144.75227pt.

<imagen_manual_OPEMAR/casillabio.png, id=313, 374.14781pt x 268.00125pt>
File: imagen_manual_OPEMAR/casillabio.png Graphic file (type png)

<use imagen_manual_OPEMAR/casillabio.png>
Package pdftex.def Info: imagen_manual_OPEMAR/casillabio.png used on input line
 530.
(pdftex.def)             Requested size: 299.31863pt x 214.40128pt.
 [16 <C:/Users/Karla/Desktop/Repositorio/IMARSIS/Manual_OPEMAR/imagen_manual_OP
EMAR/biome5.png> <C:/Users/Karla/Desktop/Repositorio/IMARSIS/Manual_OPEMAR/imag
en_manual_OPEMAR/casillabio.png>]
<imagen_manual_OPEMAR/sexo.png, id=324, 61.73062pt x 86.57344pt>
File: imagen_manual_OPEMAR/sexo.png Graphic file (type png)

<use imagen_manual_OPEMAR/sexo.png>
Package pdftex.def Info: imagen_manual_OPEMAR/sexo.png used on input line 556.
(pdftex.def)             Requested size: 74.07635pt x 103.88759pt.

<imagen_manual_OPEMAR/madu.png, id=325, 21.07875pt x 121.95563pt>
File: imagen_manual_OPEMAR/madu.png Graphic file (type png)

<use imagen_manual_OPEMAR/madu.png>
Package pdftex.def Info: imagen_manual_OPEMAR/madu.png used on input line 565.
(pdftex.def)             Requested size: 25.29434pt x 146.346pt.
 [17 <C:/Users/Karla/Desktop/Repositorio/IMARSIS/Manual_OPEMAR/imagen_manual_OP
EMAR/sexo.png> <C:/Users/Karla/Desktop/Repositorio/IMARSIS/Manual_OPEMAR/imagen
_manual_OPEMAR/madu.png>]
<imagen_manual_OPEMAR/estomago.png, id=342, 35.38219pt x 32.37094pt>
File: imagen_manual_OPEMAR/estomago.png Graphic file (type png)

<use imagen_manual_OPEMAR/estomago.png>
Package pdftex.def Info: imagen_manual_OPEMAR/estomago.png used on input line 5
85.
(pdftex.def)             Requested size: 42.4584pt x 38.84491pt.

<imagen_manual_OPEMAR/gonada.png, id=343, 36.88782pt x 34.62938pt>
File: imagen_manual_OPEMAR/gonada.png Graphic file (type png)

<use imagen_manual_OPEMAR/gonada.png>
Package pdftex.def Info: imagen_manual_OPEMAR/gonada.png used on input line 596
.
(pdftex.def)             Requested size: 44.26514pt x 41.55501pt.
 [18 <C:/Users/Karla/Desktop/Repositorio/IMARSIS/Manual_OPEMAR/imagen_manual_OP
EMAR/estomago.png> <C:/Users/Karla/Desktop/Repositorio/IMARSIS/Manual_OPEMAR/im
agen_manual_OPEMAR/gonada.png>]
Cap\IeC {\'\i }tulo 5.
<imagen_manual_OPEMAR/ficha.jpg, id=356, 614.295pt x 845.559pt>
File: imagen_manual_OPEMAR/ficha.jpg Graphic file (type jpg)

<use imagen_manual_OPEMAR/ficha.jpg>
Package pdftex.def Info: imagen_manual_OPEMAR/ficha.jpg used on input line 611.

(pdftex.def)             Requested size: 233.43452pt x 321.31577pt.

<imagen_manual_OPEMAR/secciona.jpg, id=357, 496.9767pt x 59.7432pt>
File: imagen_manual_OPEMAR/secciona.jpg Graphic file (type jpg)

<use imagen_manual_OPEMAR/secciona.jpg>
Package pdftex.def Info: imagen_manual_OPEMAR/secciona.jpg used on input line 6
19.
(pdftex.def)             Requested size: 347.88132pt x 41.81993pt.
 [19

 <C:/Users/Karla/Desktop/Repositorio/IMARSIS/Manual_OPEMAR/imagen_manual_OPEMAR
/ficha.jpg>]
<imagen_manual_OPEMAR/b.jpg, id=363, 496.9767pt x 128.8815pt>
File: imagen_manual_OPEMAR/b.jpg Graphic file (type jpg)

<use imagen_manual_OPEMAR/b.jpg>
Package pdftex.def Info: imagen_manual_OPEMAR/b.jpg used on input line 645.
(pdftex.def)             Requested size: 347.88132pt x 90.21643pt.

Overfull \hbox (44.77153pt too wide) has occurred while \output is active
\OT1/cmr/m/sl/10.95 CAP[]ITULO 5.  PARTES DE LA FICHA: FORMULARIO DE MUESTREO C
APTURAS A BORDO \OT1/cmr/m/n/10.95 20
 []

[20 <C:/Users/Karla/Desktop/Repositorio/IMARSIS/Manual_OPEMAR/imagen_manual_OPE
MAR/secciona.jpg> <C:/Users/Karla/Desktop/Repositorio/IMARSIS/Manual_OPEMAR/ima
gen_manual_OPEMAR/b.jpg>]
<imagen_manual_OPEMAR/c.jpg, id=375, 485.8953pt x 105.2733pt>
File: imagen_manual_OPEMAR/c.jpg Graphic file (type jpg)

<use imagen_manual_OPEMAR/c.jpg>
Package pdftex.def Info: imagen_manual_OPEMAR/c.jpg used on input line 673.
(pdftex.def)             Requested size: 340.12439pt x 73.6908pt.

<imagen_manual_OPEMAR/d.jpg, id=376, 261.3765pt x 93.7101pt>
File: imagen_manual_OPEMAR/d.jpg Graphic file (type jpg)

<use imagen_manual_OPEMAR/d.jpg>
Package pdftex.def Info: imagen_manual_OPEMAR/d.jpg used on input line 694.
(pdftex.def)             Requested size: 182.96228pt x 65.59662pt.


LaTeX Warning: `!h' float specifier changed to `!ht'.

<imagen_manual_OPEMAR/e.jpg, id=377, 231.5049pt x 75.4017pt>
File: imagen_manual_OPEMAR/e.jpg Graphic file (type jpg)

<use imagen_manual_OPEMAR/e.jpg>
Package pdftex.def Info: imagen_manual_OPEMAR/e.jpg used on input line 710.
(pdftex.def)             Requested size: 162.0523pt x 52.78082pt.


LaTeX Warning: `!h' float specifier changed to `!ht'.


Overfull \hbox (44.77153pt too wide) has occurred while \output is active
\OT1/cmr/m/sl/10.95 CAP[]ITULO 5.  PARTES DE LA FICHA: FORMULARIO DE MUESTREO C
APTURAS A BORDO \OT1/cmr/m/n/10.95 21
 []

[21 <C:/Users/Karla/Desktop/Repositorio/IMARSIS/Manual_OPEMAR/imagen_manual_OPE
MAR/c.jpg>] <imagen_manual_OPEMAR/f.jpg, id=394, 283.5393pt x 185.2521pt>
File: imagen_manual_OPEMAR/f.jpg Graphic file (type jpg)

<use imagen_manual_OPEMAR/f.jpg>
Package pdftex.def Info: imagen_manual_OPEMAR/f.jpg used on input line 727.
(pdftex.def)             Requested size: 198.47615pt x 129.67558pt.

<imagen_manual_OPEMAR/ficha12.jpg, id=395, 250.7769pt x 295.1025pt>
File: imagen_manual_OPEMAR/ficha12.jpg Graphic file (type jpg)

<use imagen_manual_OPEMAR/ficha12.jpg>
Package pdftex.def Info: imagen_manual_OPEMAR/ficha12.jpg used on input line 73
6.
(pdftex.def)             Requested size: 150.46729pt x 177.06285pt.


LaTeX Warning: `!h' float specifier changed to `!ht'.

<imagen_manual_OPEMAR/ficha78.jpg, id=396, 248.8497pt x 292.2117pt>
File: imagen_manual_OPEMAR/ficha78.jpg Graphic file (type jpg)

<use imagen_manual_OPEMAR/ficha78.jpg>
Package pdftex.def Info: imagen_manual_OPEMAR/ficha78.jpg used on input line 74
4.
(pdftex.def)             Requested size: 149.31096pt x 175.32837pt.


LaTeX Warning: `!h' float specifier changed to `!ht'.

<imagen_manual_OPEMAR/ficha23.jpg, id=397, 614.295pt x 845.559pt>
File: imagen_manual_OPEMAR/ficha23.jpg Graphic file (type jpg)

<use imagen_manual_OPEMAR/ficha23.jpg>
Package pdftex.def Info: imagen_manual_OPEMAR/ficha23.jpg used on input line 75
2.
(pdftex.def)             Requested size: 215.00647pt x 295.95009pt.


LaTeX Warning: `!h' float specifier changed to `!ht'.


Overfull \hbox (44.77153pt too wide) has occurred while \output is active
\OT1/cmr/m/sl/10.95 CAP[]ITULO 5.  PARTES DE LA FICHA: FORMULARIO DE MUESTREO C
APTURAS A BORDO \OT1/cmr/m/n/10.95 22
 []

[22 <C:/Users/Karla/Desktop/Repositorio/IMARSIS/Manual_OPEMAR/imagen_manual_OPE
MAR/d.jpg> <C:/Users/Karla/Desktop/Repositorio/IMARSIS/Manual_OPEMAR/imagen_man
ual_OPEMAR/e.jpg> <C:/Users/Karla/Desktop/Repositorio/IMARSIS/Manual_OPEMAR/ima
gen_manual_OPEMAR/f.jpg>]
Overfull \hbox (44.77153pt too wide) has occurred while \output is active
\OT1/cmr/m/sl/10.95 CAP[]ITULO 5.  PARTES DE LA FICHA: FORMULARIO DE MUESTREO C
APTURAS A BORDO \OT1/cmr/m/n/10.95 23
 []

[23 <C:/Users/Karla/Desktop/Repositorio/IMARSIS/Manual_OPEMAR/imagen_manual_OPE
MAR/ficha12.jpg> <C:/Users/Karla/Desktop/Repositorio/IMARSIS/Manual_OPEMAR/imag
en_manual_OPEMAR/ficha78.jpg>]
Overfull \hbox (44.77153pt too wide) has occurred while \output is active
\OT1/cmr/m/sl/10.95 CAP[]ITULO 5.  PARTES DE LA FICHA: FORMULARIO DE MUESTREO C
APTURAS A BORDO \OT1/cmr/m/n/10.95 24
 []

[24 <C:/Users/Karla/Desktop/Repositorio/IMARSIS/Manual_OPEMAR/imagen_manual_OPE
MAR/ficha23.jpg>]
Cap\IeC {\'\i }tulo 6.
File: imagen_manual_OPEMAR/OPEMAR.png Graphic file (type png)
<use imagen_manual_OPEMAR/OPEMAR.png>
Package pdftex.def Info: imagen_manual_OPEMAR/OPEMAR.png used on input line 782
.
(pdftex.def)             Requested size: 87.02473pt x 97.26292pt.
 [25

]
<imagen_manual_OPEMAR/usuario1.png, id=425, 299.61937pt x 115.93312pt>
File: imagen_manual_OPEMAR/usuario1.png Graphic file (type png)

<use imagen_manual_OPEMAR/usuario1.png>
Package pdftex.def Info: imagen_manual_OPEMAR/usuario1.png used on input line 7
92.
(pdftex.def)             Requested size: 254.67766pt x 98.54361pt.

<imagen_manual_OPEMAR/busqueda.png, id=426, 596.98032pt x 345.54094pt>
File: imagen_manual_OPEMAR/busqueda.png Graphic file (type png)

<use imagen_manual_OPEMAR/busqueda.png>
Package pdftex.def Info: imagen_manual_OPEMAR/busqueda.png used on input line 8
05.
(pdftex.def)             Requested size: 358.19095pt x 207.32616pt.
 [26 <C:/Users/Karla/Desktop/Repositorio/IMARSIS/Manual_OPEMAR/imagen_manual_OP
EMAR/usuario1.png> <C:/Users/Karla/Desktop/Repositorio/IMARSIS/Manual_OPEMAR/im
agen_manual_OPEMAR/busqueda.png>]
<imagen_manual_OPEMAR/encabezado.png, id=433, 596.98032pt x 54.9553pt>
File: imagen_manual_OPEMAR/encabezado.png Graphic file (type png)

<use imagen_manual_OPEMAR/encabezado.png>
Package pdftex.def Info: imagen_manual_OPEMAR/encabezado.png used on input line
 815.
(pdftex.def)             Requested size: 447.73413pt x 41.21635pt.

Overfull \hbox (10.67096pt too wide) in paragraph at lines 815--816
 [] 
 []

<imagen_manual_OPEMAR/casilla22.jpg, id=434, 530.2209pt x 96.6009pt>
File: imagen_manual_OPEMAR/casilla22.jpg Graphic file (type jpg)

<use imagen_manual_OPEMAR/casilla22.jpg>
Package pdftex.def Info: imagen_manual_OPEMAR/casilla22.jpg used on input line 
828.
(pdftex.def)             Requested size: 318.13498pt x 57.96097pt.
 [27 <C:/Users/Karla/Desktop/Repositorio/IMARSIS/Manual_OPEMAR/imagen_manual_OP
EMAR/encabezado.png> <C:/Users/Karla/Desktop/Repositorio/IMARSIS/Manual_OPEMAR/
imagen_manual_OPEMAR/casilla22.jpg>]
<imagen_manual_OPEMAR/bita1.png, id=441, 275.52937pt x 148.30406pt>
File: imagen_manual_OPEMAR/bita1.png Graphic file (type png)

<use imagen_manual_OPEMAR/bita1.png>
Package pdftex.def Info: imagen_manual_OPEMAR/bita1.png used on input line 843.

(pdftex.def)             Requested size: 165.3189pt x 88.98311pt.
 [28 <C:/Users/Karla/Desktop/Repositorio/IMARSIS/Manual_OPEMAR/imagen_manual_OP
EMAR/bita1.png>]
Cap\IeC {\'\i }tulo 7.
[29

]
Cap\IeC {\'\i }tulo 8.
<imagen_manual_OPEMAR/sectorte.png, id=451, 596.2275pt x 343.2825pt>
File: imagen_manual_OPEMAR/sectorte.png Graphic file (type png)

<use imagen_manual_OPEMAR/sectorte.png>
Package pdftex.def Info: imagen_manual_OPEMAR/sectorte.png used on input line 8
79.
(pdftex.def)             Requested size: 417.3564pt x 240.2961pt.
File: imagen_manual_OPEMAR/casilla2.png Graphic file (type png)

<use imagen_manual_OPEMAR/casilla2.png>
Package pdftex.def Info: imagen_manual_OPEMAR/casilla2.png used on input line 8
89.
(pdftex.def)             Requested size: 161.77829pt x 44.26506pt.
 [30

 <C:/Users/Karla/Desktop/Repositorio/IMARSIS/Manual_OPEMAR/imagen_manual_OPEMAR
/sectorte.png>]
<imagen_manual_OPEMAR/olaya23.png, id=458, 601.4972pt x 353.06906pt>
File: imagen_manual_OPEMAR/olaya23.png Graphic file (type png)

<use imagen_manual_OPEMAR/olaya23.png>
Package pdftex.def Info: imagen_manual_OPEMAR/olaya23.png used on input line 90
1.
(pdftex.def)             Requested size: 360.9011pt x 211.84306pt.
 [31 <C:/Users/Karla/Desktop/Repositorio/IMARSIS/Manual_OPEMAR/imagen_manual_OP
EMAR/olaya23.png>]
<imagen_manual_OPEMAR/revi23.png, id=470, 109.91063pt x 29.35968pt>
File: imagen_manual_OPEMAR/revi23.png Graphic file (type png)

<use imagen_manual_OPEMAR/revi23.png>
Package pdftex.def Info: imagen_manual_OPEMAR/revi23.png used on input line 922
.
(pdftex.def)             Requested size: 109.91034pt x 29.35959pt.
 [32 <C:/Users/Karla/Desktop/Repositorio/IMARSIS/Manual_OPEMAR/imagen_manual_OP
EMAR/revi23.png>]
Ap\IeC {\'e}ndice A.
pdfTeX warning (ext4): destination with the same identifier (name{page.1}) has 
been already used, duplicate ignored
<to be read again> 
                   \relax 
l.960 \chapter
              {Apéndice Y} [1


]
Ap\IeC {\'e}ndice B.
pdfTeX warning (ext4): destination with the same identifier (name{page.2}) has 
been already used, duplicate ignored
<to be read again> 
                   \relax 
l.965 \tableofcontents
                        Tabla de contenido [2

]
(C:\Users\Karla\Desktop\Repositorio\IMARSIS\Manual_OPEMAR\Manual_OPEMAR.toc)
\tf@toc=\write6
pdfTeX warning (ext4): destination with the same identifier (name{page.3}) has 
been already used, duplicate ignored
<to be read again> 
                   \relax 
l.969 \newpage
               [3

]
(C:\Users\Karla\Desktop\Repositorio\IMARSIS\Manual_OPEMAR\Manual_OPEMAR.lofpdfT
eX warning (ext4): destination with the same identifier (name{page.4}) has been
 already used, duplicate ignored
<to be read again> 
                   \relax 
l.46 ...IeC {\'I}cono del OPEMAR}}{31}{figure.8.2}
                                                   [4

])
\tf@lof=\write7
pdfTeX warning (ext4): destination with the same identifier (name{page.5}) has 
been already used, duplicate ignored
<to be read again> 
                   \relax 
l.971 \newpage
               [5]
(C:\Users\Karla\Desktop\Repositorio\IMARSIS\Manual_OPEMAR\Manual_OPEMAR.lot)
\tf@lot=\write8
pdfTeX warning (ext4): destination with the same identifier (name{page.6}) has 
been already used, duplicate ignored
<to be read again> 
                   \relax 
l.973 \newpage
               [6

]
No file bibliografia.tex.
Package atveryend Info: Empty hook `BeforeClearDocument' on input line 982.
Package atveryend Info: Empty hook `AfterLastShipout' on input line 982.
(C:\Users\Karla\Desktop\Repositorio\IMARSIS\Manual_OPEMAR\Manual_OPEMAR.aux
(C:\Users\Karla\Desktop\Repositorio\IMARSIS\Manual_OPEMAR\bibliografia.aux))
Package atveryend Info: Executing hook `AtVeryEndDocument' on input line 982.
Package atveryend Info: Executing hook `AtEndAfterFileList' on input line 982.
Package rerunfilecheck Info: File `Manual_OPEMAR.out' has not changed.
(rerunfilecheck)             Checksum: F3248865A1C230557F5836C910F042CE;2360.
 ) 
Here is how much of TeX's memory you used:
 6273 strings out of 494045
 92157 string characters out of 3148387
 177930 words of memory out of 3000000
 9259 multiletter control sequences out of 15000+200000
 10126 words of font info for 37 fonts, out of 3000000 for 9000
 715 hyphenation exceptions out of 8191
 29i,8n,28p,549b,571s stack positions out of 5000i,500n,10000p,200000b,50000s
<D:/MiKTeX 2.9/fonts/type1/public/amsfonts/cm/cmbx10.pfb><D:/MiKTeX 2.9/fonts
/type1/public/amsfonts/cm/cmbx12.pfb><D:/MiKTeX 2.9/fonts/type1/public/amsfonts
/cm/cmr10.pfb><D:/MiKTeX 2.9/fonts/type1/public/amsfonts/cm/cmr12.pfb><D:/MiKTe
X 2.9/fonts/type1/public/amsfonts/cm/cmsl10.pfb><D:/MiKTeX 2.9/fonts/type1/publ
ic/amsfonts/cm/cmti10.pfb>
Output written on Manual_OPEMAR.pdf (39 pages, 6692089 bytes).
PDF statistics:
 599 PDF objects out of 1000 (max. 8388607)
 187 named destinations out of 1000 (max. 500000)
 487 words of extra memory for PDF output out of 10000 (max. 10000000)

