This is pdfTeX, Version 3.1415926-2.3-1.40.12 (MiKTeX 2.9) (preloaded format=pdflatex 2014.7.16)  2 AUG 2017 21:21
entering extended mode
**Manual_Seguimiento.tex
(C:\Users\Karla\Desktop\Repositorio\IMARSIS\Seguimiento\Manual_Seguimiento.tex
LaTeX2e <2011/06/27>
Babel <v3.8m> and hyphenation patterns for english, afrikaans, ancientgreek, ar
abic, armenian, assamese, basque, bengali, bokmal, bulgarian, catalan, coptic, 
croatian, czech, danish, dutch, esperanto, estonian, farsi, finnish, french, ga
lician, german, german-x-2009-06-19, greek, gujarati, hindi, hungarian, iceland
ic, indonesian, interlingua, irish, italian, kannada, kurmanji, lao, latin, lat
vian, lithuanian, malayalam, marathi, mongolian, mongolianlmc, monogreek, ngerm
an, ngerman-x-2009-06-19, nynorsk, oriya, panjabi, pinyin, polish, portuguese, 
romanian, russian, sanskrit, serbian, slovak, slovenian, spanish, swedish, swis
sgerman, tamil, telugu, turkish, turkmen, ukenglish, ukrainian, uppersorbian, u
senglishmax, welsh, loaded.
("D:\MiKTeX 2.9\tex\latex\base\book.cls"
Document Class: book 2007/10/19 v1.4h Standard LaTeX document class
("D:\MiKTeX 2.9\tex\latex\base\bk11.clo"
File: bk11.clo 2007/10/19 v1.4h Standard LaTeX file (size option)
)
\c@part=\count79
\c@chapter=\count80
\c@section=\count81
\c@subsection=\count82
\c@subsubsection=\count83
\c@paragraph=\count84
\c@subparagraph=\count85
\c@figure=\count86
\c@table=\count87
\abovecaptionskip=\skip41
\belowcaptionskip=\skip42
\bibindent=\dimen102
)
("D:\MiKTeX 2.9\tex\generic\babel\babel.sty"
Package: babel 2008/07/08 v3.8m The Babel package

*************************************
* Local config file bblopts.cfg used
*
("D:\MiKTeX 2.9\tex\latex\00miktex\bblopts.cfg"
File: bblopts.cfg 2006/07/31 v1.0 MiKTeX 'babel' configuration
)
("D:\MiKTeX 2.9\tex\generic\babel\spanish.ldf"
Language: spanish.ldf 2009/01/02 v5.0h Spanish support from the babel system

("D:\MiKTeX 2.9\tex\generic\babel\babel.def"
File: babel.def 2008/07/08 v3.8m Babel common definitions
\babel@savecnt=\count88
\U@D=\dimen103
)
\es@datefmt=\count89
\es@quottoks=\toks14
\es@quotdepth=\count90
Package babel Info: Making " an active character on input line 492.
Package babel Info: Making . an active character on input line 585.
Package babel Info: Making < an active character on input line 630.
Package babel Info: Making > an active character on input line 630.
))
("D:\MiKTeX 2.9\tex\latex\base\inputenc.sty"
Package: inputenc 2008/03/30 v1.1d Input encoding file
\inpenc@prehook=\toks15
\inpenc@posthook=\toks16

("D:\MiKTeX 2.9\tex\latex\base\latin1.def"
File: latin1.def 2008/03/30 v1.1d Input encoding file
))
("D:\MiKTeX 2.9\tex\latex\base\latexsym.sty"
Package: latexsym 1998/08/17 v2.2e Standard LaTeX package (lasy symbols)
\symlasy=\mathgroup4
LaTeX Font Info:    Overwriting symbol font `lasy' in version `bold'
(Font)                  U/lasy/m/n --> U/lasy/b/n on input line 47.
)
("D:\MiKTeX 2.9\tex\latex\mdwtools\footnote.sty"
Package: footnote 1997/01/28 1.13 Save footnotes around boxes
\fn@notes=\box26
\fn@width=\dimen104
)
("D:\MiKTeX 2.9\tex\latex\multirow\multirow.sty"
\bigstrutjot=\dimen105
)
("D:\MiKTeX 2.9\tex\latex\tools\array.sty"
Package: array 2008/09/09 v2.4c Tabular extension package (FMi)
\col@sep=\dimen106
\extrarowheight=\dimen107
\NC@list=\toks17
\extratabsurround=\skip43
\backup@length=\skip44
)
("D:\MiKTeX 2.9\tex\latex\tools\longtable.sty"
Package: longtable 2004/02/01 v4.11 Multi-page Table package (DPC)
\LTleft=\skip45
\LTright=\skip46
\LTpre=\skip47
\LTpost=\skip48
\LTchunksize=\count91
\LTcapwidth=\dimen108
\LT@head=\box27
\LT@firsthead=\box28
\LT@foot=\box29
\LT@lastfoot=\box30
\LT@cols=\count92
\LT@rows=\count93
\c@LT@tables=\count94
\c@LT@chunks=\count95
\LT@p@ftn=\toks18
)
("D:\MiKTeX 2.9\tex\latex\endnotes\endnotes.sty"
\c@endnote=\count96
\endnotesep=\dimen109
\@enotes=\write3
)
("D:\MiKTeX 2.9\tex\latex\graphics\graphicx.sty"
Package: graphicx 1999/02/16 v1.0f Enhanced LaTeX Graphics (DPC,SPQR)

("D:\MiKTeX 2.9\tex\latex\graphics\keyval.sty"
Package: keyval 1999/03/16 v1.13 key=value parser (DPC)
\KV@toks@=\toks19
)
("D:\MiKTeX 2.9\tex\latex\graphics\graphics.sty"
Package: graphics 2009/02/05 v1.0o Standard LaTeX Graphics (DPC,SPQR)

("D:\MiKTeX 2.9\tex\latex\graphics\trig.sty"
Package: trig 1999/03/16 v1.09 sin cos tan (DPC)
)
("D:\MiKTeX 2.9\tex\latex\00miktex\graphics.cfg"
File: graphics.cfg 2007/01/18 v1.5 graphics configuration of teTeX/TeXLive
)
Package graphics Info: Driver file: pdftex.def on input line 91.

("D:\MiKTeX 2.9\tex\latex\pdftex-def\pdftex.def"
File: pdftex.def 2011/05/27 v0.06d Graphics/color for pdfTeX

("D:\MiKTeX 2.9\tex\generic\oberdiek\infwarerr.sty"
Package: infwarerr 2010/04/08 v1.3 Providing info/warning/message (HO)
)
("D:\MiKTeX 2.9\tex\generic\oberdiek\ltxcmds.sty"
Package: ltxcmds 2011/04/18 v1.20 LaTeX kernel commands for general use (HO)
)
\Gread@gobject=\count97
))
\Gin@req@height=\dimen110
\Gin@req@width=\dimen111
)
("D:\MiKTeX 2.9\tex\latex\oberdiek\pdflscape.sty"
Package: pdflscape 2008/08/11 v0.10 Landscape pages in PDF (HO)

("D:\MiKTeX 2.9\tex\latex\graphics\lscape.sty"
Package: lscape 2000/10/22 v3.01 Landscape Pages (DPC)
)
("D:\MiKTeX 2.9\tex\generic\oberdiek\ifpdf.sty"
Package: ifpdf 2011/01/30 v2.3 Provides the ifpdf switch (HO)
Package ifpdf Info: pdfTeX in PDF mode is detected.
)
Package pdflscape Info: Auto-detected driver: pdftex on input line 80.

("D:\MiKTeX 2.9\tex\generic\ifxetex\ifxetex.sty"
Package: ifxetex 2010/09/12 v0.6 Provides ifxetex conditional
))
("D:\MiKTeX 2.9\tex\latex\hyperref\hyperref.sty"
Package: hyperref 2012/02/06 v6.82o Hypertext links for LaTeX

("D:\MiKTeX 2.9\tex\generic\oberdiek\hobsub-hyperref.sty"
Package: hobsub-hyperref 2011/04/23 v1.4 Bundle oberdiek, subset hyperref (HO)

("D:\MiKTeX 2.9\tex\generic\oberdiek\hobsub-generic.sty"
Package: hobsub-generic 2011/04/23 v1.4 Bundle oberdiek, subset generic (HO)
Package: hobsub 2011/04/23 v1.4 Subsetting bundle oberdiek (HO)
Package hobsub Info: Skipping package `infwarerr' (already loaded).
Package hobsub Info: Skipping package `ltxcmds' (already loaded).
Package: ifluatex 2010/03/01 v1.3 Provides the ifluatex switch (HO)
Package ifluatex Info: LuaTeX not detected.
Package: ifvtex 2010/03/01 v1.5 Switches for detecting VTeX and its modes (HO)
Package ifvtex Info: VTeX not detected.
Package: intcalc 2007/09/27 v1.1 Expandable integer calculations (HO)
Package hobsub Info: Skipping package `ifpdf' (already loaded).
Package: etexcmds 2011/02/16 v1.5 Prefix for e-TeX command names (HO)
Package etexcmds Info: Could not find \expanded.
(etexcmds)             That can mean that you are not using pdfTeX 1.50 or
(etexcmds)             that some package has redefined \expanded.
(etexcmds)             In the latter case, load this package earlier.
Package: kvsetkeys 2011/04/07 v1.13 Key value parser (HO)
Package: kvdefinekeys 2011/04/07 v1.3 Defining keys (HO)
Package: pdftexcmds 2011/04/22 v0.16 Utilities of pdfTeX for LuaTeX (HO)
Package pdftexcmds Info: LuaTeX not detected.
Package pdftexcmds Info: \pdf@primitive is available.
Package pdftexcmds Info: \pdf@ifprimitive is available.
Package pdftexcmds Info: \pdfdraftmode found.
Package: pdfescape 2011/04/04 v1.12 Provides string conversions (HO)
Package: bigintcalc 2011/01/30 v1.2 Expandable big integer calculations (HO)
Package: bitset 2011/01/30 v1.1 Data type bit set (HO)
Package: uniquecounter 2011/01/30 v1.2 Provides unlimited unique counter (HO)
)
Package hobsub Info: Skipping package `hobsub' (already loaded).
Package: letltxmacro 2010/09/02 v1.4 Let assignment for LaTeX macros (HO)
Package: hopatch 2011/01/30 v1.0 Wrapper for package hooks (HO)
Package: xcolor-patch 2011/01/30 xcolor patch
Package: atveryend 2011/04/23 v1.7 Hooks at very end of document (HO)
Package: atbegshi 2011/01/30 v1.15 At begin shipout hook (HO)
Package: refcount 2010/12/01 v3.2 Data extraction from references (HO)
Package: hycolor 2011/01/30 v1.7 Color options of hyperref/bookmark (HO)
)
("D:\MiKTeX 2.9\tex\latex\oberdiek\kvoptions.sty"
Package: kvoptions 2010/12/23 v3.10 Keyval support for LaTeX options (HO)
)
\@linkdim=\dimen112
\Hy@linkcounter=\count98
\Hy@pagecounter=\count99

("D:\MiKTeX 2.9\tex\latex\hyperref\pd1enc.def"
File: pd1enc.def 2012/02/06 v6.82o Hyperref: PDFDocEncoding definition (HO)
)
\Hy@SavedSpaceFactor=\count100

("D:\MiKTeX 2.9\tex\latex\00miktex\hyperref.cfg"
File: hyperref.cfg 2002/06/06 v1.2 hyperref configuration of TeXLive
)

Package hyperref Warning: Unexpected value for option `pdftex'
(hyperref)                is ignored on input line 3925.

Package hyperref Info: Option `colorlinks' set `true' on input line 3925.
Package hyperref Info: Option `plainpages' set `false' on input line 3925.
Package hyperref Info: Hyper figures OFF on input line 4046.
Package hyperref Info: Link nesting OFF on input line 4051.
Package hyperref Info: Hyper index ON on input line 4054.
Package hyperref Info: Plain pages OFF on input line 4061.
Package hyperref Info: Backreferencing OFF on input line 4066.
Package hyperref Info: Implicit mode ON; LaTeX internals redefined.
Package hyperref Info: Bookmarks ON on input line 4284.
\c@Hy@tempcnt=\count101
("D:\MiKTeX 2.9\tex\latex\ltxmisc\url.sty"
\Urlmuskip=\muskip10
Package: url 2006/04/12  ver 3.3  Verb mode for urls, etc.
)
LaTeX Info: Redefining \url on input line 4637.
\Fld@menulength=\count102
\Field@Width=\dimen113
\Fld@charsize=\dimen114
Package hyperref Info: Hyper figures OFF on input line 5757.
Package hyperref Info: Link nesting OFF on input line 5762.
Package hyperref Info: Hyper index ON on input line 5765.
Package hyperref Info: backreferencing OFF on input line 5772.
Package hyperref Info: Link coloring ON on input line 5775.
Package hyperref Info: Link coloring with OCG OFF on input line 5782.
Package hyperref Info: PDF/A mode OFF on input line 5787.
LaTeX Info: Redefining \ref on input line 5827.
LaTeX Info: Redefining \pageref on input line 5831.
\Hy@abspage=\count103
\c@Item=\count104
\c@Hfootnote=\count105
)

Package hyperref Message: Driver: hpdftex.

("D:\MiKTeX 2.9\tex\latex\hyperref\hpdftex.def"
File: hpdftex.def 2012/02/06 v6.82o Hyperref driver for pdfTeX
\Fld@listcount=\count106
\c@bookmark@seq@number=\count107

("D:\MiKTeX 2.9\tex\latex\oberdiek\rerunfilecheck.sty"
Package: rerunfilecheck 2011/04/15 v1.7 Rerun checks for auxiliary files (HO)
Package uniquecounter Info: New unique counter `rerunfilecheck' on input line 2
82.
)
\Hy@SectionHShift=\skip49
)
(C:\Users\Karla\Desktop\Repositorio\IMARSIS\Seguimiento\Manual_Seguimiento.aux

LaTeX Warning: Label `tabla:autores' multiply defined.


LaTeX Warning: Label `tabla:autores' multiply defined.


LaTeX Warning: Label `tabla:autores' multiply defined.


LaTeX Warning: Label `tabla:autores' multiply defined.


LaTeX Warning: Label `tabla:autores' multiply defined.

(C:\Users\Karla\Desktop\Repositorio\IMARSIS\Seguimiento\bibliografia.aux))
LaTeX Font Info:    Checking defaults for OML/cmm/m/it on input line 33.
LaTeX Font Info:    ... okay on input line 33.
LaTeX Font Info:    Checking defaults for T1/cmr/m/n on input line 33.
LaTeX Font Info:    ... okay on input line 33.
LaTeX Font Info:    Checking defaults for OT1/cmr/m/n on input line 33.
LaTeX Font Info:    ... okay on input line 33.
LaTeX Font Info:    Checking defaults for OMS/cmsy/m/n on input line 33.
LaTeX Font Info:    ... okay on input line 33.
LaTeX Font Info:    Checking defaults for OMX/cmex/m/n on input line 33.
LaTeX Font Info:    ... okay on input line 33.
LaTeX Font Info:    Checking defaults for U/cmr/m/n on input line 33.
LaTeX Font Info:    ... okay on input line 33.
LaTeX Font Info:    Checking defaults for PD1/pdf/m/n on input line 33.
LaTeX Font Info:    ... okay on input line 33.

("D:\MiKTeX 2.9\tex\context\base\supp-pdf.mkii"
[Loading MPS to PDF converter (version 2006.09.02).]
\scratchcounter=\count108
\scratchdimen=\dimen115
\scratchbox=\box31
\nofMPsegments=\count109
\nofMParguments=\count110
\everyMPshowfont=\toks20
\MPscratchCnt=\count111
\MPscratchDim=\dimen116
\MPnumerator=\count112
\makeMPintoPDFobject=\count113
\everyMPtoPDFconversion=\toks21
)
\AtBeginShipoutBox=\box32
 ("D:\MiKTeX 2.9\tex\latex\graphics\color.sty"
Package: color 2005/11/14 v1.0j Standard LaTeX Color (DPC)

("D:\MiKTeX 2.9\tex\latex\00miktex\color.cfg"
File: color.cfg 2007/01/18 v1.5 color configuration of teTeX/TeXLive
)
Package color Info: Driver file: pdftex.def on input line 130.
)
Package hyperref Info: Link coloring ON on input line 33.

("D:\MiKTeX 2.9\tex\latex\hyperref\nameref.sty"
Package: nameref 2010/04/30 v2.40 Cross-referencing by name of section

("D:\MiKTeX 2.9\tex\generic\oberdiek\gettitlestring.sty"
Package: gettitlestring 2010/12/03 v1.4 Cleanup title references (HO)
)
\c@section@level=\count114
)
LaTeX Info: Redefining \ref on input line 33.
LaTeX Info: Redefining \pageref on input line 33.
LaTeX Info: Redefining \nameref on input line 33.

(C:\Users\Karla\Desktop\Repositorio\IMARSIS\Seguimiento\Manual_Seguimiento.out)
(C:\Users\Karla\Desktop\Repositorio\IMARSIS\Seguimiento\Manual_Seguimiento.out)
\@outlinefile=\write4
<imagen_Seguimiento/logo.png, id=199, 380.622pt x 373.395pt>
File: imagen_Seguimiento/logo.png Graphic file (type png)

<use imagen_Seguimiento/logo.png>
Package pdftex.def Info: imagen_Seguimiento/logo.png used on input line 39.
(pdftex.def)             Requested size: 227.62204pt x 223.30374pt.
 [1


{C:/Users/Karla/AppData/Local/MiKTeX/2.9/pdftex/config/pdftex.map} <C:/Users/Ka
rla/Desktop/Repositorio/IMARSIS/Seguimiento/imagen_Seguimiento/logo.png>]
(C:\Users\Karla\Desktop\Repositorio\IMARSIS\Seguimiento\Manual_Seguimiento.toc
LaTeX Font Info:    External font `cmex10' loaded for size
(Font)              <10.95> on input line 3.
LaTeX Font Info:    External font `cmex10' loaded for size
(Font)              <8> on input line 3.
LaTeX Font Info:    External font `cmex10' loaded for size
(Font)              <6> on input line 3.
LaTeX Font Info:    Try loading font information for U+lasy on input line 3.

("D:\MiKTeX 2.9\tex\latex\base\ulasy.fd"
File: ulasy.fd 1998/08/17 v2.2e LaTeX symbol font definitions
)pdfTeX warning (ext4): destination with the same identifier (name{page.1}) has
 been already used, duplicate ignored
<to be read again> 
                   \relax 
l.36 ...es en fichas biom\'etricas}{54}{chapter.6}
                                                   [1

])
\tf@toc=\write5
 [2]
Cap\IeC {\'\i }tulo 1.
[3

] [4]
Cap\IeC {\'\i }tulo 2.
[5

]
Cap\IeC {\'\i }tulo 3.
<imagen_Seguimiento/1.jpg, id=280, 462.528pt x 264.99pt>
File: imagen_Seguimiento/1.jpg Graphic file (type jpg)

<use imagen_Seguimiento/1.jpg>
Package pdftex.def Info: imagen_Seguimiento/1.jpg used on input line 212.
(pdftex.def)             Requested size: 323.76738pt x 185.49173pt.

Underfull \hbox (badness 10000) in paragraph at lines 218--220

 []

[6

 <C:/Users/Karla/Desktop/Repositorio/IMARSIS/Seguimiento/imagen_Seguimiento/1.j
pg>] <imagen_Seguimiento/2.jpg, id=287, 961.79324pt x 537.80925pt>
File: imagen_Seguimiento/2.jpg Graphic file (type jpg)

<use imagen_Seguimiento/2.jpg>
Package pdftex.def Info: imagen_Seguimiento/2.jpg used on input line 227.
(pdftex.def)             Requested size: 432.80296pt x 242.01192pt.
 [7 <C:/Users/Karla/Desktop/Repositorio/IMARSIS/Seguimiento/imagen_Seguimiento/
2.jpg>]
<imagen_Seguimiento/3.jpg, id=293, 963.6pt x 542.025pt>
File: imagen_Seguimiento/3.jpg Graphic file (type jpg)

<use imagen_Seguimiento/3.jpg>
Package pdftex.def Info: imagen_Seguimiento/3.jpg used on input line 257.
(pdftex.def)             Requested size: 433.616pt x 243.90898pt.
 [8 <C:/Users/Karla/Desktop/Repositorio/IMARSIS/Seguimiento/imagen_Seguimiento/
3.jpg>]
Cap\IeC {\'\i }tulo 4.
<imagen_Seguimiento/opcion.png, id=303, 523.20468pt x 234.8775pt>
File: imagen_Seguimiento/opcion.png Graphic file (type png)

<use imagen_Seguimiento/opcion.png>
Package pdftex.def Info: imagen_Seguimiento/opcion.png used on input line 282.
(pdftex.def)             Requested size: 418.56432pt x 187.90225pt.
 [9

 <C:/Users/Karla/Desktop/Repositorio/IMARSIS/Seguimiento/imagen_Seguimiento/opc
ion.png>]
<imagen_Seguimiento/partebiologica.jpg, id=309, 899.61093pt x 470.50781pt>
File: imagen_Seguimiento/partebiologica.jpg Graphic file (type jpg)

<use imagen_Seguimiento/partebiologica.jpg>
Package pdftex.def Info: imagen_Seguimiento/partebiologica.jpg used on input li
ne 295.
(pdftex.def)             Requested size: 503.77869pt x 263.48257pt.

Overfull \hbox (59.91553pt too wide) in paragraph at lines 295--296
 [] 
 []

<imagen_Seguimiento/fecha.png, id=310, 58.71938pt x 55.70813pt>
File: imagen_Seguimiento/fecha.png Graphic file (type png)

<use imagen_Seguimiento/fecha.png>
Package pdftex.def Info: imagen_Seguimiento/fecha.png used on input line 308.
(pdftex.def)             Requested size: 46.97554pt x 44.56654pt.

<imagen_Seguimiento/lugar.png, id=311, 147.55125pt x 30.1125pt>
File: imagen_Seguimiento/lugar.png Graphic file (type png)

<use imagen_Seguimiento/lugar.png>
Package pdftex.def Info: imagen_Seguimiento/lugar.png used on input line 319.
(pdftex.def)             Requested size: 103.28516pt x 21.07858pt.

<imagen_Seguimiento/especie.png, id=312, 176.15813pt x 27.85406pt>
File: imagen_Seguimiento/especie.png Graphic file (type png)

<use imagen_Seguimiento/especie.png>
Package pdftex.def Info: imagen_Seguimiento/especie.png used on input line 331.

(pdftex.def)             Requested size: 176.15768pt x 27.85397pt.
 [10 <C:/Users/Karla/Desktop/Repositorio/IMARSIS/Seguimiento/imagen_Seguimiento
/partebiologica.jpg> <C:/Users/Karla/Desktop/Repositorio/IMARSIS/Seguimiento/im
agen_Seguimiento/fecha.png> <C:/Users/Karla/Desktop/Repositorio/IMARSIS/Seguimi
ento/imagen_Seguimiento/lugar.png>]
<imagen_Seguimiento/muestra.png, id=324, 48.18pt x 27.85406pt>
File: imagen_Seguimiento/muestra.png Graphic file (type png)

<use imagen_Seguimiento/muestra.png>
Package pdftex.def Info: imagen_Seguimiento/muestra.png used on input line 342.

(pdftex.def)             Requested size: 48.17986pt x 27.85397pt.

<imagen_Seguimiento/embarcacion.png, id=325, 191.9672pt x 29.35968pt>
File: imagen_Seguimiento/embarcacion.png Graphic file (type png)

<use imagen_Seguimiento/embarcacion.png>
Package pdftex.def Info: imagen_Seguimiento/embarcacion.png used on input line 
352.
(pdftex.def)             Requested size: 191.96672pt x 29.35959pt.
 [11 <C:/Users/Karla/Desktop/Repositorio/IMARSIS/Seguimiento/imagen_Seguimiento
/especie.png> <C:/Users/Karla/Desktop/Repositorio/IMARSIS/Seguimiento/imagen_Se
guimiento/muestra.png> <C:/Users/Karla/Desktop/Repositorio/IMARSIS/Seguimiento/
imagen_Seguimiento/embarcacion.png>]
<imagen_Seguimiento/tiposdemedidas.jpg, id=341, 179.92218pt x 60.97781pt>
File: imagen_Seguimiento/tiposdemedidas.jpg Graphic file (type jpg)

<use imagen_Seguimiento/tiposdemedidas.jpg>
Package pdftex.def Info: imagen_Seguimiento/tiposdemedidas.jpg used on input li
ne 372.
(pdftex.def)             Requested size: 143.93793pt x 48.78229pt.

Underfull \hbox (badness 10000) in paragraph at lines 406--407

 []

<imagen_Seguimiento/ancho.png, id=342, 593.21625pt x 134.4222pt>
File: imagen_Seguimiento/ancho.png Graphic file (type png)

<use imagen_Seguimiento/ancho.png>
Package pdftex.def Info: imagen_Seguimiento/ancho.png used on input line 411.
(pdftex.def)             Requested size: 355.9325pt x 80.65393pt.
 [12 <C:/Users/Karla/Desktop/Repositorio/IMARSIS/Seguimiento/imagen_Seguimiento
/tiposdemedidas.jpg> <C:/Users/Karla/Desktop/Repositorio/IMARSIS/Seguimiento/im
agen_Seguimiento/ancho.png>]
<imagen_Seguimiento/sexo.png, id=355, 141.52875pt x 68.05424pt>
File: imagen_Seguimiento/sexo.png Graphic file (type png)

<use imagen_Seguimiento/sexo.png>
Package pdftex.def Info: imagen_Seguimiento/sexo.png used on input line 446.
(pdftex.def)             Requested size: 212.29259pt x 102.08109pt.
 [13 <C:/Users/Karla/Desktop/Repositorio/IMARSIS/Seguimiento/imagen_Seguimiento
/sexo.png>]
<imagen_Seguimiento/oto.png, id=379, 29.51025pt x 99.9735pt>
File: imagen_Seguimiento/oto.png Graphic file (type png)

<use imagen_Seguimiento/oto.png>
Package pdftex.def Info: imagen_Seguimiento/oto.png used on input line 490.
(pdftex.def)             Requested size: 29.51016pt x 99.97324pt.

<imagen_Seguimiento/pesca.png, id=380, 73.4745pt x 58.41824pt>
File: imagen_Seguimiento/pesca.png Graphic file (type png)

<use imagen_Seguimiento/pesca.png>
Package pdftex.def Info: imagen_Seguimiento/pesca.png used on input line 514.
(pdftex.def)             Requested size: 110.21146pt x 87.62714pt.


LaTeX Warning: `!h' float specifier changed to `!ht'.

[14 <C:/Users/Karla/Desktop/Repositorio/IMARSIS/Seguimiento/imagen_Seguimiento/
oto.png>] <imagen_Seguimiento/check.png, id=396, 81.30376pt x 30.1125pt>
File: imagen_Seguimiento/check.png Graphic file (type png)

<use imagen_Seguimiento/check.png>
Package pdftex.def Info: imagen_Seguimiento/check.png used on input line 528.
(pdftex.def)             Requested size: 105.69484pt x 39.14622pt.

<imagen_Seguimiento/estomago.png, id=397, 82.05656pt x 29.35968pt>
File: imagen_Seguimiento/estomago.png Graphic file (type png)

<use imagen_Seguimiento/estomago.png>
Package pdftex.def Info: imagen_Seguimiento/estomago.png used on input line 538
.
(pdftex.def)             Requested size: 106.6735pt x 38.16754pt.

<imagen_Seguimiento/otolito.png, id=398, 82.05656pt x 28.60687pt>
File: imagen_Seguimiento/otolito.png Graphic file (type png)

<use imagen_Seguimiento/otolito.png>
Package pdftex.def Info: imagen_Seguimiento/otolito.png used on input line 548.

(pdftex.def)             Requested size: 106.6735pt x 37.18892pt.

<imagen_Seguimiento/parasito.png, id=399, 81.30376pt x 28.60687pt>
File: imagen_Seguimiento/parasito.png Graphic file (type png)

<use imagen_Seguimiento/parasito.png>
Package pdftex.def Info: imagen_Seguimiento/parasito.png used on input line 557
.
(pdftex.def)             Requested size: 105.69484pt x 37.18892pt.

<imagen_Seguimiento/escama.png, id=400, 79.79813pt x 30.1125pt>
File: imagen_Seguimiento/escama.png Graphic file (type png)

<use imagen_Seguimiento/escama.png>
Package pdftex.def Info: imagen_Seguimiento/escama.png used on input line 567.
(pdftex.def)             Requested size: 103.73752pt x 39.14622pt.
 [15 <C:/Users/Karla/Desktop/Repositorio/IMARSIS/Seguimiento/imagen_Seguimiento
/pesca.png> <C:/Users/Karla/Desktop/Repositorio/IMARSIS/Seguimiento/imagen_Segu
imiento/check.png> <C:/Users/Karla/Desktop/Repositorio/IMARSIS/Seguimiento/imag
en_Seguimiento/estomago.png> <C:/Users/Karla/Desktop/Repositorio/IMARSIS/Seguim
iento/imagen_Seguimiento/otolito.png> <C:/Users/Karla/Desktop/Repositorio/IMARS
IS/Seguimiento/imagen_Seguimiento/parasito.png> <C:/Users/Karla/Desktop/Reposit
orio/IMARSIS/Seguimiento/imagen_Seguimiento/escama.png>] <imagen_Seguimiento/hi
gado.png, id=407, 60.225pt x 203.25937pt>
File: imagen_Seguimiento/higado.png Graphic file (type png)

<use imagen_Seguimiento/higado.png>
Package pdftex.def Info: imagen_Seguimiento/higado.png used on input line 578.
(pdftex.def)             Requested size: 36.13527pt x 121.95656pt.

<imagen_Seguimiento/parasito12.png, id=408, 93.34875pt x 170.13562pt>
File: imagen_Seguimiento/parasito12.png Graphic file (type png)

<use imagen_Seguimiento/parasito12.png>
Package pdftex.def Info: imagen_Seguimiento/parasito12.png used on input line 5
88.
(pdftex.def)             Requested size: 56.00967pt x 102.08215pt.

<imagen_Seguimiento/cabe2.png, id=409, 61.73062pt x 158.84344pt>
File: imagen_Seguimiento/cabe2.png Graphic file (type png)

<use imagen_Seguimiento/cabe2.png>
Package pdftex.def Info: imagen_Seguimiento/cabe2.png used on input line 599.
(pdftex.def)             Requested size: 37.03864pt x 95.3068pt.
 [16 <C:/Users/Karla/Desktop/Repositorio/IMARSIS/Seguimiento/imagen_Seguimiento
/higado.png> <C:/Users/Karla/Desktop/Repositorio/IMARSIS/Seguimiento/imagen_Seg
uimiento/parasito12.png> <C:/Users/Karla/Desktop/Repositorio/IMARSIS/Seguimient
o/imagen_Seguimiento/cabe2.png>]
<imagen_Seguimiento/grasa.png, id=414, 27.85406pt x 28.60687pt>
File: imagen_Seguimiento/grasa.png Graphic file (type png)

<use imagen_Seguimiento/grasa.png>
Package pdftex.def Info: imagen_Seguimiento/grasa.png used on input line 610.
(pdftex.def)             Requested size: 36.21024pt x 37.18892pt.

Underfull \hbox (badness 2865) in paragraph at lines 621--622
[]|\OT1/cmr/bx/n/10.95 Definicion del ni-vel de
 []

<imagen_Seguimiento/grasafoto.png, id=415, 134.75343pt x 184.43906pt>
File: imagen_Seguimiento/grasafoto.png Graphic file (type png)

<use imagen_Seguimiento/grasafoto.png>
Package pdftex.def Info: imagen_Seguimiento/grasafoto.png used on input line 63
7.
(pdftex.def)             Requested size: 121.27696pt x 165.9936pt.
 [17 <C:/Users/Karla/Desktop/Repositorio/IMARSIS/Seguimiento/imagen_Seguimiento
/grasa.png> <C:/Users/Karla/Desktop/Repositorio/IMARSIS/Seguimiento/imagen_Segu
imiento/grasafoto.png>]
<imagen_Seguimiento/vertebras.png, id=421, 109.1578pt x 166.37157pt>
File: imagen_Seguimiento/vertebras.png Graphic file (type png)

<use imagen_Seguimiento/vertebras.png>
Package pdftex.def Info: imagen_Seguimiento/vertebras.png used on input line 65
0.
(pdftex.def)             Requested size: 87.32635pt x 133.09741pt.

<imagen_Seguimiento/vertebraS12.png, id=422, 65.49469pt x 204.01219pt>
File: imagen_Seguimiento/vertebraS12.png Graphic file (type png)

<use imagen_Seguimiento/vertebraS12.png>
Package pdftex.def Info: imagen_Seguimiento/vertebraS12.png used on input line 
657.
(pdftex.def)             Requested size: 52.3958pt x 163.20996pt.
 [18 <C:/Users/Karla/Desktop/Repositorio/IMARSIS/Seguimiento/imagen_Seguimiento
/vertebras.png> <C:/Users/Karla/Desktop/Repositorio/IMARSIS/Seguimiento/imagen_
Seguimiento/vertebraS12.png>]
<imagen_Seguimiento/nueva.png, id=430, 613.54219pt x 394.47375pt>
File: imagen_Seguimiento/nueva.png Graphic file (type png)

<use imagen_Seguimiento/nueva.png>
Package pdftex.def Info: imagen_Seguimiento/nueva.png used on input line 682.
(pdftex.def)             Requested size: 429.47661pt x 276.12973pt.
 [19 <C:/Users/Karla/Desktop/Repositorio/IMARSIS/Seguimiento/imagen_Seguimiento
/nueva.png>]
<imagen_Seguimiento/puertoo.png, id=436, 621.82312pt x 390.70969pt>
File: imagen_Seguimiento/puertoo.png Graphic file (type png)

<use imagen_Seguimiento/puertoo.png>
Package pdftex.def Info: imagen_Seguimiento/puertoo.png used on input line 699.

(pdftex.def)             Requested size: 373.09674pt x 234.42761pt.

<imagen_Seguimiento/nuevore.png, id=437, 289.08pt x 45.92157pt>
File: imagen_Seguimiento/nuevore.png Graphic file (type png)

<use imagen_Seguimiento/nuevore.png>
Package pdftex.def Info: imagen_Seguimiento/nuevore.png used on input line 711.

(pdftex.def)             Requested size: 289.07928pt x 45.92145pt.
 [20 <C:/Users/Karla/Desktop/Repositorio/IMARSIS/Seguimiento/imagen_Seguimiento
/puertoo.png> <C:/Users/Karla/Desktop/Repositorio/IMARSIS/Seguimiento/imagen_Se
guimiento/nuevore.png>]
<imagen_Seguimiento/casillaespecie.png, id=445, 616.55344pt x 389.95688pt>
File: imagen_Seguimiento/casillaespecie.png Graphic file (type png)

<use imagen_Seguimiento/casillaespecie.png>
Package pdftex.def Info: imagen_Seguimiento/casillaespecie.png used on input li
ne 725.
(pdftex.def)             Requested size: 369.9349pt x 233.97592pt.

<imagen_Seguimiento/emcabezado12.png, id=446, 621.07031pt x 96.36pt>
File: imagen_Seguimiento/emcabezado12.png Graphic file (type png)

<use imagen_Seguimiento/emcabezado12.png>
Package pdftex.def Info: imagen_Seguimiento/emcabezado12.png used on input line
 737.
(pdftex.def)             Requested size: 403.69092pt x 62.63324pt.
 [21 <C:/Users/Karla/Desktop/Repositorio/IMARSIS/Seguimiento/imagen_Seguimiento
/casillaespecie.png> <C:/Users/Karla/Desktop/Repositorio/IMARSIS/Seguimiento/im
agen_Seguimiento/emcabezado12.png>]
<imagen_Seguimiento/muestreo2000.png, id=453, 636.12656pt x 390.70969pt>
File: imagen_Seguimiento/muestreo2000.png Graphic file (type png)

<use imagen_Seguimiento/muestreo2000.png>
Package pdftex.def Info: imagen_Seguimiento/muestreo2000.png used on input line
 753.
(pdftex.def)             Requested size: 477.09375pt x 293.03154pt.

Overfull \hbox (40.03058pt too wide) in paragraph at lines 753--754
 [] 
 []

[22 <C:/Users/Karla/Desktop/Repositorio/IMARSIS/Seguimiento/imagen_Seguimiento/
muestreo2000.png>]
<imagen_Seguimiento/muestreo90.png, id=460, 543.53062pt x 413.29407pt>
File: imagen_Seguimiento/muestreo90.png Graphic file (type png)

<use imagen_Seguimiento/muestreo90.png>
Package pdftex.def Info: imagen_Seguimiento/muestreo90.png used on input line 7
64.
(pdftex.def)             Requested size: 478.30841pt x 363.69989pt.

Overfull \hbox (41.24524pt too wide) in paragraph at lines 764--765
 [] 
 []

[23 <C:/Users/Karla/Desktop/Repositorio/IMARSIS/Seguimiento/imagen_Seguimiento/
muestreo90.png>]
<imagen_Seguimiento/muestreo60.png, id=467, 573.64313pt x 377.15906pt>
File: imagen_Seguimiento/muestreo60.png Graphic file (type png)

<use imagen_Seguimiento/muestreo60.png>
Package pdftex.def Info: imagen_Seguimiento/muestreo60.png used on input line 7
77.
(pdftex.def)             Requested size: 476.12367pt x 313.04195pt.

Overfull \hbox (39.0605pt too wide) in paragraph at lines 777--778
 [] 
 []

[24 <C:/Users/Karla/Desktop/Repositorio/IMARSIS/Seguimiento/imagen_Seguimiento/
muestreo60.png>]
<imagen_Seguimiento/muestreo40.png, id=474, 529.98pt x 408.02437pt>
File: imagen_Seguimiento/muestreo40.png Graphic file (type png)

<use imagen_Seguimiento/muestreo40.png>
Package pdftex.def Info: imagen_Seguimiento/muestreo40.png used on input line 7
89.
(pdftex.def)             Requested size: 476.97757pt x 367.21854pt.

Overfull \hbox (39.9144pt too wide) in paragraph at lines 789--790
 [] 
 []

[25 <C:/Users/Karla/Desktop/Repositorio/IMARSIS/Seguimiento/imagen_Seguimiento/
muestreo40.png>]
<imagen_Seguimiento/muestreador.png, id=480, 180.675pt x 31.61812pt>
File: imagen_Seguimiento/muestreador.png Graphic file (type png)

<use imagen_Seguimiento/muestreador.png>
Package pdftex.def Info: imagen_Seguimiento/muestreador.png used on input line 
811.
(pdftex.def)             Requested size: 162.60599pt x 28.45602pt.

<imagen_Seguimiento/si.png, id=481, 170.13562pt x 200.24812pt>
File: imagen_Seguimiento/si.png Graphic file (type png)

<use imagen_Seguimiento/si.png>
Package pdftex.def Info: imagen_Seguimiento/si.png used on input line 826.
(pdftex.def)             Requested size: 102.08215pt x 120.1498pt.

<imagen_Seguimiento/otolitosi.png, id=482, 115.93312pt x 152.82094pt>
File: imagen_Seguimiento/otolitosi.png Graphic file (type png)

<use imagen_Seguimiento/otolitosi.png>
Package pdftex.def Info: imagen_Seguimiento/otolitosi.png used on input line 83
5.
(pdftex.def)             Requested size: 92.74661pt x 122.2569pt.
 [26 <C:/Users/Karla/Desktop/Repositorio/IMARSIS/Seguimiento/imagen_Seguimiento
/muestreador.png> <C:/Users/Karla/Desktop/Repositorio/IMARSIS/Seguimiento/image
n_Seguimiento/si.png> <C:/Users/Karla/Desktop/Repositorio/IMARSIS/Seguimiento/i
magen_Seguimiento/otolitosi.png>]
<imagen_Seguimiento/equis.png, id=487, 153.57375pt x 188.20313pt>
File: imagen_Seguimiento/equis.png Graphic file (type png)

<use imagen_Seguimiento/equis.png>
Package pdftex.def Info: imagen_Seguimiento/equis.png used on input line 847.
(pdftex.def)             Requested size: 76.78668pt x 94.10132pt.

<imagen_Seguimiento/oto12.png, id=488, 67.75313pt x 182.93344pt>
File: imagen_Seguimiento/oto12.png Graphic file (type png)

<use imagen_Seguimiento/oto12.png>
Package pdftex.def Info: imagen_Seguimiento/oto12.png used on input line 864.
(pdftex.def)             Requested size: 33.87646pt x 91.46649pt.

<imagen_Seguimiento/ancho12.png, id=489, 145.29282pt x 283.81032pt>
File: imagen_Seguimiento/ancho12.png Graphic file (type png)

<use imagen_Seguimiento/ancho12.png>
Package pdftex.def Info: imagen_Seguimiento/ancho12.png used on input line 882.

(pdftex.def)             Requested size: 72.64622pt x 141.9048pt.
 [27 <C:/Users/Karla/Desktop/Repositorio/IMARSIS/Seguimiento/imagen_Seguimiento
/equis.png> <C:/Users/Karla/Desktop/Repositorio/IMARSIS/Seguimiento/imagen_Segu
imiento/oto12.png> <C:/Users/Karla/Desktop/Repositorio/IMARSIS/Seguimiento/imag
en_Seguimiento/ancho12.png>]
<imagen_Seguimiento/flota.png, id=494, 115.93312pt x 91.84312pt>
File: imagen_Seguimiento/flota.png Graphic file (type png)

<use imagen_Seguimiento/flota.png>
Package pdftex.def Info: imagen_Seguimiento/flota.png used on input line 895.
(pdftex.def)             Requested size: 115.93283pt x 91.84288pt.

<imagen_Seguimiento/area.png, id=495, 75.28125pt x 199.49532pt>
File: imagen_Seguimiento/area.png Graphic file (type png)

<use imagen_Seguimiento/area.png>
Package pdftex.def Info: imagen_Seguimiento/area.png used on input line 905.
(pdftex.def)             Requested size: 67.75247pt x 179.54411pt.

<imagen_Seguimiento/tipo.png, id=496, 408.77719pt x 206.27063pt>
File: imagen_Seguimiento/tipo.png Graphic file (type png)

<use imagen_Seguimiento/tipo.png>
Package pdftex.def Info: imagen_Seguimiento/tipo.png used on input line 912.
(pdftex.def)             Requested size: 163.50797pt x 82.50677pt.


LaTeX Warning: `!h' float specifier changed to `!ht'.

<imagen_Seguimiento/tipopes.png, id=497, 91.84312pt x 45.92157pt>
File: imagen_Seguimiento/tipopes.png Graphic file (type png)

<use imagen_Seguimiento/tipopes.png>
Package pdftex.def Info: imagen_Seguimiento/tipopes.png used on input line 923.

(pdftex.def)             Requested size: 137.76431pt x 68.88217pt.


LaTeX Warning: `!h' float specifier changed to `!ht'.

[28 <C:/Users/Karla/Desktop/Repositorio/IMARSIS/Seguimiento/imagen_Seguimiento/
flota.png> <C:/Users/Karla/Desktop/Repositorio/IMARSIS/Seguimiento/imagen_Segui
miento/area.png>]
<imagen_Seguimiento/mach.jpg, id=502, 150.5625pt x 150.5625pt>
File: imagen_Seguimiento/mach.jpg Graphic file (type jpg)

<use imagen_Seguimiento/mach.jpg>
Package pdftex.def Info: imagen_Seguimiento/mach.jpg used on input line 942.
(pdftex.def)             Requested size: 39.14531pt x 39.14531pt.

<imagen_Seguimiento/hem.jpg, id=503, 170.5572pt x 240.9pt>
File: imagen_Seguimiento/hem.jpg Graphic file (type jpg)

<use imagen_Seguimiento/hem.jpg>
Package pdftex.def Info: imagen_Seguimiento/hem.jpg used on input line 952.
(pdftex.def)             Requested size: 35.81805pt x 50.59048pt.
 [29 <C:/Users/Karla/Desktop/Repositorio/IMARSIS/Seguimiento/imagen_Seguimiento
/tipo.png> <C:/Users/Karla/Desktop/Repositorio/IMARSIS/Seguimiento/imagen_Segui
miento/tipopes.png> <C:/Users/Karla/Desktop/Repositorio/IMARSIS/Seguimiento/ima
gen_Seguimiento/mach.jpg> <C:/Users/Karla/Desktop/Repositorio/IMARSIS/Seguimien
to/imagen_Seguimiento/hem.jpg>]
<imagen_Seguimiento/sexotra.png, id=508, 111.41624pt x 232.61906pt>
File: imagen_Seguimiento/sexotra.png Graphic file (type png)

<use imagen_Seguimiento/sexotra.png>
Package pdftex.def Info: imagen_Seguimiento/sexotra.png used on input line 962.

(pdftex.def)             Requested size: 77.99083pt x 162.83221pt.

<imagen_Seguimiento/casillama.png, id=509, 88.07906pt x 151.3153pt>
File: imagen_Seguimiento/casillama.png Graphic file (type png)

<use imagen_Seguimiento/casillama.png>
Package pdftex.def Info: imagen_Seguimiento/casillama.png used on input line 97
6.
(pdftex.def)             Requested size: 88.07883pt x 151.31493pt.
 [30 <C:/Users/Karla/Desktop/Repositorio/IMARSIS/Seguimiento/imagen_Seguimiento
/sexotra.png> <C:/Users/Karla/Desktop/Repositorio/IMARSIS/Seguimiento/imagen_Se
guimiento/casillama.png>]
<imagen_Seguimiento/estomacal.png, id=515, 318.43968pt x 377.15906pt>
File: imagen_Seguimiento/estomacal.png Graphic file (type png)

<use imagen_Seguimiento/estomacal.png>
Package pdftex.def Info: imagen_Seguimiento/estomacal.png used on input line 99
2.
(pdftex.def)             Requested size: 222.90625pt x 264.00954pt.
 [31 <C:/Users/Karla/Desktop/Repositorio/IMARSIS/Seguimiento/imagen_Seguimiento
/estomacal.png>]
<imagen_Seguimiento/descrip.png, id=521, 432.86719pt x 271.0125pt>
File: imagen_Seguimiento/descrip.png Graphic file (type png)

<use imagen_Seguimiento/descrip.png>
Package pdftex.def Info: imagen_Seguimiento/descrip.png used on input line 1005
.
(pdftex.def)             Requested size: 194.78842pt x 121.95448pt.

<imagen_Seguimiento/cualitati.png, id=522, 419.31656pt x 301.8778pt>
File: imagen_Seguimiento/cualitati.png Graphic file (type png)

<use imagen_Seguimiento/cualitati.png>
Package pdftex.def Info: imagen_Seguimiento/cualitati.png used on input line 10
14.
(pdftex.def)             Requested size: 188.6907pt x 135.84375pt.

<imagen_Seguimiento/cuanti.png, id=523, 431.36156pt x 315.42844pt>
File: imagen_Seguimiento/cuanti.png Graphic file (type png)

<use imagen_Seguimiento/cuanti.png>
Package pdftex.def Info: imagen_Seguimiento/cuanti.png used on input line 1022.

(pdftex.def)             Requested size: 194.1109pt x 141.94148pt.
 [32 <C:/Users/Karla/Desktop/Repositorio/IMARSIS/Seguimiento/imagen_Seguimiento
/descrip.png> <C:/Users/Karla/Desktop/Repositorio/IMARSIS/Seguimiento/imagen_Se
guimiento/cualitati.png> <C:/Users/Karla/Desktop/Repositorio/IMARSIS/Seguimient
o/imagen_Seguimiento/cuanti.png>]
<imagen_Seguimiento/descripc.png, id=528, 164.86594pt x 205.5178pt>
File: imagen_Seguimiento/descripc.png Graphic file (type png)

<use imagen_Seguimiento/descripc.png>
Package pdftex.def Info: imagen_Seguimiento/descripc.png used on input line 103
2.
(pdftex.def)             Requested size: 131.8929pt x 164.41446pt.
LaTeX Font Info:    Try loading font information for OMS+cmr on input line 1046
.
 ("D:\MiKTeX 2.9\tex\latex\base\omscmr.fd"
File: omscmr.fd 1999/05/25 v2.5h Standard LaTeX font definitions
)
LaTeX Font Info:    Font shape `OMS/cmr/m/n' in size <10.95> not available
(Font)              Font shape `OMS/cmsy/m/n' tried instead on input line 1046.

 <imagen_Seguimiento/igs.png, id=529, 60.97781pt x 239.39438pt>
File: imagen_Seguimiento/igs.png Graphic file (type png)

<use imagen_Seguimiento/igs.png>
Package pdftex.def Info: imagen_Seguimiento/igs.png used on input line 1051.
(pdftex.def)             Requested size: 48.78229pt x 191.51575pt.
 [33 <C:/Users/Karla/Desktop/Repositorio/IMARSIS/Seguimiento/imagen_Seguimiento
/descripc.png> <C:/Users/Karla/Desktop/Repositorio/IMARSIS/Seguimiento/imagen_S
eguimiento/igs.png>]
<imagen_Seguimiento/eviscerado.png, id=536, 101.62968pt x 191.21437pt>
File: imagen_Seguimiento/eviscerado.png Graphic file (type png)

<use imagen_Seguimiento/eviscerado.png>
Package pdftex.def Info: imagen_Seguimiento/eviscerado.png used on input line 1
064.
(pdftex.def)             Requested size: 81.30385pt x 152.9717pt.

Underfull \hbox (badness 10000) in paragraph at lines 1068--1069

 []

File: imagen_Seguimiento/higado.png Graphic file (type png)
<use imagen_Seguimiento/higado.png>
Package pdftex.def Info: imagen_Seguimiento/higado.png used on input line 1077.

(pdftex.def)             Requested size: 48.18005pt x 162.60771pt.
 [34 <C:/Users/Karla/Desktop/Repositorio/IMARSIS/Seguimiento/imagen_Seguimiento
/eviscerado.png>]
<imagen_Seguimiento/areamu.png, id=543, 441.90094pt x 218.31563pt>
File: imagen_Seguimiento/areamu.png Graphic file (type png)

<use imagen_Seguimiento/areamu.png>
Package pdftex.def Info: imagen_Seguimiento/areamu.png used on input line 1102.

(pdftex.def)             Requested size: 265.14261pt x 130.99037pt.

<imagen_Seguimiento/areamu7.png, id=544, 356.83313pt x 222.07968pt>
File: imagen_Seguimiento/areamu7.png Graphic file (type png)

<use imagen_Seguimiento/areamu7.png>
Package pdftex.def Info: imagen_Seguimiento/areamu7.png used on input line 1110
.
(pdftex.def)             Requested size: 267.62418pt x 166.55934pt.
 [35 <C:/Users/Karla/Desktop/Repositorio/IMARSIS/Seguimiento/imagen_Seguimiento
/areamu.png> <C:/Users/Karla/Desktop/Repositorio/IMARSIS/Seguimiento/imagen_Seg
uimiento/areamu7.png>]
<imagen_Seguimiento/area1.png, id=551, 200.24812pt x 252.945pt>
File: imagen_Seguimiento/area1.png Graphic file (type png)

<use imagen_Seguimiento/area1.png>
Package pdftex.def Info: imagen_Seguimiento/area1.png used on input line 1121.
(pdftex.def)             Requested size: 100.12381pt x 126.47218pt.

<imagen_Seguimiento/colec.png, id=552, 429.10312pt x 65.49469pt>
File: imagen_Seguimiento/colec.png Graphic file (type png)

<use imagen_Seguimiento/colec.png>
Package pdftex.def Info: imagen_Seguimiento/colec.png used on input line 1134.
(pdftex.def)             Requested size: 257.46385pt x 39.29709pt.

<imagen_Seguimiento/asterisco.png, id=553, 219.06844pt x 306.39468pt>
File: imagen_Seguimiento/asterisco.png Graphic file (type png)

<use imagen_Seguimiento/asterisco.png>
Package pdftex.def Info: imagen_Seguimiento/asterisco.png used on input line 11
44.
(pdftex.def)             Requested size: 98.57988pt x 137.87633pt.

<imagen_Seguimiento/azul.png, id=554, 395.97937pt x 276.28218pt>
File: imagen_Seguimiento/azul.png Graphic file (type png)

<use imagen_Seguimiento/azul.png>
Package pdftex.def Info: imagen_Seguimiento/azul.png used on input line 1155.
(pdftex.def)             Requested size: 158.38895pt x 110.51091pt.


LaTeX Warning: `!h' float specifier changed to `!ht'.

[36 <C:/Users/Karla/Desktop/Repositorio/IMARSIS/Seguimiento/imagen_Seguimiento/
area1.png> <C:/Users/Karla/Desktop/Repositorio/IMARSIS/Seguimiento/imagen_Segui
miento/colec.png> <C:/Users/Karla/Desktop/Repositorio/IMARSIS/Seguimiento/image
n_Seguimiento/asterisco.png>]
<imagen_Seguimiento/12345.png, id=561, 274.02374pt x 33.87656pt>
File: imagen_Seguimiento/12345.png Graphic file (type png)

<use imagen_Seguimiento/12345.png>
Package pdftex.def Info: imagen_Seguimiento/12345.png used on input line 1164.
(pdftex.def)             Requested size: 246.61908pt x 30.4886pt.

<imagen_Seguimiento/pinta.png, id=562, 466.74374pt x 96.36pt>
File: imagen_Seguimiento/pinta.png Graphic file (type png)

<use imagen_Seguimiento/pinta.png>
Package pdftex.def Info: imagen_Seguimiento/pinta.png used on input line 1178.
(pdftex.def)             Requested size: 326.71838pt x 67.45152pt.

<imagen_Seguimiento/revisado.png, id=563, 616.55344pt x 271.76532pt>
File: imagen_Seguimiento/revisado.png Graphic file (type png)

<use imagen_Seguimiento/revisado.png>
Package pdftex.def Info: imagen_Seguimiento/revisado.png used on input line 120
2.
(pdftex.def)             Requested size: 431.58446pt x 190.23442pt.


LaTeX Warning: `!h' float specifier changed to `!ht'.

[37 <C:/Users/Karla/Desktop/Repositorio/IMARSIS/Seguimiento/imagen_Seguimiento/
azul.png> <C:/Users/Karla/Desktop/Repositorio/IMARSIS/Seguimiento/imagen_Seguim
iento/12345.png> <C:/Users/Karla/Desktop/Repositorio/IMARSIS/Seguimiento/imagen
_Seguimiento/pinta.png>] [38 <C:/Users/Karla/Desktop/Repositorio/IMARSIS/Seguim
iento/imagen_Seguimiento/revisado.png>]
Cap\IeC {\'\i }tulo 5.
<imagen_Seguimiento/biom.png, id=572, 523.20468pt x 231.11343pt>
File: imagen_Seguimiento/biom.png Graphic file (type png)

<use imagen_Seguimiento/biom.png>
Package pdftex.def Info: imagen_Seguimiento/biom.png used on input line 1242.
(pdftex.def)             Requested size: 418.56432pt x 184.89099pt.
 [39

 <C:/Users/Karla/Desktop/Repositorio/IMARSIS/Seguimiento/imagen_Seguimiento/bio
m.png>]
<imagen_Seguimiento/6.jpg, id=578, 456.95718pt x 516.42938pt>
File: imagen_Seguimiento/6.jpg Graphic file (type jpg)

<use imagen_Seguimiento/6.jpg>
Package pdftex.def Info: imagen_Seguimiento/6.jpg used on input line 1263.
(pdftex.def)             Requested size: 456.95605pt x 516.42812pt.

Overfull \hbox (13.0929pt too wide) in paragraph at lines 1263--1264
 [] 
 []

[40 <C:/Users/Karla/Desktop/Repositorio/IMARSIS/Seguimiento/imagen_Seguimiento/
6.jpg>] <imagen_Seguimiento/7.jpg, id=584, 904.1278pt x 475.02469pt>
File: imagen_Seguimiento/7.jpg Graphic file (type jpg)

<use imagen_Seguimiento/7.jpg>
Package pdftex.def Info: imagen_Seguimiento/7.jpg used on input line 1275.
(pdftex.def)             Requested size: 506.30812pt x 266.012pt.

Overfull \hbox (62.44496pt too wide) in paragraph at lines 1275--1276
 [] 
 []

[41 <C:/Users/Karla/Desktop/Repositorio/IMARSIS/Seguimiento/imagen_Seguimiento/
7.jpg>] <imagen_Seguimiento/8.jpg, id=596, 541.27219pt x 119.69719pt>
File: imagen_Seguimiento/8.jpg Graphic file (type jpg)

<use imagen_Seguimiento/8.jpg>
Package pdftex.def Info: imagen_Seguimiento/8.jpg used on input line 1300.
(pdftex.def)             Requested size: 324.76581pt x 71.81885pt.

Overfull \hbox (3.17409pt too wide) in paragraph at lines 1311--1311
[]|\OT1/cmr/m/n/10.95 CODIGO| 
 []

<imagen_Seguimiento/9.jpg, id=597, 485.56406pt x 108.405pt>
File: imagen_Seguimiento/9.jpg Graphic file (type jpg)

<use imagen_Seguimiento/9.jpg>
Package pdftex.def Info: imagen_Seguimiento/9.jpg used on input line 1330.
(pdftex.def)             Requested size: 291.34068pt x 65.04349pt.
 [42 <C:/Users/Karla/Desktop/Repositorio/IMARSIS/Seguimiento/imagen_Seguimiento
/8.jpg> <C:/Users/Karla/Desktop/Repositorio/IMARSIS/Seguimiento/imagen_Seguimie
nto/9.jpg>]
LaTeX Font Info:    External font `cmex10' loaded for size
(Font)              <14.4> on input line 1351.
LaTeX Font Info:    External font `cmex10' loaded for size
(Font)              <7> on input line 1351.

<imagen_Seguimiento/conversion.jpg, id=610, 297.36093pt x 360.59718pt>
File: imagen_Seguimiento/conversion.jpg Graphic file (type jpg)

<use imagen_Seguimiento/conversion.jpg>
Package pdftex.def Info: imagen_Seguimiento/conversion.jpg used on input line 1
361.
(pdftex.def)             Requested size: 178.41792pt x 216.35997pt.
 [43 <C:/Users/Karla/Desktop/Repositorio/IMARSIS/Seguimiento/imagen_Seguimiento
/conversion.jpg>]
Overfull \hbox (5.07507pt too wide) in paragraph at lines 1381--1381
[]|\OT1/cmr/m/n/10.95 ESPECIE| 
 []


Overfull \hbox (7.5084pt too wide) in paragraph at lines 1383--1383
[]|\OT1/cmr/m/n/10.95 Anchoveta| 
 []

<imagen_Seguimiento/composicion.jpg, id=617, 311.66437pt x 111.41624pt>
File: imagen_Seguimiento/composicion.jpg Graphic file (type jpg)

<use imagen_Seguimiento/composicion.jpg>
Package pdftex.def Info: imagen_Seguimiento/composicion.jpg used on input line 
1397.
(pdftex.def)             Requested size: 187.00006pt x 66.85025pt.
 [44 <C:/Users/Karla/Desktop/Repositorio/IMARSIS/Seguimiento/imagen_Seguimiento
/composicion.jpg>]
<imagen_Seguimiento/pesodegrupo.png, id=629, 307.1475pt x 154.32657pt>
File: imagen_Seguimiento/pesodegrupo.png Graphic file (type png)

<use imagen_Seguimiento/pesodegrupo.png>
Package pdftex.def Info: imagen_Seguimiento/pesodegrupo.png used on input line 
1407.
(pdftex.def)             Requested size: 215.00177pt x 108.02785pt.

<imagen_Seguimiento/iniciales.png, id=630, 499.8675pt x 247.67531pt>
File: imagen_Seguimiento/iniciales.png Graphic file (type png)

<use imagen_Seguimiento/iniciales.png>
Package pdftex.def Info: imagen_Seguimiento/iniciales.png used on input line 14
26.
(pdftex.def)             Requested size: 299.9228pt x 148.60632pt.
 [45 <C:/Users/Karla/Desktop/Repositorio/IMARSIS/Seguimiento/imagen_Seguimiento
/pesodegrupo.png> <C:/Users/Karla/Desktop/Repositorio/IMARSIS/Seguimiento/image
n_Seguimiento/iniciales.png>]
<imagen_Seguimiento/10.png, id=641, 557.6835pt x 425.1885pt>
File: imagen_Seguimiento/10.png Graphic file (type png)

<use imagen_Seguimiento/10.png>
Package pdftex.def Info: imagen_Seguimiento/10.png used on input line 1438.
(pdftex.def)             Requested size: 557.68213pt x 425.18745pt.


LaTeX Warning: Float too large for page by 22.45346pt on input line 1441.


LaTeX Warning: `!h' float specifier changed to `!ht'.

[46 <C:/Users/Karla/Desktop/Repositorio/IMARSIS/Seguimiento/imagen_Seguimiento/
10.png>] <imagen_Seguimiento/comandos.jpg, id=647, 620.3175pt x 381.67593pt>
File: imagen_Seguimiento/comandos.jpg Graphic file (type jpg)

<use imagen_Seguimiento/comandos.jpg>
Package pdftex.def Info: imagen_Seguimiento/comandos.jpg used on input line 145
6.
(pdftex.def)             Requested size: 483.8457pt x 297.70602pt.

Overfull \hbox (39.98254pt too wide) in paragraph at lines 1456--1457
 [] 
 []

<imagen_Seguimiento/5.jpg, id=648, 654.64575pt x 319.79475pt>
File: imagen_Seguimiento/5.jpg Graphic file (type jpg)

<use imagen_Seguimiento/5.jpg>
Package pdftex.def Info: imagen_Seguimiento/5.jpg used on input line 1481.
(pdftex.def)             Requested size: 327.32207pt x 159.89697pt.


LaTeX Warning: `!h' float specifier changed to `!ht'.

<imagen_Seguimiento/4.jpg, id=649, 499.26524pt x 331.83975pt>
File: imagen_Seguimiento/4.jpg Graphic file (type jpg)

<use imagen_Seguimiento/4.jpg>
Package pdftex.def Info: imagen_Seguimiento/4.jpg used on input line 1491.
(pdftex.def)             Requested size: 199.70256pt x 132.73355pt.
 [47


 <C:/Users/Karla/Desktop/Repositorio/IMARSIS/Seguimiento/imagen_Seguimiento/com
andos.jpg>] [48 <C:/Users/Karla/Desktop/Repositorio/IMARSIS/Seguimiento/imagen_
Seguimiento/5.jpg> <C:/Users/Karla/Desktop/Repositorio/IMARSIS/Seguimiento/imag
en_Seguimiento/4.jpg>]
<imagen_Seguimiento/sinfabrica.jpg, id=662, 438.438pt x 414.348pt>
File: imagen_Seguimiento/sinfabrica.jpg Graphic file (type jpg)

<use imagen_Seguimiento/sinfabrica.jpg>
Package pdftex.def Info: imagen_Seguimiento/sinfabrica.jpg used on input line 1
509.
(pdftex.def)             Requested size: 394.59055pt x 372.90974pt.

Underfull \hbox (badness 10000) in paragraph at lines 1514--1515

 []


Underfull \hbox (badness 10000) in paragraph at lines 1516--1518

 []


Underfull \hbox (badness 10000) in paragraph at lines 1516--1518

 []

[49 <C:/Users/Karla/Desktop/Repositorio/IMARSIS/Seguimiento/imagen_Seguimiento/
sinfabrica.jpg>]
Underfull \hbox (badness 10000) in paragraph at lines 1521--1523

 []


Underfull \hbox (badness 10000) in paragraph at lines 1524--1525

 []

<imagen_Seguimiento/11.jpg, id=668, 445.665pt x 313.17pt>
File: imagen_Seguimiento/11.jpg Graphic file (type jpg)

<use imagen_Seguimiento/11.jpg>
Package pdftex.def Info: imagen_Seguimiento/11.jpg used on input line 1529.
(pdftex.def)             Requested size: 267.40106pt x 187.90344pt.

Underfull \hbox (badness 10000) in paragraph at lines 1536--1537

 []

<imagen_Seguimiento/12.jpg, id=669, 508.14844pt x 369.63094pt>
File: imagen_Seguimiento/12.jpg Graphic file (type jpg)

<use imagen_Seguimiento/12.jpg>
Package pdftex.def Info: imagen_Seguimiento/12.jpg used on input line 1542.
(pdftex.def)             Requested size: 355.70148pt x 258.73988pt.
 [50 <C:/Users/Karla/Desktop/Repositorio/IMARSIS/Seguimiento/imagen_Seguimiento
/11.jpg>]
<imagen_Seguimiento/14.jpg, id=675, 432.4155pt x 377.0085pt>
File: imagen_Seguimiento/14.jpg Graphic file (type jpg)

<use imagen_Seguimiento/14.jpg>
Package pdftex.def Info: imagen_Seguimiento/14.jpg used on input line 1556.
(pdftex.def)             Requested size: 311.33891pt x 271.4459pt.


LaTeX Warning: `!h' float specifier changed to `!ht'.

File: imagen_Seguimiento/12.jpg Graphic file (type jpg)
<use imagen_Seguimiento/12.jpg>
Package pdftex.def Info: imagen_Seguimiento/12.jpg used on input line 1566.
(pdftex.def)             Requested size: 254.0736pt x 184.815pt.


LaTeX Warning: `!h' float specifier changed to `!ht'.

<imagen_Seguimiento/13.jpg, id=676, 723.30225pt x 500.46976pt>
File: imagen_Seguimiento/13.jpg Graphic file (type jpg)

<use imagen_Seguimiento/13.jpg>
Package pdftex.def Info: imagen_Seguimiento/13.jpg used on input line 1576.
(pdftex.def)             Requested size: 289.31577pt x 200.18434pt.


LaTeX Warning: `!h' float specifier changed to `!ht'.

<imagen_Seguimiento/busqueda.jpg, id=677, 308.95425pt x 431.81325pt>
File: imagen_Seguimiento/busqueda.jpg Graphic file (type jpg)

<use imagen_Seguimiento/busqueda.jpg>
Package pdftex.def Info: imagen_Seguimiento/busqueda.jpg used on input line 158
8.
(pdftex.def)             Requested size: 247.16373pt x 345.45105pt.


LaTeX Warning: `!h' float specifier changed to `!ht'.

<imagen_Seguimiento/capturacoincidir.jpg, id=678, 840.13875pt x 276.43275pt>
File: imagen_Seguimiento/capturacoincidir.jpg Graphic file (type jpg)

<use imagen_Seguimiento/capturacoincidir.jpg>
Package pdftex.def Info: imagen_Seguimiento/capturacoincidir.jpg used on input 
line 1607.
(pdftex.def)             Requested size: 420.06834pt x 138.21603pt.


LaTeX Warning: `!h' float specifier changed to `!ht'.

[51] [52 <C:/Users/Karla/Desktop/Repositorio/IMARSIS/Seguimiento/imagen_Seguimi
ento/12.jpg> <C:/Users/Karla/Desktop/Repositorio/IMARSIS/Seguimiento/imagen_Seg
uimiento/14.jpg>] [53 <C:/Users/Karla/Desktop/Repositorio/IMARSIS/Seguimiento/i
magen_Seguimiento/13.jpg>] [54 <C:/Users/Karla/Desktop/Repositorio/IMARSIS/Segu
imiento/imagen_Seguimiento/busqueda.jpg> <C:/Users/Karla/Desktop/Repositorio/IM
ARSIS/Seguimiento/imagen_Seguimiento/capturacoincidir.jpg>]
Cap\IeC {\'\i }tulo 6.
<imagen_Seguimiento/modificacionfecha.jpg, id=711, 552.56438pt x 365.86688pt>
File: imagen_Seguimiento/modificacionfecha.jpg Graphic file (type jpg)

<use imagen_Seguimiento/modificacionfecha.jpg>
Package pdftex.def Info: imagen_Seguimiento/modificacionfecha.jpg used on input
 line 1644.
(pdftex.def)             Requested size: 331.54118pt x 219.52182pt.
 [55

 <C:/Users/Karla/Desktop/Repositorio/IMARSIS/Seguimiento/imagen_Seguimiento/mod
ificacionfecha.jpg>]
<imagen_Seguimiento/casilla.jpg, id=718, 478.78876pt x 318.59026pt>
File: imagen_Seguimiento/casilla.jpg Graphic file (type jpg)

<use imagen_Seguimiento/casilla.jpg>
Package pdftex.def Info: imagen_Seguimiento/casilla.jpg used on input line 1657
.
(pdftex.def)             Requested size: 191.5121pt x 127.43384pt.
 [56 <C:/Users/Karla/Desktop/Repositorio/IMARSIS/Seguimiento/imagen_Seguimiento
/casilla.jpg>]
<imagen_Seguimiento/desembarque.jpg, id=724, 416.15475pt x 190.311pt>
File: imagen_Seguimiento/desembarque.jpg Graphic file (type jpg)

<use imagen_Seguimiento/desembarque.jpg>
Package pdftex.def Info: imagen_Seguimiento/desembarque.jpg used on input line 
1691.
(pdftex.def)             Requested size: 291.30634pt x 133.21677pt.

<imagen_Seguimiento/fichavacia.jpg, id=725, 308.95425pt x 437.83575pt>
File: imagen_Seguimiento/fichavacia.jpg Graphic file (type jpg)

<use imagen_Seguimiento/fichavacia.jpg>
Package pdftex.def Info: imagen_Seguimiento/fichavacia.jpg used on input line 1
698.
(pdftex.def)             Requested size: 247.16373pt x 350.26907pt.

<imagen_Seguimiento/desembarquellenado.jpg, id=726, 481.8pt x 325.81725pt>
File: imagen_Seguimiento/desembarquellenado.jpg Graphic file (type jpg)

<use imagen_Seguimiento/desembarquellenado.jpg>
Package pdftex.def Info: imagen_Seguimiento/desembarquellenado.jpg used on inpu
t line 1710.
(pdftex.def)             Requested size: 240.8994pt x 162.90822pt.
 [57 <C:/Users/Karla/Desktop/Repositorio/IMARSIS/Seguimiento/imagen_Seguimiento
/desembarque.jpg>] [58 <C:/Users/Karla/Desktop/Repositorio/IMARSIS/Seguimiento/
imagen_Seguimiento/fichavacia.jpg> <C:/Users/Karla/Desktop/Repositorio/IMARSIS/
Seguimiento/imagen_Seguimiento/desembarquellenado.jpg>]
<imagen_Seguimiento/llenadodesembarque.jpg, id=743, 411.33675pt x 278.84175pt>
File: imagen_Seguimiento/llenadodesembarque.jpg Graphic file (type jpg)

<use imagen_Seguimiento/llenadodesembarque.jpg>
Package pdftex.def Info: imagen_Seguimiento/llenadodesembarque.jpg used on inpu
t line 1719.
(pdftex.def)             Requested size: 213.89633pt x 144.99854pt.

<imagen_Seguimiento/nuevodesembarque.jpg, id=744, 441.44925pt x 276.43275pt>
File: imagen_Seguimiento/nuevodesembarque.jpg Graphic file (type jpg)

<use imagen_Seguimiento/nuevodesembarque.jpg>
Package pdftex.def Info: imagen_Seguimiento/nuevodesembarque.jpg used on input 
line 1732.
(pdftex.def)             Requested size: 220.72408pt x 138.21603pt.

Underfull \hbox (badness 10000) in paragraph at lines 1745--1746

 []

[59 <C:/Users/Karla/Desktop/Repositorio/IMARSIS/Seguimiento/imagen_Seguimiento/
llenadodesembarque.jpg> <C:/Users/Karla/Desktop/Repositorio/IMARSIS/Seguimiento
/imagen_Seguimiento/nuevodesembarque.jpg>] [60]
<imagen_Seguimiento/juntasdesembarque.jpg, id=768, 773.89125pt x 400.49625pt>
File: imagen_Seguimiento/juntasdesembarque.jpg Graphic file (type jpg)

<use imagen_Seguimiento/juntasdesembarque.jpg>
Package pdftex.def Info: imagen_Seguimiento/juntasdesembarque.jpg used on input
 line 1772.
(pdftex.def)             Requested size: 696.4957pt x 360.4433pt.

Overfull \hbox (56.3087pt too wide) in paragraph at lines 1772--1773
 [] 
 []

[61

 <C:/Users/Karla/Desktop/Repositorio/IMARSIS/Seguimiento/imagen_Seguimiento/jun
tasdesembarque.jpg>]
<imagen_Seguimiento/sinvalores.jpg, id=774, 531.78674pt x 349.90726pt>
File: imagen_Seguimiento/sinvalores.jpg Graphic file (type jpg)

<use imagen_Seguimiento/sinvalores.jpg>
Package pdftex.def Info: imagen_Seguimiento/sinvalores.jpg used on input line 1
794.
(pdftex.def)             Requested size: 303.1216pt x 199.4492pt.
 [62

 <C:/Users/Karla/Desktop/Repositorio/IMARSIS/Seguimiento/imagen_Seguimiento/sin
valores.jpg>]
<imagen_Seguimiento/viaje2.jpg, id=780, 816.80156pt x 407.27156pt>
File: imagen_Seguimiento/viaje2.jpg Graphic file (type jpg)

<use imagen_Seguimiento/viaje2.jpg>
Package pdftex.def Info: imagen_Seguimiento/viaje2.jpg used on input line 1813.

(pdftex.def)             Requested size: 326.71483pt x 162.90573pt.

<imagen_Seguimiento/nuevoviaje.jpg, id=781, 225.84375pt x 124.21407pt>
File: imagen_Seguimiento/nuevoviaje.jpg Graphic file (type jpg)

<use imagen_Seguimiento/nuevoviaje.jpg>
Package pdftex.def Info: imagen_Seguimiento/nuevoviaje.jpg used on input line 1
829.
(pdftex.def)             Requested size: 203.25748pt x 111.79161pt.

<imagen_Seguimiento/desembarquepp.jpg, id=782, 606.01407pt x 422.32782pt>
File: imagen_Seguimiento/desembarquepp.jpg Graphic file (type jpg)

<use imagen_Seguimiento/desembarquepp.jpg>
Package pdftex.def Info: imagen_Seguimiento/desembarquepp.jpg used on input lin
e 1842.
(pdftex.def)             Requested size: 484.81192pt x 337.8627pt.

Overfull \hbox (40.94876pt too wide) in paragraph at lines 1842--1843
 [] 
 []

[63 <C:/Users/Karla/Desktop/Repositorio/IMARSIS/Seguimiento/imagen_Seguimiento/
viaje2.jpg> <C:/Users/Karla/Desktop/Repositorio/IMARSIS/Seguimiento/imagen_Segu
imiento/nuevoviaje.jpg>] [64 <C:/Users/Karla/Desktop/Repositorio/IMARSIS/Seguim
iento/imagen_Seguimiento/desembarquepp.jpg>]
<imagen_Seguimiento/9999.jpg, id=795, 560.8453pt x 450.9347pt>
File: imagen_Seguimiento/9999.jpg Graphic file (type jpg)

<use imagen_Seguimiento/9999.jpg>
Package pdftex.def Info: imagen_Seguimiento/9999.jpg used on input line 1853.
(pdftex.def)             Requested size: 448.67685pt x 360.74825pt.

Overfull \hbox (11.61368pt too wide) in paragraph at lines 1853--1854
 [] 
 []

[65 <C:/Users/Karla/Desktop/Repositorio/IMARSIS/Seguimiento/imagen_Seguimiento/
9999.jpg>]
<imagen_Seguimiento/especie12.png, id=801, 559.33969pt x 375.65344pt>
File: imagen_Seguimiento/especie12.png Graphic file (type png)

<use imagen_Seguimiento/especie12.png>
Package pdftex.def Info: imagen_Seguimiento/especie12.png used on input line 18
72.
(pdftex.def)             Requested size: 335.6064pt x 225.3938pt.
 [66 <C:/Users/Karla/Desktop/Repositorio/IMARSIS/Seguimiento/imagen_Seguimiento
/especie12.png>]
<imagen_Seguimiento/fichazona.png, id=809, 283.81032pt x 78.2925pt>
File: imagen_Seguimiento/fichazona.png Graphic file (type png)

<use imagen_Seguimiento/fichazona.png>
Package pdftex.def Info: imagen_Seguimiento/fichazona.png used on input line 18
88.
(pdftex.def)             Requested size: 255.42691pt x 70.46259pt.

<imagen_Seguimiento/observaciones.png, id=810, 286.06876pt x 61.73062pt>
File: imagen_Seguimiento/observaciones.png Graphic file (type png)

<use imagen_Seguimiento/observaciones.png>
Package pdftex.def Info: imagen_Seguimiento/observaciones.png used on input lin
e 1912.
(pdftex.def)             Requested size: 257.45949pt x 55.55702pt.

<imagen_Seguimiento/notoca.jpg, id=811, 285.31593pt x 54.9553pt>
File: imagen_Seguimiento/notoca.jpg Graphic file (type jpg)

<use imagen_Seguimiento/notoca.jpg>
Package pdftex.def Info: imagen_Seguimiento/notoca.jpg used on input line 1923.

(pdftex.def)             Requested size: 256.78195pt x 49.45929pt.


LaTeX Warning: `!h' float specifier changed to `!ht'.

[67 <C:/Users/Karla/Desktop/Repositorio/IMARSIS/Seguimiento/imagen_Seguimiento/
fichazona.png> <C:/Users/Karla/Desktop/Repositorio/IMARSIS/Seguimiento/imagen_S
eguimiento/observaciones.png>]
<imagen_Seguimiento/areass.jpg, id=818, 293.59688pt x 70.01157pt>
File: imagen_Seguimiento/areass.jpg Graphic file (type jpg)

<use imagen_Seguimiento/areass.jpg>
Package pdftex.def Info: imagen_Seguimiento/areass.jpg used on input line 1943.

(pdftex.def)             Requested size: 264.23473pt x 63.00981pt.


LaTeX Warning: `!h' float specifier changed to `!ht'.

[68 <C:/Users/Karla/Desktop/Repositorio/IMARSIS/Seguimiento/imagen_Seguimiento/
notoca.jpg> <C:/Users/Karla/Desktop/Repositorio/IMARSIS/Seguimiento/imagen_Segu
imiento/areass.jpg>]

LaTeX Warning: `!h' float specifier changed to `!ht'.

[69] <imagen_Seguimiento/flota2.png, id=830, 214.55156pt x 26.34843pt>
File: imagen_Seguimiento/flota2.png Graphic file (type png)

<use imagen_Seguimiento/flota2.png>
Package pdftex.def Info: imagen_Seguimiento/flota2.png used on input line 2043.

(pdftex.def)             Requested size: 257.46057pt x 31.61794pt.
 [70 <C:/Users/Karla/Desktop/Repositorio/IMARSIS/Seguimiento/imagen_Seguimiento
/flota2.png>]
<imagen_Seguimiento/pesque.png, id=836, 318.43968pt x 154.32657pt>
File: imagen_Seguimiento/pesque.png Graphic file (type png)

<use imagen_Seguimiento/pesque.png>
Package pdftex.def Info: imagen_Seguimiento/pesque.png used on input line 2056.

(pdftex.def)             Requested size: 254.75209pt x 123.4614pt.

<imagen_Seguimiento/tip.png, id=837, 204.765pt x 31.61812pt>
File: imagen_Seguimiento/tip.png Graphic file (type png)

<use imagen_Seguimiento/tip.png>
Package pdftex.def Info: imagen_Seguimiento/tip.png used on input line 2068.
(pdftex.def)             Requested size: 245.71675pt x 37.94153pt.

<imagen_Seguimiento/sincap.png, id=838, 423.08063pt x 188.20313pt>
File: imagen_Seguimiento/sincap.png Graphic file (type png)

<use imagen_Seguimiento/sincap.png>
Package pdftex.def Info: imagen_Seguimiento/sincap.png used on input line 2087.

(pdftex.def)             Requested size: 380.76904pt x 169.38123pt.
 [71 <C:/Users/Karla/Desktop/Repositorio/IMARSIS/Seguimiento/imagen_Seguimiento
/pesque.png> <C:/Users/Karla/Desktop/Repositorio/IMARSIS/Seguimiento/imagen_Seg
uimiento/tip.png> <C:/Users/Karla/Desktop/Repositorio/IMARSIS/Seguimiento/image
n_Seguimiento/sincap.png>]
<imagen_Seguimiento/sincaptu.png, id=843, 625.58719pt x 347.79938pt>
File: imagen_Seguimiento/sincaptu.png Graphic file (type png)

<use imagen_Seguimiento/sincaptu.png>
Package pdftex.def Info: imagen_Seguimiento/sincaptu.png used on input line 210
9.
(pdftex.def)             Requested size: 375.35521pt x 208.68123pt.

<imagen_Seguimiento/34k.png, id=844, 544.28343pt x 113.67468pt>
File: imagen_Seguimiento/34k.png Graphic file (type png)

<use imagen_Seguimiento/34k.png>
Package pdftex.def Info: imagen_Seguimiento/34k.png used on input line 2120.
(pdftex.def)             Requested size: 353.78004pt x 73.88765pt.
 [72 <C:/Users/Karla/Desktop/Repositorio/IMARSIS/Seguimiento/imagen_Seguimiento
/sincaptu.png> <C:/Users/Karla/Desktop/Repositorio/IMARSIS/Seguimiento/imagen_S
eguimiento/34k.png>]
<imagen_Seguimiento/obser.png, id=850, 427.5975pt x 237.88875pt>
File: imagen_Seguimiento/obser.png Graphic file (type png)

<use imagen_Seguimiento/obser.png>
Package pdftex.def Info: imagen_Seguimiento/obser.png used on input line 2132.
(pdftex.def)             Requested size: 342.07846pt x 190.31123pt.

<imagen_Seguimiento/compoju.png, id=851, 306.39468pt x 110.66344pt>
File: imagen_Seguimiento/compoju.png Graphic file (type png)

<use imagen_Seguimiento/compoju.png>
Package pdftex.def Info: imagen_Seguimiento/compoju.png used on input line 2145
.
(pdftex.def)             Requested size: 306.39394pt x 110.66315pt.
 [73 <C:/Users/Karla/Desktop/Repositorio/IMARSIS/Seguimiento/imagen_Seguimiento
/obser.png> <C:/Users/Karla/Desktop/Repositorio/IMARSIS/Seguimiento/imagen_Segu
imiento/compoju.png>]
<imagen_Seguimiento/ficha2324.png, id=856, 571.38469pt x 402.75468pt>
File: imagen_Seguimiento/ficha2324.png Graphic file (type png)

<use imagen_Seguimiento/ficha2324.png>
Package pdftex.def Info: imagen_Seguimiento/ficha2324.png used on input line 21
63.
(pdftex.def)             Requested size: 257.12073pt x 181.23793pt.

<imagen_Seguimiento/sardina.png, id=857, 256.70906pt x 395.97937pt>
File: imagen_Seguimiento/sardina.png Graphic file (type png)

<use imagen_Seguimiento/sardina.png>
Package pdftex.def Info: imagen_Seguimiento/sardina.png used on input line 2174
.
(pdftex.def)             Requested size: 154.02661pt x 237.58945pt.
 [74 <C:/Users/Karla/Desktop/Repositorio/IMARSIS/Seguimiento/imagen_Seguimiento
/ficha2324.png> <C:/Users/Karla/Desktop/Repositorio/IMARSIS/Seguimiento/imagen_
Seguimiento/sardina.png>]
<imagen_Seguimiento/forma60.png, id=862, 374.14781pt x 450.9347pt>
File: imagen_Seguimiento/forma60.png Graphic file (type png)

<use imagen_Seguimiento/forma60.png>
Package pdftex.def Info: imagen_Seguimiento/forma60.png used on input line 2191
.
(pdftex.def)             Requested size: 224.4904pt x 270.5629pt.
 [75 <C:/Users/Karla/Desktop/Repositorio/IMARSIS/Seguimiento/imagen_Seguimiento
/forma60.png>]
Ap\'endice A.

Overfull \hbox (204.0363pt too wide) in alignment at lines 2236--2239
 [] [] [] [] [] 
 []


Overfull \hbox (204.0363pt too wide) in alignment at lines 2239--2245
 [] [] [] [] [] 
 []


Overfull \hbox (204.0363pt too wide) in alignment at lines 2245--2247
 [] [] [] [] [] 
 []


Overfull \hbox (204.0363pt too wide) in alignment at lines 2247--2249
 [] [] [] [] [] 
 []


Overfull \hbox (204.0363pt too wide) in alignment at lines 2249--2272
 [] [] [] [] [] 
 []


Underfull \vbox (badness 10000) detected at line 2272
 []


Overfull \hbox (204.0363pt too wide) in alignment at lines 2272--2294
 [] [] [] [] [] 
 []

pdfTeX warning (ext4): destination with the same identifier (name{page.1}) has 
been already used, duplicate ignored
<to be read again> 
                   \relax 
l.2294 \hline
              Cubiceps & 1992 & \emph{Cubiceps sp.} & Para todo el Per. & \\
[1



]
Overfull \hbox (204.0363pt too wide) in alignment at lines 2294--2321
 [] [] [] [] [] 
 []


Overfull \hbox (204.0363pt too wide) in alignment at lines 2321--2345
 [] [] [] [] [] 
 []

pdfTeX warning (ext4): destination with the same identifier (name{page.2}) has 
been already used, duplicate ignored
<to be read again> 
                   \relax 
l.2345 \hline
              Palometa & 1033 & \emph{Prepilus snyderi} & Para todo el Per....
[2]
Overfull \hbox (204.0363pt too wide) in alignment at lines 2345--2366
 [] [] [] [] [] 
 []

pdfTeX warning (ext4): destination with the same identifier (name{page.3}) has 
been already used, duplicate ignored
<to be read again> 
                   \relax 
l.2366 \hline
              	Samasa & 228 & \emph{Anchoa nasus} & Para todo el Per. & Sin...
[3]
Overfull \hbox (204.0363pt too wide) in alignment at lines 2366--2388
 [] [] [] [] [] 
 []

pdfTeX warning (ext4): destination with the same identifier (name{page.4}) has 
been already used, duplicate ignored
<to be read again> 
                   \relax 
l.2388 \end{longtable}
                       [4]pdfTeX warning (ext4): destination with the same iden
tifier (name{page.5}) has been already used, duplicate ignored
<to be read again> 
                   \relax 
l.2392 \end{landscape}
                       [5]
Ap\'endice B.
pdfTeX warning (ext4): destination with the same identifier (name{page.6}) has 
been already used, duplicate ignored
<to be read again> 
                   \relax 
l.2433 \item []
                \textbf{B} [6


]pdfTeX warning (ext4): destination with the same identifier (name{page.7}) has
 been already used, duplicate ignored
<to be read again> 
                   \relax 
l.2478 \item []
                \emph {Captura Descartada:} Peso total en vivo del pescado e...
[7]pdfTeX warning (ext4): destination with the same identifier (name{page.8}) h
as been already used, duplicate ignored
<to be read again> 
                   \relax 
l.2514 
        [8]pdfTeX warning (ext4): destination with the same identifier (name{pa
ge.9}) has been already used, duplicate ignored
<to be read again> 
                   \relax 
l.2553 
        [9]pdfTeX warning (ext4): destination with the same identifier (name{pa
ge.10}) has been already used, duplicate ignored
<to be read again> 
                   \relax 
l.2603 
        [10]pdfTeX warning (ext4): destination with the same identifier (name{p
age.11}) has been already used, duplicate ignored
<to be read again> 
                   \relax 
l.2637 \item []
                \emph {Otolitos:}	Huesecillos del oido medio, cuya forma y t...
[11]pdfTeX warning (ext4): destination with the same identifier (name{page.12})
 has been already used, duplicate ignored
<to be read again> 
                   \relax 
l.2671 
        [12]pdfTeX warning (ext4): destination with the same identifier (name{p
age.13}) has been already used, duplicate ignored
<to be read again> 
                   \relax 
l.2707 \item []
                \emph {Salinidad:}	Medida de la cantidad de sales disueltas ...
[13]pdfTeX warning (ext4): destination with the same identifier (name{page.14})
 has been already used, duplicate ignored
<to be read again> 
                   \relax 
l.2744 \item []
                \emph {Virar:}	Conjunto de operaciones que se llevan a cabo ...
[14]pdfTeX warning (ext4): destination with the same identifier (name{page.15})
 has been already used, duplicate ignored
<to be read again> 
                   \relax 
l.2762 \tableofcontents
                         Tabla de contenido [15]
(C:\Users\Karla\Desktop\Repositorio\IMARSIS\Seguimiento\Manual_Seguimiento.toc)
\tf@toc=\write6
pdfTeX warning (ext4): destination with the same identifier (name{page.16}) has
 been already used, duplicate ignored
<to be read again> 
                   \relax 
l.2766 \newpage
                [16

]
(C:\Users\Karla\Desktop\Repositorio\IMARSIS\Seguimiento\Manual_Seguimiento.lofp
dfTeX warning (ext4): destination with the same identifier (name{page.17}) has 
been already used, duplicate ignored
<to be read again> 
                   \relax 
l.43 ...Ingreso del muestreador.}}{41}{figure.5.4}
                                                   [17

])
\tf@lof=\write7
pdfTeX warning (ext4): destination with the same identifier (name{page.18}) has
 been already used, duplicate ignored
<to be read again> 
                   \relax 
l.2768 \newpage
                [18]
(C:\Users\Karla\Desktop\Repositorio\IMARSIS\Seguimiento\Manual_Seguimiento.lot)
\tf@lot=\write8
pdfTeX warning (ext4): destination with the same identifier (name{page.19}) has
 been already used, duplicate ignored
<to be read again> 
                   \relax 
l.2770 \newpage
                [19

]
No file bibliografia.tex.
Package atveryend Info: Empty hook `BeforeClearDocument' on input line 2779.
Package atveryend Info: Empty hook `AfterLastShipout' on input line 2779.
(C:\Users\Karla\Desktop\Repositorio\IMARSIS\Seguimiento\Manual_Seguimiento.aux
(C:\Users\Karla\Desktop\Repositorio\IMARSIS\Seguimiento\bibliografia.aux))
Package atveryend Info: Executing hook `AtVeryEndDocument' on input line 2779.
Package atveryend Info: Executing hook `AtEndAfterFileList' on input line 2779.

Package rerunfilecheck Info: File `Manual_Seguimiento.out' has not changed.
(rerunfilecheck)             Checksum: AA98A04E0AD6BE1F803BCB2BD047C426;3951.


LaTeX Warning: There were multiply-defined labels.

 ) 
Here is how much of TeX's memory you used:
 6776 strings out of 494045
 105403 string characters out of 3148387
 215448 words of memory out of 3000000
 9566 multiletter control sequences out of 15000+200000
 11059 words of font info for 42 fonts, out of 3000000 for 9000
 715 hyphenation exceptions out of 8191
 29i,11n,28p,797b,652s stack positions out of 5000i,500n,10000p,200000b,50000s
<D:/MiKTeX 2.9/fonts/type1/public/amsfonts/cm/cmbx10.pfb><D:/MiKTeX 2.9/fonts
/type1/public/amsfonts/cm/cmbx12.pfb><D:/MiKTeX 2.9/fonts/type1/public/amsfonts
/cm/cmmi10.pfb><D:/MiKTeX 2.9/fonts/type1/public/amsfonts/cm/cmr10.pfb><D:/MiKT
eX 2.9/fonts/type1/public/amsfonts/cm/cmr12.pfb><D:/MiKTeX 2.9/fonts/type1/publ
ic/amsfonts/cm/cmsl10.pfb><D:/MiKTeX 2.9/fonts/type1/public/amsfonts/cm/cmsy10.
pfb><D:/MiKTeX 2.9/fonts/type1/public/amsfonts/cm/cmsy8.pfb><D:/MiKTeX 2.9/font
s/type1/public/amsfonts/cm/cmti10.pfb>
Output written on Manual_Seguimiento.pdf (95 pages, 14849941 bytes).
PDF statistics:
 1110 PDF objects out of 1200 (max. 8388607)
 303 named destinations out of 1000 (max. 500000)
 973 words of extra memory for PDF output out of 10000 (max. 10000000)

