\BOOKMARK [0][-]{chapter.1}{Introducci\363n}{}% 1
\BOOKMARK [1][-]{section.1.1}{Objetivo general del proyecto}{chapter.1}% 2
\BOOKMARK [1][-]{section.1.2}{Objetivos del manual}{chapter.1}% 3
\BOOKMARK [1][-]{section.1.3}{Responsabilidades del digitador}{chapter.1}% 4
\BOOKMARK [0][-]{chapter.2}{Actividades en la digitaci\363n}{}% 5
\BOOKMARK [1][-]{section.2.1}{Digitaci\363n de informaci\363n biol\363gica - pesquera}{chapter.2}% 6
\BOOKMARK [2][-]{subsection.2.1.1}{Muestreo biol\363gico}{section.2.1}% 7
\BOOKMARK [2][-]{subsection.2.1.2}{Muestreo biom\351trico}{section.2.1}% 8
\BOOKMARK [2][-]{subsection.2.1.3}{Desembarque}{section.2.1}% 9
\BOOKMARK [0][-]{chapter.3}{IMARSIS}{}% 10
\BOOKMARK [1][-]{section.3.1}{\277Como ingresar al IMARSIS?}{chapter.3}% 11
\BOOKMARK [0][-]{chapter.4}{Ficha de muestreo biol\363gico}{}% 12
\BOOKMARK [1][-]{section.4.1}{\277C\363mo ingresar a muestreo biol\363gico?}{chapter.4}% 13
\BOOKMARK [1][-]{section.4.2}{Partes de una ficha de muestreo biol\363gio:}{chapter.4}% 14
\BOOKMARK [1][-]{section.4.3}{Comandos utilizados para la introducci\363n de informaci\363n:}{chapter.4}% 15
\BOOKMARK [2][-]{subsection.4.3.1}{Comandos para a\361adir informaci\363n general}{section.4.3}% 16
\BOOKMARK [2][-]{subsection.4.3.2}{Formatos de fichas de muestreo biom\351trico}{section.4.3}% 17
\BOOKMARK [2][-]{subsection.4.3.3}{Formato a\361o 1980-1990:}{section.4.3}% 18
\BOOKMARK [2][-]{subsection.4.3.4}{Formato a\361o 1970-1980}{section.4.3}% 19
\BOOKMARK [1][-]{section.4.4}{Casos reportados en fichas de muestreo biol\363gico}{chapter.4}% 20
\BOOKMARK [1][-]{section.4.5}{ Validaci\363n de datos:}{chapter.4}% 21
\BOOKMARK [0][-]{chapter.5}{Ficha de muestreo Biom\351trico}{}% 22
\BOOKMARK [1][-]{section.5.1}{\277C\363mo ingresar una ficha de muestreo biom\351trico?}{chapter.5}% 23
\BOOKMARK [1][-]{section.5.2}{Partes de una ficha de muestreo biom\351trico:}{chapter.5}% 24
\BOOKMARK [1][-]{section.5.3}{Partes de una ficha biom\351trica en el IMARSIS }{chapter.5}% 25
\BOOKMARK [1][-]{section.5.4}{Comandos utilizados para la introducci\363n de datos.}{chapter.5}% 26
\BOOKMARK [1][-]{section.5.5}{Ingreso de una ficha biom\351trica}{chapter.5}% 27
\BOOKMARK [2][-]{subsection.5.5.1}{Primera forma}{section.5.5}% 28
\BOOKMARK [2][-]{subsection.5.5.2}{Segunda forma}{section.5.5}% 29
\BOOKMARK [1][-]{section.5.6}{Ingreso y b\372squeda de la f\341brica }{chapter.5}% 30
\BOOKMARK [2][-]{subsection.5.6.1}{B\372squeda de la f\341brica:}{section.5.6}% 31
\BOOKMARK [1][-]{section.5.7}{Revisi\363n de fichas}{chapter.5}% 32
\BOOKMARK [0][-]{chapter.6}{Casos frecuentes en fichas biom\351tricas}{}% 33
\BOOKMARK [1][-]{section.6.1}{Modificaci\363n de fecha y lugar}{chapter.6}% 34
\BOOKMARK [1][-]{section.6.2}{Sin registro biom\351trico de captura.}{chapter.6}% 35
\BOOKMARK [1][-]{section.6.3}{Sin datos de peso medido}{chapter.6}% 36
\BOOKMARK [1][-]{section.6.4}{Registro de un segundo viaje.}{chapter.6}% 37
\BOOKMARK [1][-]{section.6.5}{Composici\363n de especies}{chapter.6}% 38
\BOOKMARK [1][-]{section.6.6}{Fichas biom\351tricas sin \341rea}{chapter.6}% 39
\BOOKMARK [1][-]{section.6.7}{Sin lugar de desembarque}{chapter.6}% 40
\BOOKMARK [1][-]{section.6.8}{F\341bricas encontradas abreviadas}{chapter.6}% 41
\BOOKMARK [1][-]{section.6.9}{Tipo de pesquer\355a}{chapter.6}% 42
\BOOKMARK [1][-]{section.6.10}{Fichas biom\351tricas sin captura oficial}{chapter.6}% 43
\BOOKMARK [1][-]{section.6.11}{Captura oficial en la casilla de observaciones}{chapter.6}% 44
\BOOKMARK [1][-]{section.6.12}{Especies en la casilla de observaciones}{chapter.6}% 45
\BOOKMARK [1][-]{section.6.13}{Casillero de especies vac\355o, pero con captura oficial}{chapter.6}% 46
\BOOKMARK [1][-]{section.6.14}{ Formato de muestreo biom\351trico del a\361o 60-70}{chapter.6}% 47
\BOOKMARK [0][-]{appendix.Alph1}{Listado de especies}{}% 48
\BOOKMARK [0][-]{appendix.Alph2}{Glosario}{}% 49
