This is pdfTeX, Version 3.1415926-2.3-1.40.12 (MiKTeX 2.9) (preloaded format=pdflatex 2014.7.16)  4 AUG 2017 15:34
entering extended mode
**Manual_PBP.tex
(C:\Users\Karla\Desktop\Repositorio\IMARSIS\Manual_PBP\Manual_PBP.tex
LaTeX2e <2011/06/27>
Babel <v3.8m> and hyphenation patterns for english, afrikaans, ancientgreek, ar
abic, armenian, assamese, basque, bengali, bokmal, bulgarian, catalan, coptic, 
croatian, czech, danish, dutch, esperanto, estonian, farsi, finnish, french, ga
lician, german, german-x-2009-06-19, greek, gujarati, hindi, hungarian, iceland
ic, indonesian, interlingua, irish, italian, kannada, kurmanji, lao, latin, lat
vian, lithuanian, malayalam, marathi, mongolian, mongolianlmc, monogreek, ngerm
an, ngerman-x-2009-06-19, nynorsk, oriya, panjabi, pinyin, polish, portuguese, 
romanian, russian, sanskrit, serbian, slovak, slovenian, spanish, swedish, swis
sgerman, tamil, telugu, turkish, turkmen, ukenglish, ukrainian, uppersorbian, u
senglishmax, welsh, loaded.
("D:\MiKTeX 2.9\tex\latex\base\book.cls"
Document Class: book 2007/10/19 v1.4h Standard LaTeX document class
("D:\MiKTeX 2.9\tex\latex\base\bk11.clo"
File: bk11.clo 2007/10/19 v1.4h Standard LaTeX file (size option)
)
\c@part=\count79
\c@chapter=\count80
\c@section=\count81
\c@subsection=\count82
\c@subsubsection=\count83
\c@paragraph=\count84
\c@subparagraph=\count85
\c@figure=\count86
\c@table=\count87
\abovecaptionskip=\skip41
\belowcaptionskip=\skip42
\bibindent=\dimen102
)
("D:\MiKTeX 2.9\tex\generic\babel\babel.sty"
Package: babel 2008/07/08 v3.8m The Babel package

*************************************
* Local config file bblopts.cfg used
*
("D:\MiKTeX 2.9\tex\latex\00miktex\bblopts.cfg"
File: bblopts.cfg 2006/07/31 v1.0 MiKTeX 'babel' configuration
)
("D:\MiKTeX 2.9\tex\generic\babel\spanish.ldf"
Language: spanish.ldf 2009/01/02 v5.0h Spanish support from the babel system

("D:\MiKTeX 2.9\tex\generic\babel\babel.def"
File: babel.def 2008/07/08 v3.8m Babel common definitions
\babel@savecnt=\count88
\U@D=\dimen103
)
\es@datefmt=\count89
\es@quottoks=\toks14
\es@quotdepth=\count90
Package babel Info: Making " an active character on input line 492.
Package babel Info: Making . an active character on input line 585.
Package babel Info: Making < an active character on input line 630.
Package babel Info: Making > an active character on input line 630.
))
("D:\MiKTeX 2.9\tex\latex\base\inputenc.sty"
Package: inputenc 2008/03/30 v1.1d Input encoding file
\inpenc@prehook=\toks15
\inpenc@posthook=\toks16

("D:\MiKTeX 2.9\tex\latex\base\utf8.def"
File: utf8.def 2008/04/05 v1.1m UTF-8 support for inputenc
Now handling font encoding OML ...
... no UTF-8 mapping file for font encoding OML
Now handling font encoding T1 ...
... processing UTF-8 mapping file for font encoding T1

("D:\MiKTeX 2.9\tex\latex\base\t1enc.dfu"
File: t1enc.dfu 2008/04/05 v1.1m UTF-8 support for inputenc
   defining Unicode char U+00A1 (decimal 161)
   defining Unicode char U+00A3 (decimal 163)
   defining Unicode char U+00AB (decimal 171)
   defining Unicode char U+00BB (decimal 187)
   defining Unicode char U+00BF (decimal 191)
   defining Unicode char U+00C0 (decimal 192)
   defining Unicode char U+00C1 (decimal 193)
   defining Unicode char U+00C2 (decimal 194)
   defining Unicode char U+00C3 (decimal 195)
   defining Unicode char U+00C4 (decimal 196)
   defining Unicode char U+00C5 (decimal 197)
   defining Unicode char U+00C6 (decimal 198)
   defining Unicode char U+00C7 (decimal 199)
   defining Unicode char U+00C8 (decimal 200)
   defining Unicode char U+00C9 (decimal 201)
   defining Unicode char U+00CA (decimal 202)
   defining Unicode char U+00CB (decimal 203)
   defining Unicode char U+00CC (decimal 204)
   defining Unicode char U+00CD (decimal 205)
   defining Unicode char U+00CE (decimal 206)
   defining Unicode char U+00CF (decimal 207)
   defining Unicode char U+00D0 (decimal 208)
   defining Unicode char U+00D1 (decimal 209)
   defining Unicode char U+00D2 (decimal 210)
   defining Unicode char U+00D3 (decimal 211)
   defining Unicode char U+00D4 (decimal 212)
   defining Unicode char U+00D5 (decimal 213)
   defining Unicode char U+00D6 (decimal 214)
   defining Unicode char U+00D8 (decimal 216)
   defining Unicode char U+00D9 (decimal 217)
   defining Unicode char U+00DA (decimal 218)
   defining Unicode char U+00DB (decimal 219)
   defining Unicode char U+00DC (decimal 220)
   defining Unicode char U+00DD (decimal 221)
   defining Unicode char U+00DE (decimal 222)
   defining Unicode char U+00DF (decimal 223)
   defining Unicode char U+00E0 (decimal 224)
   defining Unicode char U+00E1 (decimal 225)
   defining Unicode char U+00E2 (decimal 226)
   defining Unicode char U+00E3 (decimal 227)
   defining Unicode char U+00E4 (decimal 228)
   defining Unicode char U+00E5 (decimal 229)
   defining Unicode char U+00E6 (decimal 230)
   defining Unicode char U+00E7 (decimal 231)
   defining Unicode char U+00E8 (decimal 232)
   defining Unicode char U+00E9 (decimal 233)
   defining Unicode char U+00EA (decimal 234)
   defining Unicode char U+00EB (decimal 235)
   defining Unicode char U+00EC (decimal 236)
   defining Unicode char U+00ED (decimal 237)
   defining Unicode char U+00EE (decimal 238)
   defining Unicode char U+00EF (decimal 239)
   defining Unicode char U+00F0 (decimal 240)
   defining Unicode char U+00F1 (decimal 241)
   defining Unicode char U+00F2 (decimal 242)
   defining Unicode char U+00F3 (decimal 243)
   defining Unicode char U+00F4 (decimal 244)
   defining Unicode char U+00F5 (decimal 245)
   defining Unicode char U+00F6 (decimal 246)
   defining Unicode char U+00F8 (decimal 248)
   defining Unicode char U+00F9 (decimal 249)
   defining Unicode char U+00FA (decimal 250)
   defining Unicode char U+00FB (decimal 251)
   defining Unicode char U+00FC (decimal 252)
   defining Unicode char U+00FD (decimal 253)
   defining Unicode char U+00FE (decimal 254)
   defining Unicode char U+00FF (decimal 255)
   defining Unicode char U+0102 (decimal 258)
   defining Unicode char U+0103 (decimal 259)
   defining Unicode char U+0104 (decimal 260)
   defining Unicode char U+0105 (decimal 261)
   defining Unicode char U+0106 (decimal 262)
   defining Unicode char U+0107 (decimal 263)
   defining Unicode char U+010C (decimal 268)
   defining Unicode char U+010D (decimal 269)
   defining Unicode char U+010E (decimal 270)
   defining Unicode char U+010F (decimal 271)
   defining Unicode char U+0110 (decimal 272)
   defining Unicode char U+0111 (decimal 273)
   defining Unicode char U+0118 (decimal 280)
   defining Unicode char U+0119 (decimal 281)
   defining Unicode char U+011A (decimal 282)
   defining Unicode char U+011B (decimal 283)
   defining Unicode char U+011E (decimal 286)
   defining Unicode char U+011F (decimal 287)
   defining Unicode char U+0130 (decimal 304)
   defining Unicode char U+0131 (decimal 305)
   defining Unicode char U+0132 (decimal 306)
   defining Unicode char U+0133 (decimal 307)
   defining Unicode char U+0139 (decimal 313)
   defining Unicode char U+013A (decimal 314)
   defining Unicode char U+013D (decimal 317)
   defining Unicode char U+013E (decimal 318)
   defining Unicode char U+0141 (decimal 321)
   defining Unicode char U+0142 (decimal 322)
   defining Unicode char U+0143 (decimal 323)
   defining Unicode char U+0144 (decimal 324)
   defining Unicode char U+0147 (decimal 327)
   defining Unicode char U+0148 (decimal 328)
   defining Unicode char U+014A (decimal 330)
   defining Unicode char U+014B (decimal 331)
   defining Unicode char U+0150 (decimal 336)
   defining Unicode char U+0151 (decimal 337)
   defining Unicode char U+0152 (decimal 338)
   defining Unicode char U+0153 (decimal 339)
   defining Unicode char U+0154 (decimal 340)
   defining Unicode char U+0155 (decimal 341)
   defining Unicode char U+0158 (decimal 344)
   defining Unicode char U+0159 (decimal 345)
   defining Unicode char U+015A (decimal 346)
   defining Unicode char U+015B (decimal 347)
   defining Unicode char U+015E (decimal 350)
   defining Unicode char U+015F (decimal 351)
   defining Unicode char U+0160 (decimal 352)
   defining Unicode char U+0161 (decimal 353)
   defining Unicode char U+0162 (decimal 354)
   defining Unicode char U+0163 (decimal 355)
   defining Unicode char U+0164 (decimal 356)
   defining Unicode char U+0165 (decimal 357)
   defining Unicode char U+016E (decimal 366)
   defining Unicode char U+016F (decimal 367)
   defining Unicode char U+0170 (decimal 368)
   defining Unicode char U+0171 (decimal 369)
   defining Unicode char U+0178 (decimal 376)
   defining Unicode char U+0179 (decimal 377)
   defining Unicode char U+017A (decimal 378)
   defining Unicode char U+017B (decimal 379)
   defining Unicode char U+017C (decimal 380)
   defining Unicode char U+017D (decimal 381)
   defining Unicode char U+017E (decimal 382)
   defining Unicode char U+200C (decimal 8204)
   defining Unicode char U+2013 (decimal 8211)
   defining Unicode char U+2014 (decimal 8212)
   defining Unicode char U+2018 (decimal 8216)
   defining Unicode char U+2019 (decimal 8217)
   defining Unicode char U+201A (decimal 8218)
   defining Unicode char U+201C (decimal 8220)
   defining Unicode char U+201D (decimal 8221)
   defining Unicode char U+201E (decimal 8222)
   defining Unicode char U+2030 (decimal 8240)
   defining Unicode char U+2031 (decimal 8241)
   defining Unicode char U+2039 (decimal 8249)
   defining Unicode char U+203A (decimal 8250)
   defining Unicode char U+2423 (decimal 9251)
)
Now handling font encoding OT1 ...
... processing UTF-8 mapping file for font encoding OT1

("D:\MiKTeX 2.9\tex\latex\base\ot1enc.dfu"
File: ot1enc.dfu 2008/04/05 v1.1m UTF-8 support for inputenc
   defining Unicode char U+00A1 (decimal 161)
   defining Unicode char U+00A3 (decimal 163)
   defining Unicode char U+00B8 (decimal 184)
   defining Unicode char U+00BF (decimal 191)
   defining Unicode char U+00C5 (decimal 197)
   defining Unicode char U+00C6 (decimal 198)
   defining Unicode char U+00D8 (decimal 216)
   defining Unicode char U+00DF (decimal 223)
   defining Unicode char U+00E6 (decimal 230)
   defining Unicode char U+00EC (decimal 236)
   defining Unicode char U+00ED (decimal 237)
   defining Unicode char U+00EE (decimal 238)
   defining Unicode char U+00EF (decimal 239)
   defining Unicode char U+00F8 (decimal 248)
   defining Unicode char U+0131 (decimal 305)
   defining Unicode char U+0141 (decimal 321)
   defining Unicode char U+0142 (decimal 322)
   defining Unicode char U+0152 (decimal 338)
   defining Unicode char U+0153 (decimal 339)
   defining Unicode char U+2013 (decimal 8211)
   defining Unicode char U+2014 (decimal 8212)
   defining Unicode char U+2018 (decimal 8216)
   defining Unicode char U+2019 (decimal 8217)
   defining Unicode char U+201C (decimal 8220)
   defining Unicode char U+201D (decimal 8221)
)
Now handling font encoding OMS ...
... processing UTF-8 mapping file for font encoding OMS

("D:\MiKTeX 2.9\tex\latex\base\omsenc.dfu"
File: omsenc.dfu 2008/04/05 v1.1m UTF-8 support for inputenc
   defining Unicode char U+00A7 (decimal 167)
   defining Unicode char U+00B6 (decimal 182)
   defining Unicode char U+00B7 (decimal 183)
   defining Unicode char U+2020 (decimal 8224)
   defining Unicode char U+2021 (decimal 8225)
   defining Unicode char U+2022 (decimal 8226)
)
Now handling font encoding OMX ...
... no UTF-8 mapping file for font encoding OMX
Now handling font encoding U ...
... no UTF-8 mapping file for font encoding U
   defining Unicode char U+00A9 (decimal 169)
   defining Unicode char U+00AA (decimal 170)
   defining Unicode char U+00AE (decimal 174)
   defining Unicode char U+00BA (decimal 186)
   defining Unicode char U+02C6 (decimal 710)
   defining Unicode char U+02DC (decimal 732)
   defining Unicode char U+200C (decimal 8204)
   defining Unicode char U+2026 (decimal 8230)
   defining Unicode char U+2122 (decimal 8482)
   defining Unicode char U+2423 (decimal 9251)
))
("D:\MiKTeX 2.9\tex\latex\base\latexsym.sty"
Package: latexsym 1998/08/17 v2.2e Standard LaTeX package (lasy symbols)
\symlasy=\mathgroup4
LaTeX Font Info:    Overwriting symbol font `lasy' in version `bold'
(Font)                  U/lasy/m/n --> U/lasy/b/n on input line 47.
)
("D:\MiKTeX 2.9\tex\latex\endnotes\endnotes.sty"
\c@endnote=\count91
\endnotesep=\dimen104
\@enotes=\write3
)
("D:\MiKTeX 2.9\tex\latex\graphics\graphicx.sty"
Package: graphicx 1999/02/16 v1.0f Enhanced LaTeX Graphics (DPC,SPQR)

("D:\MiKTeX 2.9\tex\latex\graphics\keyval.sty"
Package: keyval 1999/03/16 v1.13 key=value parser (DPC)
\KV@toks@=\toks17
)
("D:\MiKTeX 2.9\tex\latex\graphics\graphics.sty"
Package: graphics 2009/02/05 v1.0o Standard LaTeX Graphics (DPC,SPQR)

("D:\MiKTeX 2.9\tex\latex\graphics\trig.sty"
Package: trig 1999/03/16 v1.09 sin cos tan (DPC)
)
("D:\MiKTeX 2.9\tex\latex\00miktex\graphics.cfg"
File: graphics.cfg 2007/01/18 v1.5 graphics configuration of teTeX/TeXLive
)
Package graphics Info: Driver file: pdftex.def on input line 91.

("D:\MiKTeX 2.9\tex\latex\pdftex-def\pdftex.def"
File: pdftex.def 2011/05/27 v0.06d Graphics/color for pdfTeX

("D:\MiKTeX 2.9\tex\generic\oberdiek\infwarerr.sty"
Package: infwarerr 2010/04/08 v1.3 Providing info/warning/message (HO)
)
("D:\MiKTeX 2.9\tex\generic\oberdiek\ltxcmds.sty"
Package: ltxcmds 2011/04/18 v1.20 LaTeX kernel commands for general use (HO)
)
\Gread@gobject=\count92
))
\Gin@req@height=\dimen105
\Gin@req@width=\dimen106
)
("D:\MiKTeX 2.9\tex\latex\graphics\lscape.sty"
Package: lscape 2000/10/22 v3.01 Landscape Pages (DPC)
)
("D:\MiKTeX 2.9\tex\latex\hyperref\hyperref.sty"
Package: hyperref 2012/02/06 v6.82o Hypertext links for LaTeX

("D:\MiKTeX 2.9\tex\generic\oberdiek\hobsub-hyperref.sty"
Package: hobsub-hyperref 2011/04/23 v1.4 Bundle oberdiek, subset hyperref (HO)

("D:\MiKTeX 2.9\tex\generic\oberdiek\hobsub-generic.sty"
Package: hobsub-generic 2011/04/23 v1.4 Bundle oberdiek, subset generic (HO)
Package: hobsub 2011/04/23 v1.4 Subsetting bundle oberdiek (HO)
Package hobsub Info: Skipping package `infwarerr' (already loaded).
Package hobsub Info: Skipping package `ltxcmds' (already loaded).
Package: ifluatex 2010/03/01 v1.3 Provides the ifluatex switch (HO)
Package ifluatex Info: LuaTeX not detected.
Package: ifvtex 2010/03/01 v1.5 Switches for detecting VTeX and its modes (HO)
Package ifvtex Info: VTeX not detected.
Package: intcalc 2007/09/27 v1.1 Expandable integer calculations (HO)
Package: ifpdf 2011/01/30 v2.3 Provides the ifpdf switch (HO)
Package ifpdf Info: pdfTeX in PDF mode is detected.
Package: etexcmds 2011/02/16 v1.5 Prefix for e-TeX command names (HO)
Package etexcmds Info: Could not find \expanded.
(etexcmds)             That can mean that you are not using pdfTeX 1.50 or
(etexcmds)             that some package has redefined \expanded.
(etexcmds)             In the latter case, load this package earlier.
Package: kvsetkeys 2011/04/07 v1.13 Key value parser (HO)
Package: kvdefinekeys 2011/04/07 v1.3 Defining keys (HO)
Package: pdftexcmds 2011/04/22 v0.16 Utilities of pdfTeX for LuaTeX (HO)
Package pdftexcmds Info: LuaTeX not detected.
Package pdftexcmds Info: \pdf@primitive is available.
Package pdftexcmds Info: \pdf@ifprimitive is available.
Package pdftexcmds Info: \pdfdraftmode found.
Package: pdfescape 2011/04/04 v1.12 Provides string conversions (HO)
Package: bigintcalc 2011/01/30 v1.2 Expandable big integer calculations (HO)
Package: bitset 2011/01/30 v1.1 Data type bit set (HO)
Package: uniquecounter 2011/01/30 v1.2 Provides unlimited unique counter (HO)
)
Package hobsub Info: Skipping package `hobsub' (already loaded).
Package: letltxmacro 2010/09/02 v1.4 Let assignment for LaTeX macros (HO)
Package: hopatch 2011/01/30 v1.0 Wrapper for package hooks (HO)
Package: xcolor-patch 2011/01/30 xcolor patch
Package: atveryend 2011/04/23 v1.7 Hooks at very end of document (HO)
Package: atbegshi 2011/01/30 v1.15 At begin shipout hook (HO)
Package: refcount 2010/12/01 v3.2 Data extraction from references (HO)
Package: hycolor 2011/01/30 v1.7 Color options of hyperref/bookmark (HO)
)
("D:\MiKTeX 2.9\tex\generic\ifxetex\ifxetex.sty"
Package: ifxetex 2010/09/12 v0.6 Provides ifxetex conditional
)
("D:\MiKTeX 2.9\tex\latex\oberdiek\kvoptions.sty"
Package: kvoptions 2010/12/23 v3.10 Keyval support for LaTeX options (HO)
)
\@linkdim=\dimen107
\Hy@linkcounter=\count93
\Hy@pagecounter=\count94

("D:\MiKTeX 2.9\tex\latex\hyperref\pd1enc.def"
File: pd1enc.def 2012/02/06 v6.82o Hyperref: PDFDocEncoding definition (HO)
Now handling font encoding PD1 ...
... no UTF-8 mapping file for font encoding PD1
)
\Hy@SavedSpaceFactor=\count95

("D:\MiKTeX 2.9\tex\latex\00miktex\hyperref.cfg"
File: hyperref.cfg 2002/06/06 v1.2 hyperref configuration of TeXLive
)

Package hyperref Warning: Unexpected value for option `pdftex'
(hyperref)                is ignored on input line 3925.

Package hyperref Info: Option `colorlinks' set `true' on input line 3925.
Package hyperref Info: Option `plainpages' set `false' on input line 3925.
Package hyperref Info: Hyper figures OFF on input line 4046.
Package hyperref Info: Link nesting OFF on input line 4051.
Package hyperref Info: Hyper index ON on input line 4054.
Package hyperref Info: Plain pages OFF on input line 4061.
Package hyperref Info: Backreferencing OFF on input line 4066.
Package hyperref Info: Implicit mode ON; LaTeX internals redefined.
Package hyperref Info: Bookmarks ON on input line 4284.
\c@Hy@tempcnt=\count96
("D:\MiKTeX 2.9\tex\latex\ltxmisc\url.sty"
\Urlmuskip=\muskip10
Package: url 2006/04/12  ver 3.3  Verb mode for urls, etc.
)
LaTeX Info: Redefining \url on input line 4637.
\Fld@menulength=\count97
\Field@Width=\dimen108
\Fld@charsize=\dimen109
Package hyperref Info: Hyper figures OFF on input line 5757.
Package hyperref Info: Link nesting OFF on input line 5762.
Package hyperref Info: Hyper index ON on input line 5765.
Package hyperref Info: backreferencing OFF on input line 5772.
Package hyperref Info: Link coloring ON on input line 5775.
Package hyperref Info: Link coloring with OCG OFF on input line 5782.
Package hyperref Info: PDF/A mode OFF on input line 5787.
LaTeX Info: Redefining \ref on input line 5827.
LaTeX Info: Redefining \pageref on input line 5831.
\Hy@abspage=\count98
\c@Item=\count99
\c@Hfootnote=\count100
)

Package hyperref Message: Driver: hpdftex.

("D:\MiKTeX 2.9\tex\latex\hyperref\hpdftex.def"
File: hpdftex.def 2012/02/06 v6.82o Hyperref driver for pdfTeX
\Fld@listcount=\count101
\c@bookmark@seq@number=\count102

("D:\MiKTeX 2.9\tex\latex\oberdiek\rerunfilecheck.sty"
Package: rerunfilecheck 2011/04/15 v1.7 Rerun checks for auxiliary files (HO)
Package uniquecounter Info: New unique counter `rerunfilecheck' on input line 2
82.
)
\Hy@SectionHShift=\skip43
)
("D:\MiKTeX 2.9\tex\latex\preprint\fullpage.sty"
Package: fullpage 1999/02/23 1.1 (PWD)
\FP@margin=\skip44
)
("D:\MiKTeX 2.9\tex\latex\booktabs\booktabs.sty"
Package: booktabs 2005/04/14 v1.61803 publication quality tables
\heavyrulewidth=\dimen110
\lightrulewidth=\dimen111
\cmidrulewidth=\dimen112
\belowrulesep=\dimen113
\belowbottomsep=\dimen114
\aboverulesep=\dimen115
\abovetopsep=\dimen116
\cmidrulesep=\dimen117
\cmidrulekern=\dimen118
\defaultaddspace=\dimen119
\@cmidla=\count103
\@cmidlb=\count104
\@aboverulesep=\dimen120
\@belowrulesep=\dimen121
\@thisruleclass=\count105
\@lastruleclass=\count106
\@thisrulewidth=\dimen122
)
("D:\MiKTeX 2.9\tex\latex\multirow\multirow.sty"
\bigstrutjot=\dimen123
)
("D:\MiKTeX 2.9\tex\latex\wrapfig\wrapfig.sty"
\wrapoverhang=\dimen124
\WF@size=\dimen125
\c@WF@wrappedlines=\count107
\WF@box=\box26
\WF@everypar=\toks18
Package: wrapfig 2003/01/31  v 3.6
)
("D:\MiKTeX 2.9\tex\latex\subfigure\subfigure.sty"
Package: subfigure 2002/07/30 v2.1.4 subfigure package
\subfigtopskip=\skip45
\subfigcapskip=\skip46
\subfigcaptopadj=\dimen126
\subfigbottomskip=\skip47
\subfigcapmargin=\dimen127
\subfiglabelskip=\skip48
\c@subfigure=\count108
\c@lofdepth=\count109
\c@subtable=\count110
\c@lotdepth=\count111

****************************************
* Local config file subfigure.cfg used *
****************************************
("D:\MiKTeX 2.9\tex\latex\subfigure\subfigure.cfg")
\subfig@top=\skip49
\subfig@bottom=\skip50
)
(C:\Users\Karla\AppData\Roaming\MiKTeX\2.9\tex\latex\xcolor\xcolor.sty
Package: xcolor 2007/01/21 v2.11 LaTeX color extensions (UK)

("D:\MiKTeX 2.9\tex\latex\00miktex\color.cfg"
File: color.cfg 2007/01/18 v1.5 color configuration of teTeX/TeXLive
)
Package xcolor Info: Driver file: pdftex.def on input line 225.
Package xcolor Info: Model `cmy' substituted by `cmy0' on input line 1337.
Package xcolor Info: Model `hsb' substituted by `rgb' on input line 1341.
Package xcolor Info: Model `RGB' extended on input line 1353.
Package xcolor Info: Model `HTML' substituted by `rgb' on input line 1355.
Package xcolor Info: Model `Hsb' substituted by `hsb' on input line 1356.
Package xcolor Info: Model `tHsb' substituted by `hsb' on input line 1357.
Package xcolor Info: Model `HSB' substituted by `hsb' on input line 1358.
Package xcolor Info: Model `Gray' substituted by `gray' on input line 1359.
Package xcolor Info: Model `wave' substituted by `hsb' on input line 1360.
)
("D:\MiKTeX 2.9\tex\latex\apacite\apacite.sty"
Package: apacite 2012/02/25 v6.01 APA citation
\c@BibCnt=\count112
\bibleftmargin=\skip51
\bibindent=\skip52
\bibparsep=\skip53
\bibitemsep=\skip54
\biblabelsep=\skip55
)
("D:\MiKTeX 2.9\tex\latex\fancyhdr\fancyhdr.sty"
\fancy@headwidth=\skip56
\f@ncyO@elh=\skip57
\f@ncyO@erh=\skip58
\f@ncyO@olh=\skip59
\f@ncyO@orh=\skip60
\f@ncyO@elf=\skip61
\f@ncyO@erf=\skip62
\f@ncyO@olf=\skip63
\f@ncyO@orf=\skip64
)
("D:\MiKTeX 2.9\tex\latex\ieeepes\vmargin.sty"
Package: vmargin 1999/06/01

Package `vmargin', V2.2, <1999/06/01>
\PaperWidth=\dimen128
\PaperHeight=\dimen129
) ("D:\MiKTeX 2.9\tex\latex\lipsum\lipsum.sty"
Package: lipsum 2011/04/14 v1.2 150 paragraphs of Lorem Ipsum dummy text
\c@lips@count=\count113
)
("D:\MiKTeX 2.9\tex\latex\tools\enumerate.sty"
Package: enumerate 1999/03/05 v3.00 enumerate extensions (DPC)
\@enLab=\toks19
)
("D:\MiKTeX 2.9\tex\latex\ams\math\amsmath.sty"
Package: amsmath 2000/07/18 v2.13 AMS math features
\@mathmargin=\skip65

For additional information on amsmath, use the `?' option.
("D:\MiKTeX 2.9\tex\latex\ams\math\amstext.sty"
Package: amstext 2000/06/29 v2.01

("D:\MiKTeX 2.9\tex\latex\ams\math\amsgen.sty"
File: amsgen.sty 1999/11/30 v2.0
\@emptytoks=\toks20
\ex@=\dimen130
))
("D:\MiKTeX 2.9\tex\latex\ams\math\amsbsy.sty"
Package: amsbsy 1999/11/29 v1.2d
\pmbraise@=\dimen131
)
("D:\MiKTeX 2.9\tex\latex\ams\math\amsopn.sty"
Package: amsopn 1999/12/14 v2.01 operator names
)
\inf@bad=\count114
LaTeX Info: Redefining \frac on input line 211.
\uproot@=\count115
\leftroot@=\count116
LaTeX Info: Redefining \overline on input line 307.
\classnum@=\count117
\DOTSCASE@=\count118
LaTeX Info: Redefining \ldots on input line 379.
LaTeX Info: Redefining \dots on input line 382.
LaTeX Info: Redefining \cdots on input line 467.
\Mathstrutbox@=\box27
\strutbox@=\box28
\big@size=\dimen132
LaTeX Font Info:    Redeclaring font encoding OML on input line 567.
LaTeX Font Info:    Redeclaring font encoding OMS on input line 568.
\macc@depth=\count119
\c@MaxMatrixCols=\count120
\dotsspace@=\muskip11
\c@parentequation=\count121
\dspbrk@lvl=\count122
\tag@help=\toks21
\row@=\count123
\column@=\count124
\maxfields@=\count125
\andhelp@=\toks22
\eqnshift@=\dimen133
\alignsep@=\dimen134
\tagshift@=\dimen135
\tagwidth@=\dimen136
\totwidth@=\dimen137
\lineht@=\dimen138
\@envbody=\toks23
\multlinegap=\skip66
\multlinetaggap=\skip67
\mathdisplay@stack=\toks24
LaTeX Info: Redefining \[ on input line 2666.
LaTeX Info: Redefining \] on input line 2667.
)
("D:\MiKTeX 2.9\tex\latex\amsfonts\amssymb.sty"
Package: amssymb 2009/06/22 v3.00

("D:\MiKTeX 2.9\tex\latex\amsfonts\amsfonts.sty"
Package: amsfonts 2009/06/22 v3.00 Basic AMSFonts support
\symAMSa=\mathgroup5
\symAMSb=\mathgroup6
LaTeX Font Info:    Overwriting math alphabet `\mathfrak' in version `bold'
(Font)                  U/euf/m/n --> U/euf/b/n on input line 96.
))
(C:\Users\Karla\Desktop\Repositorio\IMARSIS\Manual_PBP\Manual_PBP.aux

LaTeX Warning: Label `fig:inter' multiply defined.


LaTeX Warning: Label `fig:inter' multiply defined.


LaTeX Warning: Label `fig:inter' multiply defined.


LaTeX Warning: Label `fig:inter' multiply defined.

)
LaTeX Font Info:    Checking defaults for OML/cmm/m/it on input line 52.
LaTeX Font Info:    ... okay on input line 52.
LaTeX Font Info:    Checking defaults for T1/cmr/m/n on input line 52.
LaTeX Font Info:    ... okay on input line 52.
LaTeX Font Info:    Checking defaults for OT1/cmr/m/n on input line 52.
LaTeX Font Info:    ... okay on input line 52.
LaTeX Font Info:    Checking defaults for OMS/cmsy/m/n on input line 52.
LaTeX Font Info:    ... okay on input line 52.
LaTeX Font Info:    Checking defaults for OMX/cmex/m/n on input line 52.
LaTeX Font Info:    ... okay on input line 52.
LaTeX Font Info:    Checking defaults for U/cmr/m/n on input line 52.
LaTeX Font Info:    ... okay on input line 52.
LaTeX Font Info:    Checking defaults for PD1/pdf/m/n on input line 52.
LaTeX Font Info:    ... okay on input line 52.
 ("D:\MiKTeX 2.9\tex\context\base\supp-pdf.mkii"
[Loading MPS to PDF converter (version 2006.09.02).]
\scratchcounter=\count126
\scratchdimen=\dimen139
\scratchbox=\box29
\nofMPsegments=\count127
\nofMParguments=\count128
\everyMPshowfont=\toks25
\MPscratchCnt=\count129
\MPscratchDim=\dimen140
\MPnumerator=\count130
\makeMPintoPDFobject=\count131
\everyMPtoPDFconversion=\toks26
)
\AtBeginShipoutBox=\box30
Package hyperref Info: Link coloring ON on input line 52.
 ("D:\MiKTeX 2.9\tex\latex\hyperref\nameref.sty"
Package: nameref 2010/04/30 v2.40 Cross-referencing by name of section

("D:\MiKTeX 2.9\tex\generic\oberdiek\gettitlestring.sty"
Package: gettitlestring 2010/12/03 v1.4 Cleanup title references (HO)
)
\c@section@level=\count132
)
LaTeX Info: Redefining \ref on input line 52.
LaTeX Info: Redefining \pageref on input line 52.
LaTeX Info: Redefining \nameref on input line 52.

(C:\Users\Karla\Desktop\Repositorio\IMARSIS\Manual_PBP\Manual_PBP.out)
(C:\Users\Karla\Desktop\Repositorio\IMARSIS\Manual_PBP\Manual_PBP.out)
\@outlinefile=\write4
\c@maskedRefs=\count133

("D:\MiKTeX 2.9\tex\latex\apacite\spanish.apc"
File: spanish.apc 2012/02/25 v6.01 apacite language file
LaTeX Info: Redefining \BPBI on input line 138.
LaTeX Info: Redefining \BHBI on input line 139.
)
<imagen_Manual_PBP/logo.png, id=139, 380.622pt x 373.395pt>
File: imagen_Manual_PBP/logo.png Graphic file (type png)

<use imagen_Manual_PBP/logo.png>
Package pdftex.def Info: imagen_Manual_PBP/logo.png used on input line 59.
(pdftex.def)             Requested size: 227.62204pt x 223.30374pt.
 [1


{C:/Users/Karla/AppData/Local/MiKTeX/2.9/pdftex/config/pdftex.map} <C:/Users/Ka
rla/Desktop/Repositorio/IMARSIS/Manual_PBP/imagen_Manual_PBP/logo.png>]
(C:\Users\Karla\Desktop\Repositorio\IMARSIS\Manual_PBP\Manual_PBP.toc
LaTeX Font Info:    Try loading font information for U+lasy on input line 4.

("D:\MiKTeX 2.9\tex\latex\base\ulasy.fd"
File: ulasy.fd 1998/08/17 v2.2e LaTeX symbol font definitions
)
LaTeX Font Info:    Try loading font information for U+msa on input line 4.

("D:\MiKTeX 2.9\tex\latex\amsfonts\umsa.fd"
File: umsa.fd 2009/06/22 v3.00 AMS symbols A
)
LaTeX Font Info:    Try loading font information for U+msb on input line 4.

("D:\MiKTeX 2.9\tex\latex\amsfonts\umsb.fd"
File: umsb.fd 2009/06/22 v3.00 AMS symbols B
))
\tf@toc=\write5
pdfTeX warning (ext4): destination with the same identifier (name{page.1}) has 
been already used, duplicate ignored
<to be read again> 
                   \relax 
l.134 \chapter
               {INTRODUCCIÓN} [1

]
Cap\IeC {\'\i }tulo 1.

Underfull \hbox (badness 10000) in paragraph at lines 136--138

 []


Underfull \hbox (badness 10000) in paragraph at lines 139--140

 []

[2

]
Underfull \hbox (badness 10000) in paragraph at lines 166--167

 []


Package Fancyhdr Warning: \headheight is too small (12.0pt): 
 Make it at least 13.07225pt.
 We now make it that large for the rest of the document.
 This may cause the page layout to be inconsistent, however.

[3]
Cap\IeC {\'\i }tulo 2.
<imagen_Manual_PBP/imar.jpg, id=200, 1038.12843pt x 541.27219pt>
File: imagen_Manual_PBP/imar.jpg Graphic file (type jpg)

<use imagen_Manual_PBP/imar.jpg>
Package pdftex.def Info: imagen_Manual_PBP/imar.jpg used on input line 186.
(pdftex.def)             Requested size: 415.24402pt x 216.50504pt.


LaTeX Warning: `!h' float specifier changed to `!ht'.

<imagen_Manual_PBP/0123.png, id=201, 389.95688pt x 262.73157pt>
File: imagen_Manual_PBP/0123.png Graphic file (type png)

<use imagen_Manual_PBP/0123.png>
Package pdftex.def Info: imagen_Manual_PBP/0123.png used on input line 201.
(pdftex.def)             Requested size: 233.97592pt x 157.64014pt.
 [4

] [5 <C:/Users/Karla/Desktop/Repositorio/IMARSIS/Manual_PBP/imagen_Manual_PBP/i
mar.jpg> <C:/Users/Karla/Desktop/Repositorio/IMARSIS/Manual_PBP/imagen_Manual_P
BP/0123.png>]
Cap\IeC {\'\i }tulo 3.

Underfull \hbox (badness 10000) in paragraph at lines 222--224

 []

<imagen_Manual_PBP/BITACORA2014.png, id=212, 79.79813pt x 80.55093pt>
File: imagen_Manual_PBP/BITACORA2014.png Graphic file (type png)

<use imagen_Manual_PBP/BITACORA2014.png>
Package pdftex.def Info: imagen_Manual_PBP/BITACORA2014.png used on input line 
228.
(pdftex.def)             Requested size: 113.81102pt x 114.88582pt.

<imagen_Manual_PBP/login.png, id=213, 482.55281pt x 297.36093pt>
File: imagen_Manual_PBP/login.png Graphic file (type png)

<use imagen_Manual_PBP/login.png>
Package pdftex.def Info: imagen_Manual_PBP/login.png used on input line 229.
(pdftex.def)             Requested size: 170.71652pt x 105.19861pt.

<imagen_Manual_PBP/blanco.png, id=214, 1022.31938pt x 523.9575pt>
File: imagen_Manual_PBP/blanco.png Graphic file (type png)

<use imagen_Manual_PBP/blanco.png>
Package pdftex.def Info: imagen_Manual_PBP/blanco.png used on input line 238.
(pdftex.def)             Requested size: 408.9205pt x 209.57928pt.
 [6

 <C:/Users/Karla/Desktop/Repositorio/IMARSIS/Manual_PBP/imagen_Manual_PBP/BITAC
ORA2014.png> <C:/Users/Karla/Desktop/Repositorio/IMARSIS/Manual_PBP/imagen_Manu
al_PBP/login.png>]
<imagen_Manual_PBP/seccion.png, id=224, 648.17157pt x 328.22626pt>
File: imagen_Manual_PBP/seccion.png Graphic file (type png)

<use imagen_Manual_PBP/seccion.png>
Package pdftex.def Info: imagen_Manual_PBP/seccion.png used on input line 249.
(pdftex.def)             Requested size: 388.90594pt x 196.93727pt.
 [7 <C:/Users/Karla/Desktop/Repositorio/IMARSIS/Manual_PBP/imagen_Manual_PBP/bl
anco.png> <C:/Users/Karla/Desktop/Repositorio/IMARSIS/Manual_PBP/imagen_Manual_
PBP/seccion.png>]
<imagen_Manual_PBP/casillas.png, id=233, 480.29437pt x 180.675pt>
File: imagen_Manual_PBP/casillas.png Graphic file (type png)

<use imagen_Manual_PBP/casillas.png>
Package pdftex.def Info: imagen_Manual_PBP/casillas.png used on input line 261.

(pdftex.def)             Requested size: 408.25214pt x 153.57446pt.

<imagen_Manual_PBP/codigo.png, id=234, 148.30406pt x 158.84344pt>
File: imagen_Manual_PBP/codigo.png Graphic file (type png)

<use imagen_Manual_PBP/codigo.png>
Package pdftex.def Info: imagen_Manual_PBP/codigo.png used on input line 284.
(pdftex.def)             Requested size: 148.30368pt x 158.84305pt.


LaTeX Warning: `!h' float specifier changed to `!ht'.

<imagen_Manual_PBP/partes.png, id=235, 899.61093pt x 303.38344pt>
File: imagen_Manual_PBP/partes.png Graphic file (type png)

<use imagen_Manual_PBP/partes.png>
Package pdftex.def Info: imagen_Manual_PBP/partes.png used on input line 296.
(pdftex.def)             Requested size: 422.8172pt x 142.59023pt.


LaTeX Warning: `!h' float specifier changed to `!ht'.


Underfull \hbox (badness 10000) in paragraph at lines 305--307

 []

[8 <C:/Users/Karla/Desktop/Repositorio/IMARSIS/Manual_PBP/imagen_Manual_PBP/cas
illas.png>] <imagen_Manual_PBP/bibaco.png, id=247, 513.41812pt x 231.11343pt>
File: imagen_Manual_PBP/bibaco.png Graphic file (type png)

<use imagen_Manual_PBP/bibaco.png>
Package pdftex.def Info: imagen_Manual_PBP/bibaco.png used on input line 312.
(pdftex.def)             Requested size: 199.16928pt x 89.65427pt.

<imagen_Manual_PBP/bibaco3.png, id=248, 510.40688pt x 230.36063pt>
File: imagen_Manual_PBP/bibaco3.png Graphic file (type png)

<use imagen_Manual_PBP/bibaco3.png>
Package pdftex.def Info: imagen_Manual_PBP/bibaco3.png used on input line 313.
(pdftex.def)             Requested size: 199.16928pt x 89.89299pt.
 [9 <C:/Users/Karla/Desktop/Repositorio/IMARSIS/Manual_PBP/imagen_Manual_PBP/co
digo.png> <C:/Users/Karla/Desktop/Repositorio/IMARSIS/Manual_PBP/imagen_Manual_
PBP/partes.png>]
<imagen_Manual_PBP/hayduk.png, id=262, 429.10312pt x 248.42813pt>
File: imagen_Manual_PBP/hayduk.png Graphic file (type png)

<use imagen_Manual_PBP/hayduk.png>
Package pdftex.def Info: imagen_Manual_PBP/hayduk.png used on input line 324.
(pdftex.def)             Requested size: 300.37013pt x 173.8985pt.

<imagen_Manual_PBP/planta1.png, id=263, 268.75406pt x 523.20468pt>
File: imagen_Manual_PBP/planta1.png Graphic file (type png)

<use imagen_Manual_PBP/planta1.png>
Package pdftex.def Info: imagen_Manual_PBP/planta1.png used on input line 330.
(pdftex.def)             Requested size: 268.7534pt x 523.2034pt.


LaTeX Warning: `!h' float specifier changed to `!ht'.

<imagen_Manual_PBP/planta2.png, id=264, 265.74281pt x 407.27156pt>
File: imagen_Manual_PBP/planta2.png Graphic file (type png)

<use imagen_Manual_PBP/planta2.png>
Package pdftex.def Info: imagen_Manual_PBP/planta2.png used on input line 337.
(pdftex.def)             Requested size: 265.74216pt x 407.27055pt.


LaTeX Warning: `!h' float specifier changed to `!ht'.

[10 <C:/Users/Karla/Desktop/Repositorio/IMARSIS/Manual_PBP/imagen_Manual_PBP/bi
baco.png> <C:/Users/Karla/Desktop/Repositorio/IMARSIS/Manual_PBP/imagen_Manual_
PBP/bibaco3.png> <C:/Users/Karla/Desktop/Repositorio/IMARSIS/Manual_PBP/imagen_
Manual_PBP/hayduk.png>] [11 <C:/Users/Karla/Desktop/Repositorio/IMARSIS/Manual_
PBP/imagen_Manual_PBP/planta1.png>]
<./imagen_Manual_PBP/prod1.png, id=283, 715.17188pt x 199.49532pt>
File: ./imagen_Manual_PBP/prod1.png Graphic file (type png)

<use ./imagen_Manual_PBP/prod1.png>
Package pdftex.def Info: ./imagen_Manual_PBP/prod1.png used on input line 362.
(pdftex.def)             Requested size: 299.20076pt x 83.46173pt.

<./imagen_Manual_PBP/prod2.png, id=284, 720.44156pt x 194.22563pt>
File: ./imagen_Manual_PBP/prod2.png Graphic file (type png)

<use ./imagen_Manual_PBP/prod2.png>
Package pdftex.def Info: ./imagen_Manual_PBP/prod2.png used on input line 368.
(pdftex.def)             Requested size: 299.20076pt x 80.66139pt.
 [12 <C:/Users/Karla/Desktop/Repositorio/IMARSIS/Manual_PBP/imagen_Manual_PBP/p
lanta2.png>] [13 <C:/Users/Karla/Desktop/Repositorio/IMARSIS/Manual_PBP/imagen_
Manual_PBP/prod1.png> <C:/Users/Karla/Desktop/Repositorio/IMARSIS/Manual_PBP/im
agen_Manual_PBP/prod2.png>]
<./imagen_Manual_PBP/seccion3.png, id=305, 612.03656pt x 107.65219pt>
File: ./imagen_Manual_PBP/seccion3.png Graphic file (type png)

<use ./imagen_Manual_PBP/seccion3.png>
Package pdftex.def Info: ./imagen_Manual_PBP/seccion3.png used on input line 39
9.
(pdftex.def)             Requested size: 427.43153pt x 75.18188pt.

<./imagen_Manual_PBP/equipo.png, id=306, 950.80219pt x 124.21407pt>
File: ./imagen_Manual_PBP/equipo.png Graphic file (type png)

<use ./imagen_Manual_PBP/equipo.png>
Package pdftex.def Info: ./imagen_Manual_PBP/equipo.png used on input line 415.

(pdftex.def)             Requested size: 427.43153pt x 55.84084pt.

<./imagen_Manual_PBP/avista.png, id=307, 828.84656pt x 140.77594pt>
File: ./imagen_Manual_PBP/avista.png Graphic file (type png)

<use ./imagen_Manual_PBP/avista.png>
Package pdftex.def Info: ./imagen_Manual_PBP/avista.png used on input line 426.

(pdftex.def)             Requested size: 427.43153pt x 72.596pt.
 [14 <C:/Users/Karla/Desktop/Repositorio/IMARSIS/Manual_PBP/imagen_Manual_PBP/s
eccion3.png> <C:/Users/Karla/Desktop/Repositorio/IMARSIS/Manual_PBP/imagen_Manu
al_PBP/equipo.png> <C:/Users/Karla/Desktop/Repositorio/IMARSIS/Manual_PBP/image
n_Manual_PBP/avista.png>]
<imagen_Manual_PBP/detec.png, id=318, 155.07938pt x 75.28125pt>
File: imagen_Manual_PBP/detec.png Graphic file (type png)

<use imagen_Manual_PBP/detec.png>
Package pdftex.def Info: imagen_Manual_PBP/detec.png used on input line 444.
(pdftex.def)             Requested size: 85.35826pt x 41.43582pt.

<imagen_Manual_PBP/visual.png, id=319, 150.5625pt x 124.96687pt>
File: imagen_Manual_PBP/visual.png Graphic file (type png)

<use imagen_Manual_PBP/visual.png>
Package pdftex.def Info: imagen_Manual_PBP/visual.png used on input line 445.
(pdftex.def)             Requested size: 142.26378pt x 118.0905pt.

<imagen_Manual_PBP/topes.png, id=320, 320.69812pt x 157.33781pt>
File: imagen_Manual_PBP/topes.png Graphic file (type png)

<use imagen_Manual_PBP/topes.png>
Package pdftex.def Info: imagen_Manual_PBP/topes.png used on input line 446.
(pdftex.def)             Requested size: 142.26378pt x 69.79782pt.

<./imagen_Manual_PBP/cala2.png, id=321, 846.91406pt x 169.38281pt>
File: ./imagen_Manual_PBP/cala2.png Graphic file (type png)

<use ./imagen_Manual_PBP/cala2.png>
Package pdftex.def Info: ./imagen_Manual_PBP/cala2.png used on input line 464.
(pdftex.def)             Requested size: 406.05864pt x 81.20976pt.

<./imagen_Manual_PBP/comp.png, id=322, 919.93687pt x 182.18062pt>
File: ./imagen_Manual_PBP/comp.png Graphic file (type png)

<use ./imagen_Manual_PBP/comp.png>
Package pdftex.def Info: ./imagen_Manual_PBP/comp.png used on input line 473.
(pdftex.def)             Requested size: 427.43153pt x 84.64917pt.

<imagen_Manual_PBP/medi1.png, id=323, 408.02437pt x 409.53pt>
File: imagen_Manual_PBP/medi1.png Graphic file (type png)

<use imagen_Manual_PBP/medi1.png>
Package pdftex.def Info: imagen_Manual_PBP/medi1.png used on input line 479.
(pdftex.def)             Requested size: 199.16928pt x 199.90283pt.

<imagen_Manual_PBP/medi2.png, id=324, 406.51875pt x 408.02437pt>
File: imagen_Manual_PBP/medi2.png Graphic file (type png)

<use imagen_Manual_PBP/medi2.png>
Package pdftex.def Info: imagen_Manual_PBP/medi2.png used on input line 480.
(pdftex.def)             Requested size: 199.16928pt x 199.90256pt.

<./imagen_Manual_PBP/tipomedi.png, id=325, 561.59813pt x 343.2825pt>
File: ./imagen_Manual_PBP/tipomedi.png Graphic file (type png)

<use ./imagen_Manual_PBP/tipomedi.png>
Package pdftex.def Info: ./imagen_Manual_PBP/tipomedi.png used on input line 48
7.
(pdftex.def)             Requested size: 299.20076pt x 182.88693pt.
 [15 <C:/Users/Karla/Desktop/Repositorio/IMARSIS/Manual_PBP/imagen_Manual_PBP/d
etec.png> <C:/Users/Karla/Desktop/Repositorio/IMARSIS/Manual_PBP/imagen_Manual_
PBP/visual.png> <C:/Users/Karla/Desktop/Repositorio/IMARSIS/Manual_PBP/imagen_M
anual_PBP/topes.png>] [16 <C:/Users/Karla/Desktop/Repositorio/IMARSIS/Manual_PB
P/imagen_Manual_PBP/cala2.png> <C:/Users/Karla/Desktop/Repositorio/IMARSIS/Manu
al_PBP/imagen_Manual_PBP/comp.png> <C:/Users/Karla/Desktop/Repositorio/IMARSIS/
Manual_PBP/imagen_Manual_PBP/medi1.png> <C:/Users/Karla/Desktop/Repositorio/IMA
RSIS/Manual_PBP/imagen_Manual_PBP/medi2.png>] <./imagen_Manual_PBP/inter.png, i
d=350, 791.20593pt x 170.88844pt>
File: ./imagen_Manual_PBP/inter.png Graphic file (type png)

<use ./imagen_Manual_PBP/inter.png>
Package pdftex.def Info: ./imagen_Manual_PBP/inter.png used on input line 498.
(pdftex.def)             Requested size: 427.43153pt x 92.3201pt.

Underfull \hbox (badness 10000) in paragraph at lines 506--507

 []

[17 <C:/Users/Karla/Desktop/Repositorio/IMARSIS/Manual_PBP/imagen_Manual_PBP/ti
pomedi.png> <C:/Users/Karla/Desktop/Repositorio/IMARSIS/Manual_PBP/imagen_Manua
l_PBP/inter.png>]
Cap\IeC {\'\i }tulo 4.
<imagen_Manual_PBP/antig.png, id=359, 249.18094pt x 429.85594pt>
File: imagen_Manual_PBP/antig.png Graphic file (type png)

<use imagen_Manual_PBP/antig.png>
Package pdftex.def Info: imagen_Manual_PBP/antig.png used on input line 520.
(pdftex.def)             Requested size: 341.94652pt x 589.93542pt.

<imagen_Manual_PBP/nueva.png, id=360, 256.70906pt x 414.79968pt>
File: imagen_Manual_PBP/nueva.png Graphic file (type png)

<use imagen_Manual_PBP/nueva.png>
Package pdftex.def Info: imagen_Manual_PBP/nueva.png used on input line 526.
(pdftex.def)             Requested size: 341.94652pt x 552.56909pt.

<imagen_Manual_PBP/nueva1.png, id=361, 267.24844pt x 425.33907pt>
File: imagen_Manual_PBP/nueva1.png Graphic file (type png)

<use imagen_Manual_PBP/nueva1.png>
Package pdftex.def Info: imagen_Manual_PBP/nueva1.png used on input line 533.
(pdftex.def)             Requested size: 341.94652pt x 544.28285pt.

<imagen_Manual_PBP/nuevo2.png, id=362, 265.74281pt x 420.82219pt>
File: imagen_Manual_PBP/nuevo2.png Graphic file (type png)

<use imagen_Manual_PBP/nuevo2.png>
Package pdftex.def Info: imagen_Manual_PBP/nuevo2.png used on input line 540.
(pdftex.def)             Requested size: 341.94652pt x 541.5401pt.
 [18

] [19 <C:/Users/Karla/Desktop/Repositorio/IMARSIS/Manual_PBP/imagen_Manual_PBP/
antig.png>] [20 <C:/Users/Karla/Desktop/Repositorio/IMARSIS/Manual_PBP/imagen_M
anual_PBP/nueva.png>] [21 <C:/Users/Karla/Desktop/Repositorio/IMARSIS/Manual_PB
P/imagen_Manual_PBP/nueva1.png>] [22 <C:/Users/Karla/Desktop/Repositorio/IMARSI
S/Manual_PBP/imagen_Manual_PBP/nuevo2.png>]
Cap\IeC {\'\i }tulo 5.
[23

] [24] [25]
Cap\IeC {\'\i }tulo 6.
[26

] (C:\Users\Karla\Desktop\Repositorio\IMARSIS\Manual_PBP\Manual_PBP.lof)
\tf@lof=\write6
Package atveryend Info: Empty hook `BeforeClearDocument' on input line 668.
pdfTeX warning (ext4): destination with the same identifier (name{page.1}) has 
been already used, duplicate ignored
<to be read again> 
                   \relax 
l.668 \end{document}
                     [1


]
Package atveryend Info: Empty hook `AfterLastShipout' on input line 668.

(C:\Users\Karla\Desktop\Repositorio\IMARSIS\Manual_PBP\Manual_PBP.aux)
Package atveryend Info: Executing hook `AtVeryEndDocument' on input line 668.
Package atveryend Info: Executing hook `AtEndAfterFileList' on input line 668.
Package rerunfilecheck Info: File `Manual_PBP.out' has not changed.
(rerunfilecheck)             Checksum: 4375F20449307D44D19A21C3EE316D52;2382.


LaTeX Warning: There were multiply-defined labels.

 ) 
Here is how much of TeX's memory you used:
 8435 strings out of 494045
 115241 string characters out of 3148387
 304384 words of memory out of 3000000
 11428 multiletter control sequences out of 15000+200000
 12139 words of font info for 48 fonts, out of 3000000 for 9000
 715 hyphenation exceptions out of 8191
 29i,13n,43p,593b,456s stack positions out of 5000i,500n,10000p,200000b,50000s
<D:/MiKTeX 2.9/fonts/type1/public/amsfonts/cm/cmbx10.pfb><D:/MiKTeX 2.9/fonts
/type1/public/amsfonts/cm/cmbx12.pfb><D:/MiKTeX 2.9/fonts/type1/public/amsfonts
/cm/cmr10.pfb><D:/MiKTeX 2.9/fonts/type1/public/amsfonts/cm/cmr12.pfb><D:/MiKTe
X 2.9/fonts/type1/public/amsfonts/cm/cmr9.pfb><D:/MiKTeX 2.9/fonts/type1/public
/amsfonts/cm/cmsy10.pfb><D:/MiKTeX 2.9/fonts/type1/public/amsfonts/cm/cmsy8.pfb
><D:/MiKTeX 2.9/fonts/type1/public/amsfonts/cm/cmtt10.pfb>
Output written on Manual_PBP.pdf (28 pages, 3594647 bytes).
PDF statistics:
 503 PDF objects out of 1000 (max. 8388607)
 123 named destinations out of 1000 (max. 500000)
 438 words of extra memory for PDF output out of 10000 (max. 10000000)

